2024-04-09 20:25:23,618 [INFO] Activator:176 - 


2024-04-09 20:25:23,625 [INFO] Activator:177 - !SESSION log4j initialized
2024-04-09 20:25:27,320 [INFO] LogOutputStream:77 - [STDOUT_REDIRECT] 
2024-04-09 20:25:30,735 [INFO] ApplicationProperties:184 - Using Application install path: C:\ST\STM32CubeIDE_1.14.1\STM32CubeIDE\plugins\com.st.stm32cube.common.mx_6.10.0.202311202037
2024-04-09 20:25:30,757 [INFO] DbMcusXml:78 - Set database path to: C:\ST\STM32CubeIDE_1.14.1\STM32CubeIDE\plugins\com.st.stm32cube.common.mx_6.10.0.202311202037\\db\/mcu/
2024-04-09 20:25:30,758 [INFO] ApiDb:274 - Set plugin database path to: C:\ST\STM32CubeIDE_1.14.1\STM32CubeIDE\plugins\com.st.stm32cube.common.mx_6.10.0.202311202037\\db\/plugins/boardmanager/
2024-04-09 20:25:30,758 [WARN] ApiDb:259 - Overriding images path with different value:  => C:\ST\STM32CubeIDE_1.14.1\STM32CubeIDE\plugins\com.st.stm32cube.common.mx_6.10.0.202311202037\\db\/plugins/mcufinder/images/
2024-04-09 20:25:30,773 [INFO] ApiDb:250 - Set database path to: C:\Users\myhg1\.stmcufinder\plugins\mcufinder//mcu/
2024-04-09 20:25:30,774 [INFO] DbMcusAds:125 - Set database path to: C:\Users\myhg1\.stmcufinder\plugins\mcufinder//mcu/
2024-04-09 20:25:30,775 [INFO] CrossReferenceDbSqlite:203 - Set database path to: C:\Users\myhg1\.stmcufinder\plugins\mcufinder//mcu/cs/
2024-04-09 20:25:30,882 [INFO] RulesReader:64 - Compatibility file has been processed (297 Rules)
2024-04-09 20:25:30,986 [INFO] DbMcusXml:78 - Set database path to: C:\ST\STM32CubeIDE_1.14.1\STM32CubeIDE\plugins\com.st.stm32cube.common.mx_6.10.0.202311202037\\db\/mcu/
2024-04-09 20:25:30,986 [INFO] ApiDb:274 - Set plugin database path to: C:\ST\STM32CubeIDE_1.14.1\STM32CubeIDE\plugins\com.st.stm32cube.common.mx_6.10.0.202311202037\\db\/plugins/boardmanager/
2024-04-09 20:25:30,986 [INFO] ApiDb:261 - Set plugin images path to: C:\ST\STM32CubeIDE_1.14.1\STM32CubeIDE\plugins\com.st.stm32cube.common.mx_6.10.0.202311202037\\db\/plugins/mcufinder/images/
2024-04-09 20:25:30,986 [WARN] DbFile:41 - Overriding database path with different value: C:\Users\myhg1\.stmcufinder\plugins\mcufinder/ => C:\Users\myhg1\.stmcufinder\plugins\mcufinder
2024-04-09 20:25:30,986 [INFO] ApiDb:250 - Set database path to: C:\Users\myhg1\.stmcufinder\plugins\mcufinder//mcu/
2024-04-09 20:25:30,986 [WARN] DbFile:41 - Overriding database path with different value: C:\Users\myhg1\.stmcufinder\plugins\mcufinder/ => C:\Users\myhg1\.stmcufinder\plugins\mcufinder
2024-04-09 20:25:30,987 [INFO] DbMcusAds:125 - Set database path to: C:\Users\myhg1\.stmcufinder\plugins\mcufinder//mcu/
2024-04-09 20:25:30,987 [WARN] DbFile:41 - Overriding database path with different value: C:\Users\myhg1\.stmcufinder\plugins\mcufinder/ => C:\Users\myhg1\.stmcufinder\plugins\mcufinder
2024-04-09 20:25:30,987 [WARN] DbFile:41 - Overriding database path with different value: C:\Users\myhg1\.stmcufinder\plugins\mcufinder/ => C:\Users\myhg1\.stmcufinder\plugins\mcufinder
2024-04-09 20:25:30,987 [INFO] CrossReferenceDbSqlite:203 - Set database path to: C:\Users\myhg1\.stmcufinder\plugins\mcufinder//mcu/cs/
2024-04-09 20:25:31,081 [INFO] MainPanel:264 - HeapMemory: 268435456
2024-04-09 20:25:31,186 [INFO] DbMcusXml:78 - Set database path to: C:\ST\STM32CubeIDE_1.14.1\STM32CubeIDE\plugins\com.st.stm32cube.common.mx_6.10.0.202311202037\\db\/mcu/
2024-04-09 20:25:31,186 [INFO] ApiDb:274 - Set plugin database path to: C:\ST\STM32CubeIDE_1.14.1\STM32CubeIDE\plugins\com.st.stm32cube.common.mx_6.10.0.202311202037\\db\/plugins/boardmanager/
2024-04-09 20:25:31,186 [INFO] ApiDb:261 - Set plugin images path to: C:\ST\STM32CubeIDE_1.14.1\STM32CubeIDE\plugins\com.st.stm32cube.common.mx_6.10.0.202311202037\\db\/plugins/mcufinder/images/
2024-04-09 20:25:31,186 [WARN] DbFile:41 - Overriding database path with different value: C:\Users\myhg1\.stmcufinder\plugins\mcufinder/ => C:\Users\myhg1\.stmcufinder\plugins\mcufinder
2024-04-09 20:25:31,186 [INFO] ApiDb:250 - Set database path to: C:\Users\myhg1\.stmcufinder\plugins\mcufinder//mcu/
2024-04-09 20:25:31,186 [WARN] DbFile:41 - Overriding database path with different value: C:\Users\myhg1\.stmcufinder\plugins\mcufinder/ => C:\Users\myhg1\.stmcufinder\plugins\mcufinder
2024-04-09 20:25:31,186 [INFO] DbMcusAds:125 - Set database path to: C:\Users\myhg1\.stmcufinder\plugins\mcufinder//mcu/
2024-04-09 20:25:31,188 [WARN] DbFile:41 - Overriding database path with different value: C:\Users\myhg1\.stmcufinder\plugins\mcufinder/ => C:\Users\myhg1\.stmcufinder\plugins\mcufinder
2024-04-09 20:25:31,188 [WARN] DbFile:41 - Overriding database path with different value: C:\Users\myhg1\.stmcufinder\plugins\mcufinder/ => C:\Users\myhg1\.stmcufinder\plugins\mcufinder
2024-04-09 20:25:31,188 [INFO] CrossReferenceDbSqlite:203 - Set database path to: C:\Users\myhg1\.stmcufinder\plugins\mcufinder//mcu/cs/
2024-04-09 20:25:31,220 [INFO] ApplicationProperties:184 - Using Application install path: C:\ST\STM32CubeIDE_1.14.1\STM32CubeIDE\plugins\com.st.stm32cube.common.mx_6.10.0.202311202037
2024-04-09 20:25:31,223 [INFO] PluginManage:196 - Search for loadable plugins [exclusion list=, ]
2024-04-09 20:25:31,225 [INFO] PluginManage:310 - Check plugin analytics
2024-04-09 20:25:31,483 [INFO] AnalyticsPlugin:253 - Accepted Software Licenses: 
2024-04-09 20:25:31,483 [INFO] AnalyticsPlugin:255 - Accepted CMSIS Pack Licenses: 
2024-04-09 20:25:31,484 [INFO] AnalyticsPlugin:257 - Accepted Firmware Licenses: FW.F4.1.28.0
2024-04-09 20:25:31,488 [INFO] PluginManage:359 - Loaded plugin analytics (category:tool,tabindex:-1)
2024-04-09 20:25:31,488 [INFO] PluginManage:310 - Check plugin cadmodel
2024-04-09 20:25:31,525 [INFO] CADModel:105 - Init CAD model plugin
2024-04-09 20:25:31,525 [INFO] PluginManage:359 - Loaded plugin cadmodel (category:power,tabindex:5)
2024-04-09 20:25:31,527 [INFO] PluginManage:310 - Check plugin clock
2024-04-09 20:25:31,561 [INFO] PluginManage:359 - Loaded plugin clock (category:base,tabindex:2)
2024-04-09 20:25:31,562 [INFO] PluginManage:310 - Check plugin ddr
2024-04-09 20:25:31,567 [INFO] PluginManage:359 - Loaded plugin ddr (category:tool,tabindex:6)
2024-04-09 20:25:31,567 [INFO] PluginManage:310 - Check plugin filemanager
2024-04-09 20:25:31,802 [INFO] PluginManage:359 - Loaded plugin filemanager (category:base,tabindex:10)
2024-04-09 20:25:31,803 [INFO] PluginManage:310 - Check plugin ipmanager
2024-04-09 20:25:31,821 [INFO] PluginManage:359 - Loaded plugin ipmanager (category:base,tabindex:5)
2024-04-09 20:25:31,821 [INFO] PluginManage:310 - Check plugin lpbam
2024-04-09 20:25:31,851 [INFO] PluginManage:359 - Loaded plugin lpbam (category:base,tabindex:0)
2024-04-09 20:25:31,852 [INFO] PluginManage:310 - Check plugin memorymap
2024-04-09 20:25:31,892 [INFO] PluginManage:359 - Loaded plugin memorymap (category:base,tabindex:4)
2024-04-09 20:25:31,893 [INFO] PluginManage:310 - Check plugin pinoutandconfiguration
2024-04-09 20:25:31,927 [INFO] PluginManage:359 - Loaded plugin pinoutandconfiguration (category:base,tabindex:1)
2024-04-09 20:25:31,927 [INFO] PluginManage:310 - Check plugin pinoutconfig
2024-04-09 20:25:32,126 [WARN] SupportedApi:132 - Cannot load RTOS API schema: s4s-elt-must-match.1: The content of 'definitions' must match (annotation?, (simpleType | complexType)?, (unique | key | keyref)*)). A problem was found starting at: attribute.
2024-04-09 20:25:32,369 [INFO] PluginManage:359 - Loaded plugin pinoutconfig (category:base,tabindex:0)
2024-04-09 20:25:32,369 [INFO] PluginManage:310 - Check plugin power
2024-04-09 20:25:32,420 [INFO] PluginManage:359 - Loaded plugin power (category:power,tabindex:4)
2024-04-09 20:25:32,420 [INFO] PluginManage:310 - Check plugin projectmanager
2024-04-09 20:25:32,443 [INFO] PluginManage:359 - Loaded plugin projectmanager (category:projectmanager,tabindex:3)
2024-04-09 20:25:32,443 [INFO] PluginManage:310 - Check plugin thirdparty
2024-04-09 20:25:32,728 [WARN] IntegrityCheckThread:84 - waiting for thirdparty lock release [integrity check]
2024-04-09 20:25:32,728 [INFO] PluginManage:359 - Loaded plugin thirdparty (category:base,tabindex:-1)
2024-04-09 20:25:32,728 [INFO] IntegrityCheckThread:86 - entering critical section [integrity check]
2024-04-09 20:25:32,729 [INFO] PluginManage:310 - Check plugin tools
2024-04-09 20:25:32,729 [INFO] ThirdPartyUpdaterWithRetryManager:70 - Updater plugin not ready yet. [1/15]
2024-04-09 20:25:32,743 [INFO] PluginManage:359 - Loaded plugin tools (category:base,tabindex:7)
2024-04-09 20:25:32,743 [INFO] PluginManage:310 - Check plugin tutovideos
2024-04-09 20:25:33,071 [INFO] PluginManage:359 - Loaded plugin tutovideos (category:base,tabindex:-1)
2024-04-09 20:25:33,072 [INFO] PluginManage:310 - Check plugin updater
2024-04-09 20:25:33,089 [INFO] PluginManage:359 - Loaded plugin updater (category:base,tabindex:12)
2024-04-09 20:25:33,089 [INFO] PluginManage:310 - Check plugin userauth
2024-04-09 20:25:33,099 [INFO] UserAuth:114 - Init User Auth plugin
2024-04-09 20:25:33,099 [INFO] PluginManage:359 - Loaded plugin userauth (category:base,tabindex:14)
2024-04-09 20:25:33,099 [INFO] PluginManage:283 - PluginManage : Loaded plugins [17]
2024-04-09 20:25:33,471 [INFO] PinOutPanel:1499 - setPackage(No Configuration,No Configuration)
2024-04-09 20:25:33,587 [INFO] CADModel:165 - CPN selected for project level
2024-04-09 20:25:33,587 [INFO] CADModel:114 - Register for checkConnection events
2024-04-09 20:25:33,628 [INFO] IPUIPlugin:80 - create IPUIPlugin
2024-04-09 20:25:33,628 [INFO] PluginManager:220 - loadIPPluginJar : add adc
2024-04-09 20:25:33,648 [INFO] IPUIPlugin:80 - create IPUIPlugin
2024-04-09 20:25:33,648 [INFO] PluginManager:220 - loadIPPluginJar : add aes
2024-04-09 20:25:33,668 [INFO] IPUIPlugin:80 - create IPUIPlugin
2024-04-09 20:25:33,668 [INFO] PluginManager:220 - loadIPPluginJar : add can
2024-04-09 20:25:33,679 [INFO] IPUIPlugin:80 - create IPUIPlugin
2024-04-09 20:25:33,680 [INFO] PluginManager:220 - loadIPPluginJar : add comp
2024-04-09 20:25:33,696 [INFO] IPUIPlugin:80 - create IPUIPlugin
2024-04-09 20:25:33,696 [INFO] PluginManager:220 - loadIPPluginJar : add cryp
2024-04-09 20:25:33,708 [INFO] IPUIPlugin:80 - create IPUIPlugin
2024-04-09 20:25:33,708 [INFO] PluginManager:220 - loadIPPluginJar : add dfsdm
2024-04-09 20:25:33,733 [INFO] IPUIPlugin:80 - create IPUIPlugin
2024-04-09 20:25:33,733 [INFO] PluginManager:220 - loadIPPluginJar : add dma
2024-04-09 20:25:33,747 [INFO] IPUIPlugin:80 - create IPUIPlugin
2024-04-09 20:25:33,748 [INFO] PluginManager:220 - loadIPPluginJar : add dma3
2024-04-09 20:25:33,755 [INFO] IPUIPlugin:80 - create IPUIPlugin
2024-04-09 20:25:33,756 [INFO] PluginManager:220 - loadIPPluginJar : add fatfs
2024-04-09 20:25:33,776 [INFO] IPUIPlugin:80 - create IPUIPlugin
2024-04-09 20:25:33,776 [INFO] PluginManager:220 - loadIPPluginJar : add fmc
2024-04-09 20:25:33,813 [INFO] IPUIPlugin:80 - create IPUIPlugin
2024-04-09 20:25:33,816 [INFO] PluginManager:220 - loadIPPluginJar : add freertos
2024-04-09 20:25:33,823 [INFO] IPUIPlugin:80 - create IPUIPlugin
2024-04-09 20:25:33,823 [INFO] PluginManager:220 - loadIPPluginJar : add genericplugin
2024-04-09 20:25:33,835 [INFO] IPUIPlugin:80 - create IPUIPlugin
2024-04-09 20:25:33,835 [INFO] PluginManager:220 - loadIPPluginJar : add gfxmmu
2024-04-09 20:25:33,859 [INFO] IPUIPlugin:80 - create IPUIPlugin
2024-04-09 20:25:33,860 [INFO] PluginManager:220 - loadIPPluginJar : add gic
2024-04-09 20:25:33,882 [INFO] IPUIPlugin:80 - create IPUIPlugin
2024-04-09 20:25:33,883 [INFO] PluginManager:220 - loadIPPluginJar : add gpio
2024-04-09 20:25:33,901 [INFO] IPUIPlugin:80 - create IPUIPlugin
2024-04-09 20:25:33,901 [INFO] PluginManager:220 - loadIPPluginJar : add gtzc
2024-04-09 20:25:33,916 [INFO] IPUIPlugin:80 - create IPUIPlugin
2024-04-09 20:25:33,916 [INFO] PluginManager:220 - loadIPPluginJar : add hash
2024-04-09 20:25:33,936 [INFO] IPUIPlugin:80 - create IPUIPlugin
2024-04-09 20:25:33,936 [INFO] PluginManager:220 - loadIPPluginJar : add i2c
2024-04-09 20:25:33,954 [INFO] IPUIPlugin:80 - create IPUIPlugin
2024-04-09 20:25:33,954 [INFO] PluginManager:220 - loadIPPluginJar : add i2s
2024-04-09 20:25:33,972 [INFO] IPUIPlugin:80 - create IPUIPlugin
2024-04-09 20:25:33,972 [INFO] PluginManager:220 - loadIPPluginJar : add i3c
2024-04-09 20:25:33,995 [INFO] IPUIPlugin:80 - create IPUIPlugin
2024-04-09 20:25:33,995 [INFO] PluginManager:220 - loadIPPluginJar : add ipddr
2024-04-09 20:25:34,025 [INFO] IPUIPlugin:80 - create IPUIPlugin
2024-04-09 20:25:34,025 [INFO] PluginManager:220 - loadIPPluginJar : add linkedlist
2024-04-09 20:25:34,038 [INFO] IPUIPlugin:80 - create IPUIPlugin
2024-04-09 20:25:34,038 [INFO] PluginManager:220 - loadIPPluginJar : add lorawan
2024-04-09 20:25:34,053 [INFO] IPUIPlugin:80 - create IPUIPlugin
2024-04-09 20:25:34,054 [INFO] PluginManager:220 - loadIPPluginJar : add ltdc
2024-04-09 20:25:34,073 [INFO] IPUIPlugin:80 - create IPUIPlugin
2024-04-09 20:25:34,073 [INFO] PluginManager:220 - loadIPPluginJar : add mdma
2024-04-09 20:25:34,093 [INFO] IPUIPlugin:80 - create IPUIPlugin
2024-04-09 20:25:34,094 [INFO] PluginManager:220 - loadIPPluginJar : add nvic
2024-04-09 20:25:34,111 [INFO] IPUIPlugin:80 - create IPUIPlugin
2024-04-09 20:25:34,111 [INFO] PluginManager:220 - loadIPPluginJar : add opamp
2024-04-09 20:25:34,128 [INFO] IPUIPlugin:80 - create IPUIPlugin
2024-04-09 20:25:34,128 [INFO] PluginManager:220 - loadIPPluginJar : add openamp
2024-04-09 20:25:34,143 [INFO] IPUIPlugin:80 - create IPUIPlugin
2024-04-09 20:25:34,143 [INFO] PluginManager:220 - loadIPPluginJar : add pdm2pcm
2024-04-09 20:25:34,170 [INFO] IPUIPlugin:80 - create IPUIPlugin
2024-04-09 20:25:34,172 [INFO] PluginManager:220 - loadIPPluginJar : add plateformsettings
2024-04-09 20:25:34,180 [INFO] IPUIPlugin:80 - create IPUIPlugin
2024-04-09 20:25:34,180 [INFO] PluginManager:220 - loadIPPluginJar : add quadspi
2024-04-09 20:25:34,203 [INFO] IPUIPlugin:80 - create IPUIPlugin
2024-04-09 20:25:34,203 [INFO] PluginManager:220 - loadIPPluginJar : add resmgrutility
2024-04-09 20:25:34,221 [INFO] IPUIPlugin:80 - create IPUIPlugin
2024-04-09 20:25:34,221 [INFO] PluginManager:220 - loadIPPluginJar : add sai
2024-04-09 20:25:34,238 [INFO] IPUIPlugin:80 - create IPUIPlugin
2024-04-09 20:25:34,238 [INFO] PluginManager:220 - loadIPPluginJar : add spi
2024-04-09 20:25:34,265 [INFO] IPUIPlugin:80 - create IPUIPlugin
2024-04-09 20:25:34,266 [INFO] PluginManager:220 - loadIPPluginJar : add stm32_wpan
2024-04-09 20:25:34,276 [INFO] IPUIPlugin:80 - create IPUIPlugin
2024-04-09 20:25:34,276 [INFO] PluginManager:220 - loadIPPluginJar : add tim
2024-04-09 20:25:34,298 [INFO] IPUIPlugin:80 - create IPUIPlugin
2024-04-09 20:25:34,298 [INFO] PluginManager:220 - loadIPPluginJar : add touchsensing
2024-04-09 20:25:34,312 [INFO] IPUIPlugin:80 - create IPUIPlugin
2024-04-09 20:25:34,312 [INFO] PluginManager:220 - loadIPPluginJar : add tracer_emb
2024-04-09 20:25:34,322 [INFO] IPUIPlugin:80 - create IPUIPlugin
2024-04-09 20:25:34,322 [INFO] PluginManager:220 - loadIPPluginJar : add ts
2024-04-09 20:25:34,331 [INFO] IPUIPlugin:80 - create IPUIPlugin
2024-04-09 20:25:34,331 [INFO] PluginManager:220 - loadIPPluginJar : add tsc
2024-04-09 20:25:34,341 [INFO] IPUIPlugin:80 - create IPUIPlugin
2024-04-09 20:25:34,342 [INFO] PluginManager:220 - loadIPPluginJar : add ucpd
2024-04-09 20:25:34,360 [INFO] IPUIPlugin:80 - create IPUIPlugin
2024-04-09 20:25:34,360 [INFO] PluginManager:220 - loadIPPluginJar : add usart
2024-04-09 20:25:34,378 [INFO] IPUIPlugin:80 - create IPUIPlugin
2024-04-09 20:25:34,378 [INFO] PluginManager:220 - loadIPPluginJar : add usbx
2024-04-09 20:25:34,520 [INFO] CADModel:165 - CPN selected for project level
2024-04-09 20:25:34,520 [INFO] CADModel:114 - Register for checkConnection events
2024-04-09 20:25:34,520 [FATAL] Updater:308 - Updater called before beeing initialized
2024-04-09 20:25:34,520 [ERROR] CADModel:125 - Updater not yet initialized, retry later 
2024-04-09 20:25:34,674 [INFO] CADModel:165 - CPN selected for project level
2024-04-09 20:25:34,674 [INFO] CADModel:114 - Register for checkConnection events
2024-04-09 20:25:34,674 [FATAL] Updater:308 - Updater called before beeing initialized
2024-04-09 20:25:34,674 [ERROR] CADModel:125 - Updater not yet initialized, retry later 
2024-04-09 20:25:34,678 [FATAL] Updater:308 - Updater called before beeing initialized
2024-04-09 20:25:34,801 [FATAL] Updater:308 - Updater called before beeing initialized
2024-04-09 20:25:34,809 [INFO] DbMcusAds:53 - JSON generation date=Wed Nov 29 19:52:27 KST 2023 (1701255147349)
2024-04-09 20:25:34,810 [FATAL] Updater:308 - Updater called before beeing initialized
2024-04-09 20:25:34,855 [WARN] DetailPanel:346 - Failed to get advertising image, set to default
2024-04-09 20:25:34,942 [FATAL] Updater:308 - Updater called before beeing initialized
2024-04-09 20:25:34,944 [FATAL] Updater:308 - Updater called before beeing initialized
2024-04-09 20:25:34,944 [FATAL] Updater:308 - Updater called before beeing initialized
2024-04-09 20:25:34,944 [WARN] DetailPanel:346 - Failed to get advertising image, set to default
2024-04-09 20:25:34,945 [FATAL] Updater:308 - Updater called before beeing initialized
2024-04-09 20:25:35,008 [ERROR] Updater:1120 - MainUpdater not yet initialized. External WinMGr cannot be set.
2024-04-09 20:25:35,016 [INFO] Updater:1056 - Updater Version found : 6.10.0
2024-04-09 20:25:35,041 [INFO] ApplicationProperties:184 - Using Application install path: C:\ST\STM32CubeIDE_1.14.1\STM32CubeIDE\plugins\com.st.stm32cube.common.mx_6.10.0.202311202037
2024-04-09 20:25:35,731 [INFO] ThirdPartyUpdaterWithRetryManager:70 - Updater plugin not ready yet. [2/15]
2024-04-09 20:25:36,630 [ERROR] LogOutputStream:75 - [STDERR_REDIRECT] Apr 09, 2024 8:25:36 PM java.util.prefs.WindowsPreferences <init>
2024-04-09 20:25:36,632 [ERROR] LogOutputStream:75 - [STDERR_REDIRECT] WARNING: Could not open/create prefs root node Software\JavaSoft\Prefs at root 0xffffffff80000002. Windows RegCreateKeyEx(...) returned error code 5.
2024-04-09 20:25:36,632 [ERROR] LogOutputStream:75 - [STDERR_REDIRECT] 
2024-04-09 20:25:37,222 [INFO] MainUpdater:2873 - connection check result : 10
2024-04-09 20:25:37,223 [INFO] MainUpdater:290 - Updater Check For Update Now.
2024-04-09 20:25:37,224 [INFO] MicroXplorer:498 - Change Database Version : DB.6.0.100
2024-04-09 20:25:37,248 [INFO] McuFinderGlobals:63 - Set McuFinder mode to 2 (CubeIDE integrated)
2024-04-09 20:25:37,436 [INFO] CheckServerUpdateThread:120 - End of CheckServer Thread
2024-04-09 20:25:37,604 [INFO] UserAuth:404 - Internet connection configuration mode: 1
2024-04-09 20:25:37,632 [INFO] JxBrowserEngine:152 - Initiate JxBrowser Engine with user profile folder
2024-04-09 20:25:38,984 [WARN] PackLoader:240 - Cannot read IP mode file for STMicroelectronics.X-CUBE-SMBUS.2.1.0
2024-04-09 20:25:38,995 [WARN] PackLoader:240 - Cannot read IP mode file for STMicroelectronics.X-CUBE-TOUCHGFX.4.23.1
2024-04-09 20:25:39,001 [WARN] PackLoader:240 - Cannot read IP mode file for STMicroelectronics.X-CUBE-TOUCHGFX.4.23.0
2024-04-09 20:25:39,008 [WARN] PackLoader:240 - Cannot read IP mode file for STMicroelectronics.X-CUBE-TOUCHGFX.4.23.2
2024-04-09 20:25:39,053 [WARN] PackLoader:240 - Cannot read IP mode file for STMicroelectronics.X-CUBE-AZRTOS-F7.1.1.0
2024-04-09 20:25:39,074 [WARN] PackLoader:240 - Cannot read IP mode file for STMicroelectronics.FP-SNS-MOTENV1.4.3.2
2024-04-09 20:25:39,088 [WARN] PackLoader:240 - Cannot read IP mode file for STMicroelectronics.FP-SNS-FLIGHT1.5.0.2
2024-04-09 20:25:39,102 [WARN] PackLoader:240 - Cannot read IP mode file for STMicroelectronics.X-CUBE-DISPLAY.3.0.0
2024-04-09 20:25:39,145 [WARN] PackLoader:240 - Cannot read IP mode file for STMicroelectronics.X-CUBE-BLE1.7.0.0
2024-04-09 20:25:39,156 [WARN] PackLoader:240 - Cannot read IP mode file for emotas.I-CUBE-CANOPEN.1.3.0
2024-04-09 20:25:39,175 [WARN] PackLoader:240 - Cannot read IP mode file for STMicroelectronics.X-CUBE-BLEMGR.3.1.0
2024-04-09 20:25:39,188 [WARN] PackLoader:240 - Cannot read IP mode file for STMicroelectronics.FP-SNS-SMARTAG2.1.2.0
2024-04-09 20:25:39,206 [INFO] LogOutputStream:77 - [STDOUT_REDIRECT] 1 : Invalid condition id : UX_CORESTACK_Condition cause : null
2024-04-09 20:25:39,208 [INFO] LogOutputStream:77 - [STDOUT_REDIRECT] 1 : Invalid condition id : UX_CORESTACK_Condition cause : null
2024-04-09 20:25:39,210 [INFO] LogOutputStream:77 - [STDOUT_REDIRECT] 1 : Invalid condition id : UX_CORESTACK_Condition cause : null
2024-04-09 20:25:39,212 [INFO] LogOutputStream:77 - [STDOUT_REDIRECT] 1 : Invalid condition id : UX_CORESTACK_Condition cause : null
2024-04-09 20:25:39,213 [INFO] LogOutputStream:77 - [STDOUT_REDIRECT] 1 : Invalid condition id : UX_CORESTACK_Condition cause : null
2024-04-09 20:25:39,217 [WARN] PackLoader:240 - Cannot read IP mode file for STMicroelectronics.X-CUBE-AZRTOS-WL.2.0.0
2024-04-09 20:25:39,226 [WARN] PackLoader:240 - Cannot read IP mode file for STMicroelectronics.FP-SNS-MOTENV1.5.0.0
2024-04-09 20:25:39,249 [WARN] PackLoader:240 - Cannot read IP mode file for WES.I-CUBE-Cesium.1.3.0
2024-04-09 20:25:39,269 [WARN] PackLoader:240 - Cannot read IP mode file for STMicroelectronics.X-CUBE-BLE2.3.3.0
2024-04-09 20:25:39,295 [WARN] PackLoader:240 - Cannot read IP mode file for STMicroelectronics.X-CUBE-ALGOBUILD.1.3.0
2024-04-09 20:25:39,384 [WARN] PackLoader:240 - Cannot read IP mode file for STMicroelectronics.X-CUBE-AZRTOS-G0.1.1.0
2024-04-09 20:25:39,414 [WARN] PackLoader:240 - Cannot read IP mode file for STMicroelectronics.X-CUBE-SAFEA1.1.2.2
2024-04-09 20:25:39,439 [WARN] PackLoader:240 - Cannot read IP mode file for STMicroelectronics.X-CUBE-NFC4.3.0.0
2024-04-09 20:25:39,541 [WARN] PackLoader:240 - Cannot read IP mode file for STMicroelectronics.FP-ATR-SIGFOX1.3.2.0
2024-04-09 20:25:39,569 [WARN] PackLoader:240 - Cannot read IP mode file for STMicroelectronics.X-CUBE-EEPRMA1.5.1.0
2024-04-09 20:25:39,956 [WARN] PackLoader:240 - Cannot read IP mode file for SEGGER.I-CUBE-embOS.1.3.1
2024-04-09 20:25:40,006 [WARN] PackLoader:240 - Cannot read IP mode file for STMicroelectronics.X-CUBE-GNSS1.6.0.0
2024-04-09 20:25:40,032 [WARN] PackLoader:240 - Cannot read IP mode file for STMicroelectronics.X-CUBE-AZRTOS-F4.1.1.0
2024-04-09 20:25:40,046 [WARN] PackLoader:240 - Cannot read IP mode file for wolfSSL.I-CUBE-wolfSSL.5.6.6
2024-04-09 20:25:40,069 [WARN] PackLoader:240 - Cannot read IP mode file for STMicroelectronics.X-CUBE-AZRTOS-L5.2.0.0
2024-04-09 20:25:40,102 [WARN] PackLoader:240 - Cannot read IP mode file for STMicroelectronics.X-CUBE-NFC6.3.1.0
2024-04-09 20:25:40,117 [WARN] PackLoader:240 - Cannot read IP mode file for ITTIA_DB.I-CUBE-ITTIADB.8.8.0
2024-04-09 20:25:40,126 [INFO] WebApp:161 - Instantiating new browser for Auth
2024-04-09 20:25:40,134 [WARN] PackLoader:240 - Cannot read IP mode file for STMicroelectronics.X-CUBE-NFC7.1.0.1
2024-04-09 20:25:40,157 [WARN] PackLoader:240 - Cannot read IP mode file for STMicroelectronics.X-CUBE-NFC6.3.0.0
2024-04-09 20:25:40,183 [WARN] PackLoader:240 - Cannot read IP mode file for STMicroelectronics.X-CUBE-AI.8.1.0
2024-04-09 20:25:40,210 [WARN] ConditionMgr:438 - getConditionDescription Invalid condition id : LAN8742 Phy interface Condition cause : null
2024-04-09 20:25:40,211 [WARN] PackLoader:240 - Cannot read IP mode file for STMicroelectronics.X-CUBE-AZRTOS-L4.2.0.0
2024-04-09 20:25:40,212 [WARN] ConditionMgr:1039 - genDependencies : Invalid condition id : LAN8742 Phy interface Condition cause : null
2024-04-09 20:25:40,213 [WARN] ConditionMgr:1039 - genDependencies : Invalid condition id : LAN8742 Phy interface Condition cause : null
2024-04-09 20:25:40,214 [WARN] ConditionMgr:1039 - genDependencies : Invalid condition id : LAN8742 Phy interface Condition cause : null
2024-04-09 20:25:40,257 [WARN] PackLoader:240 - Cannot read IP mode file for STMicroelectronics.X-CUBE-SFXS2LP1.4.0.0
2024-04-09 20:25:40,274 [WARN] ConditionMgr:438 - getConditionDescription Invalid condition id : UX DEVICE CLASS RTOS Condition cause : null
2024-04-09 20:25:40,274 [WARN] ConditionMgr:438 - getConditionDescription Invalid condition id : UX DEVICE CLASS RTOS Condition cause : null
2024-04-09 20:25:40,276 [WARN] PackLoader:240 - Cannot read IP mode file for STMicroelectronics.X-CUBE-AZRTOS-WB.2.0.0
2024-04-09 20:25:40,277 [WARN] ConditionMgr:1039 - genDependencies : Invalid condition id : UX DEVICE CLASS RTOS Condition cause : null
2024-04-09 20:25:40,277 [WARN] ConditionMgr:1039 - genDependencies : Invalid condition id : UX DEVICE CLASS RTOS Condition cause : null
2024-04-09 20:25:40,277 [WARN] ConditionMgr:1039 - genDependencies : Invalid condition id : UX DEVICE CLASS RTOS Condition cause : null
2024-04-09 20:25:40,277 [WARN] ConditionMgr:1039 - genDependencies : Invalid condition id : UX DEVICE CLASS RTOS Condition cause : null
2024-04-09 20:25:40,277 [WARN] ConditionMgr:1039 - genDependencies : Invalid condition id : UX DEVICE CLASS RTOS Condition cause : null
2024-04-09 20:25:40,292 [WARN] PackLoader:240 - Cannot read IP mode file for STMicroelectronics.X-CUBE-SUBG2.5.0.0
2024-04-09 20:25:40,315 [WARN] PackLoader:240 - Cannot read IP mode file for STMicroelectronics.X-CUBE-AZRTOS-G4.2.0.0
2024-04-09 20:25:40,338 [WARN] PackLoader:240 - Cannot read IP mode file for Infineon.AIROC-Wi-Fi-Bluetooth-STM32.1.5.1
2024-04-09 20:25:40,352 [WARN] PackLoader:240 - Cannot read IP mode file for STMicroelectronics.FP-SNS-MOTENVWB1.1.3.1
2024-04-09 20:25:40,366 [WARN] PackLoader:240 - Cannot read IP mode file for STMicroelectronics.X-CUBE-ISPU.2.0.0
2024-04-09 20:25:40,491 [WARN] PackLoader:240 - Cannot read IP mode file for STMicroelectronics.X-CUBE-MEMS1.10.0.0
2024-04-09 20:25:40,601 [WARN] PackLoader:240 - Cannot read IP mode file for STMicroelectronics.X-CUBE-FREERTOS.1.1.0
2024-04-09 20:25:40,612 [WARN] PackLoader:240 - Cannot read IP mode file for portGmbH.I-Cube-SoM-uGOAL.1.1.0
2024-04-09 20:25:40,621 [WARN] PackLoader:240 - Cannot read IP mode file for STMicroelectronics.X-CUBE-ALS.1.0.1
2024-04-09 20:25:40,629 [WARN] PackLoader:240 - Cannot read IP mode file for STMicroelectronics.FP-ATR-ASTRA1.2.0.0
2024-04-09 20:25:40,641 [WARN] PackLoader:240 - Cannot read IP mode file for STMicroelectronics.X-CUBE-TOF1.3.4.1
2024-04-09 20:25:40,673 [WARN] PackLoader:240 - Cannot read IP mode file for STMicroelectronics.X-CUBE-AZRTOS-H7.3.2.0
2024-04-09 20:25:40,674 [INFO] ThirdParty:978 - Integrity check success = true
2024-04-09 20:25:40,675 [INFO] IntegrityCheckThread:100 - exiting critical section [integrity check]
2024-04-09 20:25:40,675 [INFO] IntegrityCheckThread:103 - End integrity checks thread
2024-04-09 20:25:41,173 [INFO] WebApp:780 - Register for checkConnection events
2024-04-09 20:25:41,174 [INFO] WebApp:414 - Apply proxy settings
2024-04-09 20:25:41,174 [INFO] WebApp:499 - Chromium requires no authentication
2024-04-09 20:25:41,183 [INFO] WebApp:442 - Direct internet connection detected
2024-04-09 20:25:41,337 [INFO] WebApp:192 - Starting web application
2024-04-09 20:25:41,338 [INFO] WebApp:544 - Web application path used C:\ST\STM32CubeIDE_1.14.1\STM32CubeIDE\plugins\com.st.stm32cube.common.mx_6.10.0.202311202037\db\plugins\mcufinder\reactClient1\index.html
2024-04-09 20:26:02,554 [ERROR] LogOutputStream:75 - [STDERR_REDIRECT] SLF4J: Failed to load class "org.slf4j.impl.StaticLoggerBinder".
2024-04-09 20:26:02,556 [ERROR] LogOutputStream:75 - [STDERR_REDIRECT] SLF4J: Defaulting to no-operation (NOP) logger implementation
2024-04-09 20:26:02,557 [ERROR] LogOutputStream:75 - [STDERR_REDIRECT] SLF4J: See http://www.slf4j.org/codes.html#StaticLoggerBinder for further details.
2024-04-09 20:37:39,604 [ERROR] LogOutputStream:75 - [STDERR_REDIRECT] 
2024-04-09 20:44:34,739 [INFO] Activator:176 - 


2024-04-09 20:44:34,741 [INFO] Activator:177 - !SESSION log4j initialized
2024-04-09 20:44:40,393 [INFO] LogOutputStream:77 - [STDOUT_REDIRECT] 
2024-04-09 20:45:33,788 [INFO] Activator:176 - 


2024-04-09 20:45:33,789 [INFO] Activator:177 - !SESSION log4j initialized
2024-04-09 20:45:39,601 [INFO] LogOutputStream:77 - [STDOUT_REDIRECT] 
2024-04-09 20:45:42,829 [INFO] ApplicationProperties:184 - Using Application install path: C:\ST\STM32CubeIDE_1.14.1\STM32CubeIDE\plugins\com.st.stm32cube.common.mx_6.10.0.202311202037
2024-04-09 20:45:42,858 [INFO] DbMcusXml:78 - Set database path to: C:\ST\STM32CubeIDE_1.14.1\STM32CubeIDE\plugins\com.st.stm32cube.common.mx_6.10.0.202311202037\\db\/mcu/
2024-04-09 20:45:42,859 [INFO] ApiDb:274 - Set plugin database path to: C:\ST\STM32CubeIDE_1.14.1\STM32CubeIDE\plugins\com.st.stm32cube.common.mx_6.10.0.202311202037\\db\/plugins/boardmanager/
2024-04-09 20:45:42,860 [WARN] ApiDb:259 - Overriding images path with different value:  => C:\ST\STM32CubeIDE_1.14.1\STM32CubeIDE\plugins\com.st.stm32cube.common.mx_6.10.0.202311202037\\db\/plugins/mcufinder/images/
2024-04-09 20:45:42,875 [INFO] ApiDb:250 - Set database path to: C:\Users\myhg1\.stmcufinder\plugins\mcufinder//mcu/
2024-04-09 20:45:42,877 [INFO] DbMcusAds:125 - Set database path to: C:\Users\myhg1\.stmcufinder\plugins\mcufinder//mcu/
2024-04-09 20:45:42,882 [INFO] CrossReferenceDbSqlite:203 - Set database path to: C:\Users\myhg1\.stmcufinder\plugins\mcufinder//mcu/cs/
2024-04-09 20:45:43,075 [INFO] RulesReader:64 - Compatibility file has been processed (297 Rules)
2024-04-09 20:45:43,281 [INFO] DbMcusXml:78 - Set database path to: C:\ST\STM32CubeIDE_1.14.1\STM32CubeIDE\plugins\com.st.stm32cube.common.mx_6.10.0.202311202037\\db\/mcu/
2024-04-09 20:45:43,281 [INFO] ApiDb:274 - Set plugin database path to: C:\ST\STM32CubeIDE_1.14.1\STM32CubeIDE\plugins\com.st.stm32cube.common.mx_6.10.0.202311202037\\db\/plugins/boardmanager/
2024-04-09 20:45:43,281 [INFO] ApiDb:261 - Set plugin images path to: C:\ST\STM32CubeIDE_1.14.1\STM32CubeIDE\plugins\com.st.stm32cube.common.mx_6.10.0.202311202037\\db\/plugins/mcufinder/images/
2024-04-09 20:45:43,281 [WARN] DbFile:41 - Overriding database path with different value: C:\Users\myhg1\.stmcufinder\plugins\mcufinder/ => C:\Users\myhg1\.stmcufinder\plugins\mcufinder
2024-04-09 20:45:43,282 [INFO] ApiDb:250 - Set database path to: C:\Users\myhg1\.stmcufinder\plugins\mcufinder//mcu/
2024-04-09 20:45:43,282 [WARN] DbFile:41 - Overriding database path with different value: C:\Users\myhg1\.stmcufinder\plugins\mcufinder/ => C:\Users\myhg1\.stmcufinder\plugins\mcufinder
2024-04-09 20:45:43,282 [INFO] DbMcusAds:125 - Set database path to: C:\Users\myhg1\.stmcufinder\plugins\mcufinder//mcu/
2024-04-09 20:45:43,282 [WARN] DbFile:41 - Overriding database path with different value: C:\Users\myhg1\.stmcufinder\plugins\mcufinder/ => C:\Users\myhg1\.stmcufinder\plugins\mcufinder
2024-04-09 20:45:43,282 [WARN] DbFile:41 - Overriding database path with different value: C:\Users\myhg1\.stmcufinder\plugins\mcufinder/ => C:\Users\myhg1\.stmcufinder\plugins\mcufinder
2024-04-09 20:45:43,282 [INFO] CrossReferenceDbSqlite:203 - Set database path to: C:\Users\myhg1\.stmcufinder\plugins\mcufinder//mcu/cs/
2024-04-09 20:45:43,444 [INFO] MainPanel:264 - HeapMemory: 268435456
2024-04-09 20:45:43,638 [INFO] DbMcusXml:78 - Set database path to: C:\ST\STM32CubeIDE_1.14.1\STM32CubeIDE\plugins\com.st.stm32cube.common.mx_6.10.0.202311202037\\db\/mcu/
2024-04-09 20:45:43,638 [INFO] ApiDb:274 - Set plugin database path to: C:\ST\STM32CubeIDE_1.14.1\STM32CubeIDE\plugins\com.st.stm32cube.common.mx_6.10.0.202311202037\\db\/plugins/boardmanager/
2024-04-09 20:45:43,638 [INFO] ApiDb:261 - Set plugin images path to: C:\ST\STM32CubeIDE_1.14.1\STM32CubeIDE\plugins\com.st.stm32cube.common.mx_6.10.0.202311202037\\db\/plugins/mcufinder/images/
2024-04-09 20:45:43,639 [WARN] DbFile:41 - Overriding database path with different value: C:\Users\myhg1\.stmcufinder\plugins\mcufinder/ => C:\Users\myhg1\.stmcufinder\plugins\mcufinder
2024-04-09 20:45:43,640 [INFO] ApiDb:250 - Set database path to: C:\Users\myhg1\.stmcufinder\plugins\mcufinder//mcu/
2024-04-09 20:45:43,640 [WARN] DbFile:41 - Overriding database path with different value: C:\Users\myhg1\.stmcufinder\plugins\mcufinder/ => C:\Users\myhg1\.stmcufinder\plugins\mcufinder
2024-04-09 20:45:43,640 [INFO] DbMcusAds:125 - Set database path to: C:\Users\myhg1\.stmcufinder\plugins\mcufinder//mcu/
2024-04-09 20:45:43,640 [WARN] DbFile:41 - Overriding database path with different value: C:\Users\myhg1\.stmcufinder\plugins\mcufinder/ => C:\Users\myhg1\.stmcufinder\plugins\mcufinder
2024-04-09 20:45:43,641 [WARN] DbFile:41 - Overriding database path with different value: C:\Users\myhg1\.stmcufinder\plugins\mcufinder/ => C:\Users\myhg1\.stmcufinder\plugins\mcufinder
2024-04-09 20:45:43,641 [INFO] CrossReferenceDbSqlite:203 - Set database path to: C:\Users\myhg1\.stmcufinder\plugins\mcufinder//mcu/cs/
2024-04-09 20:45:43,679 [INFO] ApplicationProperties:184 - Using Application install path: C:\ST\STM32CubeIDE_1.14.1\STM32CubeIDE\plugins\com.st.stm32cube.common.mx_6.10.0.202311202037
2024-04-09 20:45:43,683 [INFO] PluginManage:196 - Search for loadable plugins [exclusion list=, ]
2024-04-09 20:45:43,687 [INFO] PluginManage:310 - Check plugin analytics
2024-04-09 20:45:44,020 [INFO] AnalyticsPlugin:253 - Accepted Software Licenses: 
2024-04-09 20:45:44,020 [INFO] AnalyticsPlugin:255 - Accepted CMSIS Pack Licenses: 
2024-04-09 20:45:44,022 [INFO] AnalyticsPlugin:257 - Accepted Firmware Licenses: FW.F4.1.28.0
2024-04-09 20:45:44,027 [INFO] PluginManage:359 - Loaded plugin analytics (category:tool,tabindex:-1)
2024-04-09 20:45:44,027 [INFO] PluginManage:310 - Check plugin cadmodel
2024-04-09 20:45:44,036 [INFO] CADModel:105 - Init CAD model plugin
2024-04-09 20:45:44,036 [INFO] PluginManage:359 - Loaded plugin cadmodel (category:power,tabindex:5)
2024-04-09 20:45:44,036 [INFO] PluginManage:310 - Check plugin clock
2024-04-09 20:45:44,056 [INFO] PluginManage:359 - Loaded plugin clock (category:base,tabindex:2)
2024-04-09 20:45:44,056 [INFO] PluginManage:310 - Check plugin ddr
2024-04-09 20:45:44,062 [INFO] PluginManage:359 - Loaded plugin ddr (category:tool,tabindex:6)
2024-04-09 20:45:44,062 [INFO] PluginManage:310 - Check plugin filemanager
2024-04-09 20:45:44,324 [INFO] PluginManage:359 - Loaded plugin filemanager (category:base,tabindex:10)
2024-04-09 20:45:44,325 [INFO] PluginManage:310 - Check plugin ipmanager
2024-04-09 20:45:44,345 [INFO] PluginManage:359 - Loaded plugin ipmanager (category:base,tabindex:5)
2024-04-09 20:45:44,345 [INFO] PluginManage:310 - Check plugin lpbam
2024-04-09 20:45:44,362 [INFO] PluginManage:359 - Loaded plugin lpbam (category:base,tabindex:0)
2024-04-09 20:45:44,362 [INFO] PluginManage:310 - Check plugin memorymap
2024-04-09 20:45:44,400 [INFO] PluginManage:359 - Loaded plugin memorymap (category:base,tabindex:4)
2024-04-09 20:45:44,401 [INFO] PluginManage:310 - Check plugin pinoutandconfiguration
2024-04-09 20:45:44,415 [INFO] PluginManage:359 - Loaded plugin pinoutandconfiguration (category:base,tabindex:1)
2024-04-09 20:45:44,415 [INFO] PluginManage:310 - Check plugin pinoutconfig
2024-04-09 20:45:44,539 [WARN] SupportedApi:132 - Cannot load RTOS API schema: s4s-elt-must-match.1: The content of 'definitions' must match (annotation?, (simpleType | complexType)?, (unique | key | keyref)*)). A problem was found starting at: attribute.
2024-04-09 20:45:44,730 [INFO] PluginManage:359 - Loaded plugin pinoutconfig (category:base,tabindex:0)
2024-04-09 20:45:44,731 [INFO] PluginManage:310 - Check plugin power
2024-04-09 20:45:44,744 [INFO] PluginManage:359 - Loaded plugin power (category:power,tabindex:4)
2024-04-09 20:45:44,744 [INFO] PluginManage:310 - Check plugin projectmanager
2024-04-09 20:45:44,766 [INFO] PluginManage:359 - Loaded plugin projectmanager (category:projectmanager,tabindex:3)
2024-04-09 20:45:44,766 [INFO] PluginManage:310 - Check plugin thirdparty
2024-04-09 20:45:44,950 [WARN] IntegrityCheckThread:84 - waiting for thirdparty lock release [integrity check]
2024-04-09 20:45:44,952 [INFO] PluginManage:359 - Loaded plugin thirdparty (category:base,tabindex:-1)
2024-04-09 20:45:44,952 [INFO] IntegrityCheckThread:86 - entering critical section [integrity check]
2024-04-09 20:45:44,952 [INFO] PluginManage:310 - Check plugin tools
2024-04-09 20:45:44,953 [INFO] ThirdPartyUpdaterWithRetryManager:70 - Updater plugin not ready yet. [1/15]
2024-04-09 20:45:44,957 [INFO] PluginManage:359 - Loaded plugin tools (category:base,tabindex:7)
2024-04-09 20:45:44,958 [INFO] PluginManage:310 - Check plugin tutovideos
2024-04-09 20:45:45,316 [INFO] PluginManage:359 - Loaded plugin tutovideos (category:base,tabindex:-1)
2024-04-09 20:45:45,317 [INFO] PluginManage:310 - Check plugin updater
2024-04-09 20:45:45,331 [INFO] PluginManage:359 - Loaded plugin updater (category:base,tabindex:12)
2024-04-09 20:45:45,331 [INFO] PluginManage:310 - Check plugin userauth
2024-04-09 20:45:45,338 [INFO] UserAuth:114 - Init User Auth plugin
2024-04-09 20:45:45,339 [INFO] PluginManage:359 - Loaded plugin userauth (category:base,tabindex:14)
2024-04-09 20:45:45,340 [INFO] PluginManage:283 - PluginManage : Loaded plugins [17]
2024-04-09 20:45:45,599 [INFO] PinOutPanel:1499 - setPackage(No Configuration,No Configuration)
2024-04-09 20:45:45,693 [INFO] CADModel:165 - CPN selected for project level
2024-04-09 20:45:45,694 [INFO] CADModel:114 - Register for checkConnection events
2024-04-09 20:45:45,718 [INFO] IPUIPlugin:80 - create IPUIPlugin
2024-04-09 20:45:45,719 [INFO] PluginManager:220 - loadIPPluginJar : add adc
2024-04-09 20:45:45,722 [INFO] IPUIPlugin:80 - create IPUIPlugin
2024-04-09 20:45:45,723 [INFO] PluginManager:220 - loadIPPluginJar : add aes
2024-04-09 20:45:45,726 [INFO] IPUIPlugin:80 - create IPUIPlugin
2024-04-09 20:45:45,727 [INFO] PluginManager:220 - loadIPPluginJar : add can
2024-04-09 20:45:45,728 [INFO] IPUIPlugin:80 - create IPUIPlugin
2024-04-09 20:45:45,729 [INFO] PluginManager:220 - loadIPPluginJar : add comp
2024-04-09 20:45:45,733 [INFO] IPUIPlugin:80 - create IPUIPlugin
2024-04-09 20:45:45,733 [INFO] PluginManager:220 - loadIPPluginJar : add cryp
2024-04-09 20:45:45,738 [INFO] IPUIPlugin:80 - create IPUIPlugin
2024-04-09 20:45:45,738 [INFO] PluginManager:220 - loadIPPluginJar : add dfsdm
2024-04-09 20:45:45,746 [INFO] IPUIPlugin:80 - create IPUIPlugin
2024-04-09 20:45:45,747 [INFO] PluginManager:220 - loadIPPluginJar : add dma
2024-04-09 20:45:45,752 [INFO] IPUIPlugin:80 - create IPUIPlugin
2024-04-09 20:45:45,753 [INFO] PluginManager:220 - loadIPPluginJar : add dma3
2024-04-09 20:45:45,756 [INFO] IPUIPlugin:80 - create IPUIPlugin
2024-04-09 20:45:45,756 [INFO] PluginManager:220 - loadIPPluginJar : add fatfs
2024-04-09 20:45:45,762 [INFO] IPUIPlugin:80 - create IPUIPlugin
2024-04-09 20:45:45,763 [INFO] PluginManager:220 - loadIPPluginJar : add fmc
2024-04-09 20:45:45,767 [INFO] IPUIPlugin:80 - create IPUIPlugin
2024-04-09 20:45:45,768 [INFO] PluginManager:220 - loadIPPluginJar : add freertos
2024-04-09 20:45:45,770 [INFO] IPUIPlugin:80 - create IPUIPlugin
2024-04-09 20:45:45,770 [INFO] PluginManager:220 - loadIPPluginJar : add genericplugin
2024-04-09 20:45:45,772 [INFO] IPUIPlugin:80 - create IPUIPlugin
2024-04-09 20:45:45,773 [INFO] PluginManager:220 - loadIPPluginJar : add gfxmmu
2024-04-09 20:45:45,778 [INFO] IPUIPlugin:80 - create IPUIPlugin
2024-04-09 20:45:45,779 [INFO] PluginManager:220 - loadIPPluginJar : add gic
2024-04-09 20:45:45,784 [INFO] IPUIPlugin:80 - create IPUIPlugin
2024-04-09 20:45:45,784 [INFO] PluginManager:220 - loadIPPluginJar : add gpio
2024-04-09 20:45:45,787 [INFO] IPUIPlugin:80 - create IPUIPlugin
2024-04-09 20:45:45,787 [INFO] PluginManager:220 - loadIPPluginJar : add gtzc
2024-04-09 20:45:45,791 [INFO] IPUIPlugin:80 - create IPUIPlugin
2024-04-09 20:45:45,791 [INFO] PluginManager:220 - loadIPPluginJar : add hash
2024-04-09 20:45:45,794 [INFO] IPUIPlugin:80 - create IPUIPlugin
2024-04-09 20:45:45,794 [INFO] PluginManager:220 - loadIPPluginJar : add i2c
2024-04-09 20:45:45,796 [INFO] IPUIPlugin:80 - create IPUIPlugin
2024-04-09 20:45:45,796 [INFO] PluginManager:220 - loadIPPluginJar : add i2s
2024-04-09 20:45:45,800 [INFO] IPUIPlugin:80 - create IPUIPlugin
2024-04-09 20:45:45,800 [INFO] PluginManager:220 - loadIPPluginJar : add i3c
2024-04-09 20:45:45,803 [INFO] IPUIPlugin:80 - create IPUIPlugin
2024-04-09 20:45:45,803 [INFO] PluginManager:220 - loadIPPluginJar : add ipddr
2024-04-09 20:45:45,812 [INFO] IPUIPlugin:80 - create IPUIPlugin
2024-04-09 20:45:45,812 [INFO] PluginManager:220 - loadIPPluginJar : add linkedlist
2024-04-09 20:45:45,814 [INFO] IPUIPlugin:80 - create IPUIPlugin
2024-04-09 20:45:45,814 [INFO] PluginManager:220 - loadIPPluginJar : add lorawan
2024-04-09 20:45:45,817 [INFO] IPUIPlugin:80 - create IPUIPlugin
2024-04-09 20:45:45,817 [INFO] PluginManager:220 - loadIPPluginJar : add ltdc
2024-04-09 20:45:45,823 [INFO] IPUIPlugin:80 - create IPUIPlugin
2024-04-09 20:45:45,824 [INFO] PluginManager:220 - loadIPPluginJar : add mdma
2024-04-09 20:45:45,828 [INFO] IPUIPlugin:80 - create IPUIPlugin
2024-04-09 20:45:45,828 [INFO] PluginManager:220 - loadIPPluginJar : add nvic
2024-04-09 20:45:45,832 [INFO] IPUIPlugin:80 - create IPUIPlugin
2024-04-09 20:45:45,832 [INFO] PluginManager:220 - loadIPPluginJar : add opamp
2024-04-09 20:45:45,836 [INFO] IPUIPlugin:80 - create IPUIPlugin
2024-04-09 20:45:45,836 [INFO] PluginManager:220 - loadIPPluginJar : add openamp
2024-04-09 20:45:45,841 [INFO] IPUIPlugin:80 - create IPUIPlugin
2024-04-09 20:45:45,841 [INFO] PluginManager:220 - loadIPPluginJar : add pdm2pcm
2024-04-09 20:45:45,847 [INFO] IPUIPlugin:80 - create IPUIPlugin
2024-04-09 20:45:45,851 [INFO] PluginManager:220 - loadIPPluginJar : add plateformsettings
2024-04-09 20:45:45,853 [INFO] IPUIPlugin:80 - create IPUIPlugin
2024-04-09 20:45:45,853 [INFO] PluginManager:220 - loadIPPluginJar : add quadspi
2024-04-09 20:45:45,858 [INFO] IPUIPlugin:80 - create IPUIPlugin
2024-04-09 20:45:45,858 [INFO] PluginManager:220 - loadIPPluginJar : add resmgrutility
2024-04-09 20:45:45,862 [INFO] IPUIPlugin:80 - create IPUIPlugin
2024-04-09 20:45:45,863 [INFO] PluginManager:220 - loadIPPluginJar : add sai
2024-04-09 20:45:45,865 [INFO] IPUIPlugin:80 - create IPUIPlugin
2024-04-09 20:45:45,865 [INFO] PluginManager:220 - loadIPPluginJar : add spi
2024-04-09 20:45:45,873 [INFO] IPUIPlugin:80 - create IPUIPlugin
2024-04-09 20:45:45,874 [INFO] PluginManager:220 - loadIPPluginJar : add stm32_wpan
2024-04-09 20:45:45,877 [INFO] IPUIPlugin:80 - create IPUIPlugin
2024-04-09 20:45:45,877 [INFO] PluginManager:220 - loadIPPluginJar : add tim
2024-04-09 20:45:45,881 [INFO] IPUIPlugin:80 - create IPUIPlugin
2024-04-09 20:45:45,881 [INFO] PluginManager:220 - loadIPPluginJar : add touchsensing
2024-04-09 20:45:45,884 [INFO] IPUIPlugin:80 - create IPUIPlugin
2024-04-09 20:45:45,884 [INFO] PluginManager:220 - loadIPPluginJar : add tracer_emb
2024-04-09 20:45:45,887 [INFO] IPUIPlugin:80 - create IPUIPlugin
2024-04-09 20:45:45,887 [INFO] PluginManager:220 - loadIPPluginJar : add ts
2024-04-09 20:45:45,889 [INFO] IPUIPlugin:80 - create IPUIPlugin
2024-04-09 20:45:45,890 [INFO] PluginManager:220 - loadIPPluginJar : add tsc
2024-04-09 20:45:45,892 [INFO] IPUIPlugin:80 - create IPUIPlugin
2024-04-09 20:45:45,894 [INFO] PluginManager:220 - loadIPPluginJar : add ucpd
2024-04-09 20:45:45,897 [INFO] IPUIPlugin:80 - create IPUIPlugin
2024-04-09 20:45:45,897 [INFO] PluginManager:220 - loadIPPluginJar : add usart
2024-04-09 20:45:45,900 [INFO] IPUIPlugin:80 - create IPUIPlugin
2024-04-09 20:45:45,901 [INFO] PluginManager:220 - loadIPPluginJar : add usbx
2024-04-09 20:45:46,087 [INFO] CADModel:165 - CPN selected for project level
2024-04-09 20:45:46,087 [INFO] CADModel:114 - Register for checkConnection events
2024-04-09 20:45:46,087 [FATAL] Updater:308 - Updater called before beeing initialized
2024-04-09 20:45:46,087 [ERROR] CADModel:125 - Updater not yet initialized, retry later 
2024-04-09 20:45:46,228 [INFO] CADModel:165 - CPN selected for project level
2024-04-09 20:45:46,228 [INFO] CADModel:114 - Register for checkConnection events
2024-04-09 20:45:46,228 [FATAL] Updater:308 - Updater called before beeing initialized
2024-04-09 20:45:46,228 [ERROR] CADModel:125 - Updater not yet initialized, retry later 
2024-04-09 20:45:46,232 [FATAL] Updater:308 - Updater called before beeing initialized
2024-04-09 20:45:46,365 [FATAL] Updater:308 - Updater called before beeing initialized
2024-04-09 20:45:46,370 [INFO] DbMcusAds:53 - JSON generation date=Wed Nov 29 19:52:27 KST 2023 (1701255147349)
2024-04-09 20:45:46,370 [FATAL] Updater:308 - Updater called before beeing initialized
2024-04-09 20:45:46,411 [WARN] DetailPanel:346 - Failed to get advertising image, set to default
2024-04-09 20:45:46,508 [FATAL] Updater:308 - Updater called before beeing initialized
2024-04-09 20:45:46,511 [FATAL] Updater:308 - Updater called before beeing initialized
2024-04-09 20:45:46,512 [FATAL] Updater:308 - Updater called before beeing initialized
2024-04-09 20:45:46,512 [WARN] DetailPanel:346 - Failed to get advertising image, set to default
2024-04-09 20:45:46,513 [FATAL] Updater:308 - Updater called before beeing initialized
2024-04-09 20:45:46,612 [ERROR] Updater:1120 - MainUpdater not yet initialized. External WinMGr cannot be set.
2024-04-09 20:45:46,615 [INFO] Updater:1056 - Updater Version found : 6.10.0
2024-04-09 20:45:46,632 [INFO] ApplicationProperties:184 - Using Application install path: C:\ST\STM32CubeIDE_1.14.1\STM32CubeIDE\plugins\com.st.stm32cube.common.mx_6.10.0.202311202037
2024-04-09 20:45:47,956 [INFO] ThirdPartyUpdaterWithRetryManager:70 - Updater plugin not ready yet. [2/15]
2024-04-09 20:45:48,205 [ERROR] LogOutputStream:75 - [STDERR_REDIRECT] Apr 09, 2024 8:45:48 PM java.util.prefs.WindowsPreferences <init>
2024-04-09 20:45:48,207 [ERROR] LogOutputStream:75 - [STDERR_REDIRECT] WARNING: Could not open/create prefs root node Software\JavaSoft\Prefs at root 0xffffffff80000002. Windows RegCreateKeyEx(...) returned error code 5.
2024-04-09 20:45:48,208 [ERROR] LogOutputStream:75 - [STDERR_REDIRECT] 
2024-04-09 20:45:48,821 [INFO] MainUpdater:2873 - connection check result : 10
2024-04-09 20:45:48,823 [INFO] MainUpdater:290 - Updater Check For Update Now.
2024-04-09 20:45:48,824 [INFO] MicroXplorer:498 - Change Database Version : DB.6.0.100
2024-04-09 20:45:48,835 [INFO] McuFinderGlobals:63 - Set McuFinder mode to 2 (CubeIDE integrated)
2024-04-09 20:45:49,029 [INFO] CheckServerUpdateThread:120 - End of CheckServer Thread
2024-04-09 20:45:49,228 [INFO] UserAuth:404 - Internet connection configuration mode: 1
2024-04-09 20:45:49,255 [INFO] JxBrowserEngine:152 - Initiate JxBrowser Engine with user profile folder
2024-04-09 20:45:50,174 [INFO] WebApp:161 - Instantiating new browser for Auth
2024-04-09 20:45:51,043 [INFO] WebApp:780 - Register for checkConnection events
2024-04-09 20:45:51,043 [INFO] WebApp:414 - Apply proxy settings
2024-04-09 20:45:51,043 [INFO] WebApp:499 - Chromium requires no authentication
2024-04-09 20:45:51,056 [INFO] WebApp:442 - Direct internet connection detected
2024-04-09 20:45:51,268 [WARN] PackLoader:240 - Cannot read IP mode file for STMicroelectronics.X-CUBE-SMBUS.2.1.0
2024-04-09 20:45:51,280 [WARN] PackLoader:240 - Cannot read IP mode file for STMicroelectronics.X-CUBE-TOUCHGFX.4.23.1
2024-04-09 20:45:51,287 [WARN] PackLoader:240 - Cannot read IP mode file for STMicroelectronics.X-CUBE-TOUCHGFX.4.23.0
2024-04-09 20:45:51,291 [WARN] PackLoader:240 - Cannot read IP mode file for STMicroelectronics.X-CUBE-TOUCHGFX.4.23.2
2024-04-09 20:45:51,311 [INFO] WebApp:192 - Starting web application
2024-04-09 20:45:51,313 [INFO] WebApp:544 - Web application path used C:\ST\STM32CubeIDE_1.14.1\STM32CubeIDE\plugins\com.st.stm32cube.common.mx_6.10.0.202311202037\db\plugins\mcufinder\reactClient1\index.html
2024-04-09 20:45:51,334 [WARN] PackLoader:240 - Cannot read IP mode file for STMicroelectronics.X-CUBE-AZRTOS-F7.1.1.0
2024-04-09 20:45:51,354 [WARN] PackLoader:240 - Cannot read IP mode file for STMicroelectronics.FP-SNS-MOTENV1.4.3.2
2024-04-09 20:45:51,366 [WARN] PackLoader:240 - Cannot read IP mode file for STMicroelectronics.FP-SNS-FLIGHT1.5.0.2
2024-04-09 20:45:51,379 [WARN] PackLoader:240 - Cannot read IP mode file for STMicroelectronics.X-CUBE-DISPLAY.3.0.0
2024-04-09 20:45:51,397 [WARN] PackLoader:240 - Cannot read IP mode file for STMicroelectronics.X-CUBE-BLE1.7.0.0
2024-04-09 20:45:51,406 [WARN] PackLoader:240 - Cannot read IP mode file for emotas.I-CUBE-CANOPEN.1.3.0
2024-04-09 20:45:51,424 [WARN] PackLoader:240 - Cannot read IP mode file for STMicroelectronics.X-CUBE-BLEMGR.3.1.0
2024-04-09 20:45:51,437 [WARN] PackLoader:240 - Cannot read IP mode file for STMicroelectronics.FP-SNS-SMARTAG2.1.2.0
2024-04-09 20:45:51,454 [INFO] LogOutputStream:77 - [STDOUT_REDIRECT] 1 : Invalid condition id : UX_CORESTACK_Condition cause : null
2024-04-09 20:45:51,455 [INFO] LogOutputStream:77 - [STDOUT_REDIRECT] 1 : Invalid condition id : UX_CORESTACK_Condition cause : null
2024-04-09 20:45:51,457 [INFO] LogOutputStream:77 - [STDOUT_REDIRECT] 1 : Invalid condition id : UX_CORESTACK_Condition cause : null
2024-04-09 20:45:51,459 [INFO] LogOutputStream:77 - [STDOUT_REDIRECT] 1 : Invalid condition id : UX_CORESTACK_Condition cause : null
2024-04-09 20:45:51,461 [INFO] LogOutputStream:77 - [STDOUT_REDIRECT] 1 : Invalid condition id : UX_CORESTACK_Condition cause : null
2024-04-09 20:45:51,464 [WARN] PackLoader:240 - Cannot read IP mode file for STMicroelectronics.X-CUBE-AZRTOS-WL.2.0.0
2024-04-09 20:45:51,473 [WARN] PackLoader:240 - Cannot read IP mode file for STMicroelectronics.FP-SNS-MOTENV1.5.0.0
2024-04-09 20:45:51,508 [WARN] PackLoader:240 - Cannot read IP mode file for WES.I-CUBE-Cesium.1.3.0
2024-04-09 20:45:51,521 [WARN] PackLoader:240 - Cannot read IP mode file for STMicroelectronics.X-CUBE-BLE2.3.3.0
2024-04-09 20:45:51,541 [WARN] PackLoader:240 - Cannot read IP mode file for STMicroelectronics.X-CUBE-ALGOBUILD.1.3.0
2024-04-09 20:45:51,576 [WARN] PackLoader:240 - Cannot read IP mode file for STMicroelectronics.X-CUBE-AZRTOS-G0.1.1.0
2024-04-09 20:45:51,594 [WARN] PackLoader:240 - Cannot read IP mode file for STMicroelectronics.X-CUBE-SAFEA1.1.2.2
2024-04-09 20:45:51,604 [WARN] PackLoader:240 - Cannot read IP mode file for STMicroelectronics.X-CUBE-NFC4.3.0.0
2024-04-09 20:45:51,612 [WARN] PackLoader:240 - Cannot read IP mode file for STMicroelectronics.FP-ATR-SIGFOX1.3.2.0
2024-04-09 20:45:51,621 [WARN] PackLoader:240 - Cannot read IP mode file for STMicroelectronics.X-CUBE-EEPRMA1.5.1.0
2024-04-09 20:45:51,823 [WARN] PackLoader:240 - Cannot read IP mode file for SEGGER.I-CUBE-embOS.1.3.1
2024-04-09 20:45:51,875 [WARN] PackLoader:240 - Cannot read IP mode file for STMicroelectronics.X-CUBE-GNSS1.6.0.0
2024-04-09 20:45:51,897 [WARN] PackLoader:240 - Cannot read IP mode file for STMicroelectronics.X-CUBE-AZRTOS-F4.1.1.0
2024-04-09 20:45:51,908 [WARN] PackLoader:240 - Cannot read IP mode file for wolfSSL.I-CUBE-wolfSSL.5.6.6
2024-04-09 20:45:51,924 [WARN] PackLoader:240 - Cannot read IP mode file for STMicroelectronics.X-CUBE-AZRTOS-L5.2.0.0
2024-04-09 20:45:51,936 [WARN] PackLoader:240 - Cannot read IP mode file for STMicroelectronics.X-CUBE-NFC6.3.1.0
2024-04-09 20:45:51,946 [WARN] PackLoader:240 - Cannot read IP mode file for ITTIA_DB.I-CUBE-ITTIADB.8.8.0
2024-04-09 20:45:51,954 [WARN] PackLoader:240 - Cannot read IP mode file for STMicroelectronics.X-CUBE-NFC7.1.0.1
2024-04-09 20:45:51,963 [WARN] PackLoader:240 - Cannot read IP mode file for STMicroelectronics.X-CUBE-NFC6.3.0.0
2024-04-09 20:45:51,970 [WARN] PackLoader:240 - Cannot read IP mode file for STMicroelectronics.X-CUBE-AI.8.1.0
2024-04-09 20:45:51,986 [WARN] ConditionMgr:438 - getConditionDescription Invalid condition id : LAN8742 Phy interface Condition cause : null
2024-04-09 20:45:51,986 [WARN] PackLoader:240 - Cannot read IP mode file for STMicroelectronics.X-CUBE-AZRTOS-L4.2.0.0
2024-04-09 20:45:51,988 [WARN] ConditionMgr:1039 - genDependencies : Invalid condition id : LAN8742 Phy interface Condition cause : null
2024-04-09 20:45:51,989 [WARN] ConditionMgr:1039 - genDependencies : Invalid condition id : LAN8742 Phy interface Condition cause : null
2024-04-09 20:45:51,989 [WARN] ConditionMgr:1039 - genDependencies : Invalid condition id : LAN8742 Phy interface Condition cause : null
2024-04-09 20:45:51,997 [WARN] PackLoader:240 - Cannot read IP mode file for STMicroelectronics.X-CUBE-SFXS2LP1.4.0.0
2024-04-09 20:45:52,011 [WARN] ConditionMgr:438 - getConditionDescription Invalid condition id : UX DEVICE CLASS RTOS Condition cause : null
2024-04-09 20:45:52,012 [WARN] ConditionMgr:438 - getConditionDescription Invalid condition id : UX DEVICE CLASS RTOS Condition cause : null
2024-04-09 20:45:52,014 [WARN] PackLoader:240 - Cannot read IP mode file for STMicroelectronics.X-CUBE-AZRTOS-WB.2.0.0
2024-04-09 20:45:52,014 [WARN] ConditionMgr:1039 - genDependencies : Invalid condition id : UX DEVICE CLASS RTOS Condition cause : null
2024-04-09 20:45:52,014 [WARN] ConditionMgr:1039 - genDependencies : Invalid condition id : UX DEVICE CLASS RTOS Condition cause : null
2024-04-09 20:45:52,015 [WARN] ConditionMgr:1039 - genDependencies : Invalid condition id : UX DEVICE CLASS RTOS Condition cause : null
2024-04-09 20:45:52,015 [WARN] ConditionMgr:1039 - genDependencies : Invalid condition id : UX DEVICE CLASS RTOS Condition cause : null
2024-04-09 20:45:52,015 [WARN] ConditionMgr:1039 - genDependencies : Invalid condition id : UX DEVICE CLASS RTOS Condition cause : null
2024-04-09 20:45:52,028 [WARN] PackLoader:240 - Cannot read IP mode file for STMicroelectronics.X-CUBE-SUBG2.5.0.0
2024-04-09 20:45:52,060 [WARN] PackLoader:240 - Cannot read IP mode file for STMicroelectronics.X-CUBE-AZRTOS-G4.2.0.0
2024-04-09 20:45:52,084 [WARN] PackLoader:240 - Cannot read IP mode file for Infineon.AIROC-Wi-Fi-Bluetooth-STM32.1.5.1
2024-04-09 20:45:52,098 [WARN] PackLoader:240 - Cannot read IP mode file for STMicroelectronics.FP-SNS-MOTENVWB1.1.3.1
2024-04-09 20:45:52,116 [WARN] PackLoader:240 - Cannot read IP mode file for STMicroelectronics.X-CUBE-ISPU.2.0.0
2024-04-09 20:45:52,168 [WARN] PackLoader:240 - Cannot read IP mode file for STMicroelectronics.X-CUBE-MEMS1.10.0.0
2024-04-09 20:45:52,321 [WARN] PackLoader:240 - Cannot read IP mode file for STMicroelectronics.X-CUBE-FREERTOS.1.1.0
2024-04-09 20:45:52,331 [WARN] PackLoader:240 - Cannot read IP mode file for portGmbH.I-Cube-SoM-uGOAL.1.1.0
2024-04-09 20:45:52,340 [WARN] PackLoader:240 - Cannot read IP mode file for STMicroelectronics.X-CUBE-ALS.1.0.1
2024-04-09 20:45:52,350 [WARN] PackLoader:240 - Cannot read IP mode file for STMicroelectronics.FP-ATR-ASTRA1.2.0.0
2024-04-09 20:45:52,365 [WARN] PackLoader:240 - Cannot read IP mode file for STMicroelectronics.X-CUBE-TOF1.3.4.1
2024-04-09 20:45:52,396 [WARN] PackLoader:240 - Cannot read IP mode file for STMicroelectronics.X-CUBE-AZRTOS-H7.3.2.0
2024-04-09 20:45:52,398 [INFO] ThirdParty:978 - Integrity check success = true
2024-04-09 20:45:52,398 [INFO] IntegrityCheckThread:100 - exiting critical section [integrity check]
2024-04-09 20:45:52,399 [INFO] IntegrityCheckThread:103 - End integrity checks thread
2024-04-09 20:46:12,170 [ERROR] LogOutputStream:75 - [STDERR_REDIRECT] SLF4J: Failed to load class "org.slf4j.impl.StaticLoggerBinder".
2024-04-09 20:46:12,171 [ERROR] LogOutputStream:75 - [STDERR_REDIRECT] SLF4J: Defaulting to no-operation (NOP) logger implementation
2024-04-09 20:46:12,172 [ERROR] LogOutputStream:75 - [STDERR_REDIRECT] SLF4J: See http://www.slf4j.org/codes.html#StaticLoggerBinder for further details.
2024-04-09 21:17:29,407 [ERROR] LogOutputStream:75 - [STDERR_REDIRECT] 
2024-04-09 21:32:00,000 [INFO] Activator:176 - 


2024-04-09 21:32:00,002 [INFO] Activator:177 - !SESSION log4j initialized
2024-04-09 21:32:04,617 [INFO] LogOutputStream:77 - [STDOUT_REDIRECT] 
2024-04-09 21:32:06,723 [INFO] ApplicationProperties:184 - Using Application install path: C:\ST\STM32CubeIDE_1.14.1\STM32CubeIDE\plugins\com.st.stm32cube.common.mx_6.10.0.202311202037
2024-04-09 21:32:06,754 [INFO] DbMcusXml:78 - Set database path to: C:\ST\STM32CubeIDE_1.14.1\STM32CubeIDE\plugins\com.st.stm32cube.common.mx_6.10.0.202311202037\\db\/mcu/
2024-04-09 21:32:06,754 [INFO] ApiDb:274 - Set plugin database path to: C:\ST\STM32CubeIDE_1.14.1\STM32CubeIDE\plugins\com.st.stm32cube.common.mx_6.10.0.202311202037\\db\/plugins/boardmanager/
2024-04-09 21:32:06,754 [WARN] ApiDb:259 - Overriding images path with different value:  => C:\ST\STM32CubeIDE_1.14.1\STM32CubeIDE\plugins\com.st.stm32cube.common.mx_6.10.0.202311202037\\db\/plugins/mcufinder/images/
2024-04-09 21:32:06,772 [INFO] ApiDb:250 - Set database path to: C:\Users\myhg1\.stmcufinder\plugins\mcufinder//mcu/
2024-04-09 21:32:06,774 [INFO] DbMcusAds:125 - Set database path to: C:\Users\myhg1\.stmcufinder\plugins\mcufinder//mcu/
2024-04-09 21:32:06,777 [INFO] CrossReferenceDbSqlite:203 - Set database path to: C:\Users\myhg1\.stmcufinder\plugins\mcufinder//mcu/cs/
2024-04-09 21:32:06,959 [INFO] RulesReader:64 - Compatibility file has been processed (297 Rules)
2024-04-09 21:32:07,133 [INFO] DbMcusXml:78 - Set database path to: C:\ST\STM32CubeIDE_1.14.1\STM32CubeIDE\plugins\com.st.stm32cube.common.mx_6.10.0.202311202037\\db\/mcu/
2024-04-09 21:32:07,133 [INFO] ApiDb:274 - Set plugin database path to: C:\ST\STM32CubeIDE_1.14.1\STM32CubeIDE\plugins\com.st.stm32cube.common.mx_6.10.0.202311202037\\db\/plugins/boardmanager/
2024-04-09 21:32:07,133 [INFO] ApiDb:261 - Set plugin images path to: C:\ST\STM32CubeIDE_1.14.1\STM32CubeIDE\plugins\com.st.stm32cube.common.mx_6.10.0.202311202037\\db\/plugins/mcufinder/images/
2024-04-09 21:32:07,133 [WARN] DbFile:41 - Overriding database path with different value: C:\Users\myhg1\.stmcufinder\plugins\mcufinder/ => C:\Users\myhg1\.stmcufinder\plugins\mcufinder
2024-04-09 21:32:07,133 [INFO] ApiDb:250 - Set database path to: C:\Users\myhg1\.stmcufinder\plugins\mcufinder//mcu/
2024-04-09 21:32:07,133 [WARN] DbFile:41 - Overriding database path with different value: C:\Users\myhg1\.stmcufinder\plugins\mcufinder/ => C:\Users\myhg1\.stmcufinder\plugins\mcufinder
2024-04-09 21:32:07,133 [INFO] DbMcusAds:125 - Set database path to: C:\Users\myhg1\.stmcufinder\plugins\mcufinder//mcu/
2024-04-09 21:32:07,133 [WARN] DbFile:41 - Overriding database path with different value: C:\Users\myhg1\.stmcufinder\plugins\mcufinder/ => C:\Users\myhg1\.stmcufinder\plugins\mcufinder
2024-04-09 21:32:07,134 [WARN] DbFile:41 - Overriding database path with different value: C:\Users\myhg1\.stmcufinder\plugins\mcufinder/ => C:\Users\myhg1\.stmcufinder\plugins\mcufinder
2024-04-09 21:32:07,134 [INFO] CrossReferenceDbSqlite:203 - Set database path to: C:\Users\myhg1\.stmcufinder\plugins\mcufinder//mcu/cs/
2024-04-09 21:32:07,250 [INFO] MainPanel:264 - HeapMemory: 268435456
2024-04-09 21:32:07,352 [INFO] DbMcusXml:78 - Set database path to: C:\ST\STM32CubeIDE_1.14.1\STM32CubeIDE\plugins\com.st.stm32cube.common.mx_6.10.0.202311202037\\db\/mcu/
2024-04-09 21:32:07,352 [INFO] ApiDb:274 - Set plugin database path to: C:\ST\STM32CubeIDE_1.14.1\STM32CubeIDE\plugins\com.st.stm32cube.common.mx_6.10.0.202311202037\\db\/plugins/boardmanager/
2024-04-09 21:32:07,352 [INFO] ApiDb:261 - Set plugin images path to: C:\ST\STM32CubeIDE_1.14.1\STM32CubeIDE\plugins\com.st.stm32cube.common.mx_6.10.0.202311202037\\db\/plugins/mcufinder/images/
2024-04-09 21:32:07,353 [WARN] DbFile:41 - Overriding database path with different value: C:\Users\myhg1\.stmcufinder\plugins\mcufinder/ => C:\Users\myhg1\.stmcufinder\plugins\mcufinder
2024-04-09 21:32:07,353 [INFO] ApiDb:250 - Set database path to: C:\Users\myhg1\.stmcufinder\plugins\mcufinder//mcu/
2024-04-09 21:32:07,353 [WARN] DbFile:41 - Overriding database path with different value: C:\Users\myhg1\.stmcufinder\plugins\mcufinder/ => C:\Users\myhg1\.stmcufinder\plugins\mcufinder
2024-04-09 21:32:07,353 [INFO] DbMcusAds:125 - Set database path to: C:\Users\myhg1\.stmcufinder\plugins\mcufinder//mcu/
2024-04-09 21:32:07,353 [WARN] DbFile:41 - Overriding database path with different value: C:\Users\myhg1\.stmcufinder\plugins\mcufinder/ => C:\Users\myhg1\.stmcufinder\plugins\mcufinder
2024-04-09 21:32:07,353 [WARN] DbFile:41 - Overriding database path with different value: C:\Users\myhg1\.stmcufinder\plugins\mcufinder/ => C:\Users\myhg1\.stmcufinder\plugins\mcufinder
2024-04-09 21:32:07,353 [INFO] CrossReferenceDbSqlite:203 - Set database path to: C:\Users\myhg1\.stmcufinder\plugins\mcufinder//mcu/cs/
2024-04-09 21:32:07,370 [INFO] ApplicationProperties:184 - Using Application install path: C:\ST\STM32CubeIDE_1.14.1\STM32CubeIDE\plugins\com.st.stm32cube.common.mx_6.10.0.202311202037
2024-04-09 21:32:07,371 [INFO] PluginManage:196 - Search for loadable plugins [exclusion list=, ]
2024-04-09 21:32:07,373 [INFO] PluginManage:310 - Check plugin analytics
2024-04-09 21:32:07,570 [INFO] AnalyticsPlugin:253 - Accepted Software Licenses: 
2024-04-09 21:32:07,570 [INFO] AnalyticsPlugin:255 - Accepted CMSIS Pack Licenses: 
2024-04-09 21:32:07,570 [INFO] AnalyticsPlugin:257 - Accepted Firmware Licenses: FW.F4.1.28.0
2024-04-09 21:32:07,575 [INFO] PluginManage:359 - Loaded plugin analytics (category:tool,tabindex:-1)
2024-04-09 21:32:07,575 [INFO] PluginManage:310 - Check plugin cadmodel
2024-04-09 21:32:07,583 [INFO] CADModel:105 - Init CAD model plugin
2024-04-09 21:32:07,583 [INFO] PluginManage:359 - Loaded plugin cadmodel (category:power,tabindex:5)
2024-04-09 21:32:07,583 [INFO] PluginManage:310 - Check plugin clock
2024-04-09 21:32:07,598 [INFO] PluginManage:359 - Loaded plugin clock (category:base,tabindex:2)
2024-04-09 21:32:07,598 [INFO] PluginManage:310 - Check plugin ddr
2024-04-09 21:32:07,601 [INFO] PluginManage:359 - Loaded plugin ddr (category:tool,tabindex:6)
2024-04-09 21:32:07,601 [INFO] PluginManage:310 - Check plugin filemanager
2024-04-09 21:32:07,794 [INFO] PluginManage:359 - Loaded plugin filemanager (category:base,tabindex:10)
2024-04-09 21:32:07,794 [INFO] PluginManage:310 - Check plugin ipmanager
2024-04-09 21:32:07,808 [INFO] PluginManage:359 - Loaded plugin ipmanager (category:base,tabindex:5)
2024-04-09 21:32:07,808 [INFO] PluginManage:310 - Check plugin lpbam
2024-04-09 21:32:07,823 [INFO] PluginManage:359 - Loaded plugin lpbam (category:base,tabindex:0)
2024-04-09 21:32:07,823 [INFO] PluginManage:310 - Check plugin memorymap
2024-04-09 21:32:07,861 [INFO] PluginManage:359 - Loaded plugin memorymap (category:base,tabindex:4)
2024-04-09 21:32:07,861 [INFO] PluginManage:310 - Check plugin pinoutandconfiguration
2024-04-09 21:32:07,878 [INFO] PluginManage:359 - Loaded plugin pinoutandconfiguration (category:base,tabindex:1)
2024-04-09 21:32:07,878 [INFO] PluginManage:310 - Check plugin pinoutconfig
2024-04-09 21:32:07,975 [WARN] SupportedApi:132 - Cannot load RTOS API schema: s4s-elt-must-match.1: The content of 'definitions' must match (annotation?, (simpleType | complexType)?, (unique | key | keyref)*)). A problem was found starting at: attribute.
2024-04-09 21:32:08,117 [INFO] PluginManage:359 - Loaded plugin pinoutconfig (category:base,tabindex:0)
2024-04-09 21:32:08,117 [INFO] PluginManage:310 - Check plugin power
2024-04-09 21:32:08,133 [INFO] PluginManage:359 - Loaded plugin power (category:power,tabindex:4)
2024-04-09 21:32:08,133 [INFO] PluginManage:310 - Check plugin projectmanager
2024-04-09 21:32:08,152 [INFO] PluginManage:359 - Loaded plugin projectmanager (category:projectmanager,tabindex:3)
2024-04-09 21:32:08,152 [INFO] PluginManage:310 - Check plugin thirdparty
2024-04-09 21:32:08,318 [INFO] PluginManage:359 - Loaded plugin thirdparty (category:base,tabindex:-1)
2024-04-09 21:32:08,318 [WARN] IntegrityCheckThread:84 - waiting for thirdparty lock release [integrity check]
2024-04-09 21:32:08,319 [INFO] PluginManage:310 - Check plugin tools
2024-04-09 21:32:08,319 [INFO] IntegrityCheckThread:86 - entering critical section [integrity check]
2024-04-09 21:32:08,320 [INFO] ThirdPartyUpdaterWithRetryManager:70 - Updater plugin not ready yet. [1/15]
2024-04-09 21:32:08,337 [INFO] PluginManage:359 - Loaded plugin tools (category:base,tabindex:7)
2024-04-09 21:32:08,338 [INFO] PluginManage:310 - Check plugin tutovideos
2024-04-09 21:32:08,512 [INFO] PluginManage:359 - Loaded plugin tutovideos (category:base,tabindex:-1)
2024-04-09 21:32:08,512 [INFO] PluginManage:310 - Check plugin updater
2024-04-09 21:32:08,523 [INFO] PluginManage:359 - Loaded plugin updater (category:base,tabindex:12)
2024-04-09 21:32:08,523 [INFO] PluginManage:310 - Check plugin userauth
2024-04-09 21:32:08,528 [INFO] UserAuth:114 - Init User Auth plugin
2024-04-09 21:32:08,528 [INFO] PluginManage:359 - Loaded plugin userauth (category:base,tabindex:14)
2024-04-09 21:32:08,529 [INFO] PluginManage:283 - PluginManage : Loaded plugins [17]
2024-04-09 21:32:08,747 [INFO] PinOutPanel:1499 - setPackage(No Configuration,No Configuration)
2024-04-09 21:32:08,835 [INFO] CADModel:165 - CPN selected for project level
2024-04-09 21:32:08,835 [INFO] CADModel:114 - Register for checkConnection events
2024-04-09 21:32:08,855 [INFO] IPUIPlugin:80 - create IPUIPlugin
2024-04-09 21:32:08,855 [INFO] PluginManager:220 - loadIPPluginJar : add adc
2024-04-09 21:32:08,859 [INFO] IPUIPlugin:80 - create IPUIPlugin
2024-04-09 21:32:08,859 [INFO] PluginManager:220 - loadIPPluginJar : add aes
2024-04-09 21:32:08,863 [INFO] IPUIPlugin:80 - create IPUIPlugin
2024-04-09 21:32:08,863 [INFO] PluginManager:220 - loadIPPluginJar : add can
2024-04-09 21:32:08,865 [INFO] IPUIPlugin:80 - create IPUIPlugin
2024-04-09 21:32:08,865 [INFO] PluginManager:220 - loadIPPluginJar : add comp
2024-04-09 21:32:08,870 [INFO] IPUIPlugin:80 - create IPUIPlugin
2024-04-09 21:32:08,870 [INFO] PluginManager:220 - loadIPPluginJar : add cryp
2024-04-09 21:32:08,873 [INFO] IPUIPlugin:80 - create IPUIPlugin
2024-04-09 21:32:08,873 [INFO] PluginManager:220 - loadIPPluginJar : add dfsdm
2024-04-09 21:32:08,879 [INFO] IPUIPlugin:80 - create IPUIPlugin
2024-04-09 21:32:08,880 [INFO] PluginManager:220 - loadIPPluginJar : add dma
2024-04-09 21:32:08,883 [INFO] IPUIPlugin:80 - create IPUIPlugin
2024-04-09 21:32:08,883 [INFO] PluginManager:220 - loadIPPluginJar : add dma3
2024-04-09 21:32:08,885 [INFO] IPUIPlugin:80 - create IPUIPlugin
2024-04-09 21:32:08,885 [INFO] PluginManager:220 - loadIPPluginJar : add fatfs
2024-04-09 21:32:08,889 [INFO] IPUIPlugin:80 - create IPUIPlugin
2024-04-09 21:32:08,889 [INFO] PluginManager:220 - loadIPPluginJar : add fmc
2024-04-09 21:32:08,894 [INFO] IPUIPlugin:80 - create IPUIPlugin
2024-04-09 21:32:08,894 [INFO] PluginManager:220 - loadIPPluginJar : add freertos
2024-04-09 21:32:08,897 [INFO] IPUIPlugin:80 - create IPUIPlugin
2024-04-09 21:32:08,897 [INFO] PluginManager:220 - loadIPPluginJar : add genericplugin
2024-04-09 21:32:08,899 [INFO] IPUIPlugin:80 - create IPUIPlugin
2024-04-09 21:32:08,900 [INFO] PluginManager:220 - loadIPPluginJar : add gfxmmu
2024-04-09 21:32:08,903 [INFO] IPUIPlugin:80 - create IPUIPlugin
2024-04-09 21:32:08,904 [INFO] PluginManager:220 - loadIPPluginJar : add gic
2024-04-09 21:32:08,907 [INFO] IPUIPlugin:80 - create IPUIPlugin
2024-04-09 21:32:08,907 [INFO] PluginManager:220 - loadIPPluginJar : add gpio
2024-04-09 21:32:08,909 [INFO] IPUIPlugin:80 - create IPUIPlugin
2024-04-09 21:32:08,909 [INFO] PluginManager:220 - loadIPPluginJar : add gtzc
2024-04-09 21:32:08,912 [INFO] IPUIPlugin:80 - create IPUIPlugin
2024-04-09 21:32:08,912 [INFO] PluginManager:220 - loadIPPluginJar : add hash
2024-04-09 21:32:08,914 [INFO] IPUIPlugin:80 - create IPUIPlugin
2024-04-09 21:32:08,914 [INFO] PluginManager:220 - loadIPPluginJar : add i2c
2024-04-09 21:32:08,916 [INFO] IPUIPlugin:80 - create IPUIPlugin
2024-04-09 21:32:08,916 [INFO] PluginManager:220 - loadIPPluginJar : add i2s
2024-04-09 21:32:08,918 [INFO] IPUIPlugin:80 - create IPUIPlugin
2024-04-09 21:32:08,918 [INFO] PluginManager:220 - loadIPPluginJar : add i3c
2024-04-09 21:32:08,920 [INFO] IPUIPlugin:80 - create IPUIPlugin
2024-04-09 21:32:08,920 [INFO] PluginManager:220 - loadIPPluginJar : add ipddr
2024-04-09 21:32:08,927 [INFO] IPUIPlugin:80 - create IPUIPlugin
2024-04-09 21:32:08,927 [INFO] PluginManager:220 - loadIPPluginJar : add linkedlist
2024-04-09 21:32:08,930 [INFO] IPUIPlugin:80 - create IPUIPlugin
2024-04-09 21:32:08,930 [INFO] PluginManager:220 - loadIPPluginJar : add lorawan
2024-04-09 21:32:08,932 [INFO] IPUIPlugin:80 - create IPUIPlugin
2024-04-09 21:32:08,932 [INFO] PluginManager:220 - loadIPPluginJar : add ltdc
2024-04-09 21:32:08,938 [INFO] IPUIPlugin:80 - create IPUIPlugin
2024-04-09 21:32:08,938 [INFO] PluginManager:220 - loadIPPluginJar : add mdma
2024-04-09 21:32:08,942 [INFO] IPUIPlugin:80 - create IPUIPlugin
2024-04-09 21:32:08,943 [INFO] PluginManager:220 - loadIPPluginJar : add nvic
2024-04-09 21:32:08,945 [INFO] IPUIPlugin:80 - create IPUIPlugin
2024-04-09 21:32:08,945 [INFO] PluginManager:220 - loadIPPluginJar : add opamp
2024-04-09 21:32:08,949 [INFO] IPUIPlugin:80 - create IPUIPlugin
2024-04-09 21:32:08,949 [INFO] PluginManager:220 - loadIPPluginJar : add openamp
2024-04-09 21:32:08,953 [INFO] IPUIPlugin:80 - create IPUIPlugin
2024-04-09 21:32:08,953 [INFO] PluginManager:220 - loadIPPluginJar : add pdm2pcm
2024-04-09 21:32:08,959 [INFO] IPUIPlugin:80 - create IPUIPlugin
2024-04-09 21:32:08,962 [INFO] PluginManager:220 - loadIPPluginJar : add plateformsettings
2024-04-09 21:32:08,963 [INFO] IPUIPlugin:80 - create IPUIPlugin
2024-04-09 21:32:08,963 [INFO] PluginManager:220 - loadIPPluginJar : add quadspi
2024-04-09 21:32:08,968 [INFO] IPUIPlugin:80 - create IPUIPlugin
2024-04-09 21:32:08,968 [INFO] PluginManager:220 - loadIPPluginJar : add resmgrutility
2024-04-09 21:32:08,971 [INFO] IPUIPlugin:80 - create IPUIPlugin
2024-04-09 21:32:08,971 [INFO] PluginManager:220 - loadIPPluginJar : add sai
2024-04-09 21:32:08,974 [INFO] IPUIPlugin:80 - create IPUIPlugin
2024-04-09 21:32:08,974 [INFO] PluginManager:220 - loadIPPluginJar : add spi
2024-04-09 21:32:08,979 [INFO] IPUIPlugin:80 - create IPUIPlugin
2024-04-09 21:32:08,979 [INFO] PluginManager:220 - loadIPPluginJar : add stm32_wpan
2024-04-09 21:32:08,982 [INFO] IPUIPlugin:80 - create IPUIPlugin
2024-04-09 21:32:08,982 [INFO] PluginManager:220 - loadIPPluginJar : add tim
2024-04-09 21:32:08,987 [INFO] IPUIPlugin:80 - create IPUIPlugin
2024-04-09 21:32:08,987 [INFO] PluginManager:220 - loadIPPluginJar : add touchsensing
2024-04-09 21:32:08,990 [INFO] IPUIPlugin:80 - create IPUIPlugin
2024-04-09 21:32:08,990 [INFO] PluginManager:220 - loadIPPluginJar : add tracer_emb
2024-04-09 21:32:08,992 [INFO] IPUIPlugin:80 - create IPUIPlugin
2024-04-09 21:32:08,992 [INFO] PluginManager:220 - loadIPPluginJar : add ts
2024-04-09 21:32:08,994 [INFO] IPUIPlugin:80 - create IPUIPlugin
2024-04-09 21:32:08,994 [INFO] PluginManager:220 - loadIPPluginJar : add tsc
2024-04-09 21:32:08,995 [INFO] IPUIPlugin:80 - create IPUIPlugin
2024-04-09 21:32:08,995 [INFO] PluginManager:220 - loadIPPluginJar : add ucpd
2024-04-09 21:32:08,998 [INFO] IPUIPlugin:80 - create IPUIPlugin
2024-04-09 21:32:08,999 [INFO] PluginManager:220 - loadIPPluginJar : add usart
2024-04-09 21:32:09,002 [INFO] IPUIPlugin:80 - create IPUIPlugin
2024-04-09 21:32:09,003 [INFO] PluginManager:220 - loadIPPluginJar : add usbx
2024-04-09 21:32:09,127 [INFO] CADModel:165 - CPN selected for project level
2024-04-09 21:32:09,128 [INFO] CADModel:114 - Register for checkConnection events
2024-04-09 21:32:09,128 [FATAL] Updater:308 - Updater called before beeing initialized
2024-04-09 21:32:09,128 [ERROR] CADModel:125 - Updater not yet initialized, retry later 
2024-04-09 21:32:09,298 [INFO] CADModel:165 - CPN selected for project level
2024-04-09 21:32:09,298 [INFO] CADModel:114 - Register for checkConnection events
2024-04-09 21:32:09,298 [FATAL] Updater:308 - Updater called before beeing initialized
2024-04-09 21:32:09,298 [ERROR] CADModel:125 - Updater not yet initialized, retry later 
2024-04-09 21:32:09,301 [FATAL] Updater:308 - Updater called before beeing initialized
2024-04-09 21:32:09,445 [FATAL] Updater:308 - Updater called before beeing initialized
2024-04-09 21:32:09,452 [INFO] DbMcusAds:53 - JSON generation date=Wed Nov 29 19:52:27 KST 2023 (1701255147349)
2024-04-09 21:32:09,453 [FATAL] Updater:308 - Updater called before beeing initialized
2024-04-09 21:32:09,525 [WARN] DetailPanel:346 - Failed to get advertising image, set to default
2024-04-09 21:32:09,644 [FATAL] Updater:308 - Updater called before beeing initialized
2024-04-09 21:32:09,647 [FATAL] Updater:308 - Updater called before beeing initialized
2024-04-09 21:32:09,647 [FATAL] Updater:308 - Updater called before beeing initialized
2024-04-09 21:32:09,647 [WARN] DetailPanel:346 - Failed to get advertising image, set to default
2024-04-09 21:32:09,648 [FATAL] Updater:308 - Updater called before beeing initialized
2024-04-09 21:32:09,719 [ERROR] Updater:1120 - MainUpdater not yet initialized. External WinMGr cannot be set.
2024-04-09 21:32:09,723 [INFO] Updater:1056 - Updater Version found : 6.10.0
2024-04-09 21:32:09,749 [INFO] ApplicationProperties:184 - Using Application install path: C:\ST\STM32CubeIDE_1.14.1\STM32CubeIDE\plugins\com.st.stm32cube.common.mx_6.10.0.202311202037
2024-04-09 21:32:11,321 [INFO] ThirdPartyUpdaterWithRetryManager:70 - Updater plugin not ready yet. [2/15]
2024-04-09 21:32:11,337 [ERROR] LogOutputStream:75 - [STDERR_REDIRECT] Apr 09, 2024 9:32:11 PM java.util.prefs.WindowsPreferences <init>
2024-04-09 21:32:11,338 [ERROR] LogOutputStream:75 - [STDERR_REDIRECT] WARNING: Could not open/create prefs root node Software\JavaSoft\Prefs at root 0xffffffff80000002. Windows RegCreateKeyEx(...) returned error code 5.
2024-04-09 21:32:11,338 [ERROR] LogOutputStream:75 - [STDERR_REDIRECT] 
2024-04-09 21:32:11,772 [INFO] MainUpdater:2873 - connection check result : 10
2024-04-09 21:32:11,772 [INFO] MainUpdater:290 - Updater Check For Update Now.
2024-04-09 21:32:11,773 [INFO] MicroXplorer:498 - Change Database Version : DB.6.0.100
2024-04-09 21:32:11,791 [INFO] McuFinderGlobals:63 - Set McuFinder mode to 2 (CubeIDE integrated)
2024-04-09 21:32:11,983 [INFO] CheckServerUpdateThread:120 - End of CheckServer Thread
2024-04-09 21:32:12,135 [INFO] UserAuth:404 - Internet connection configuration mode: 1
2024-04-09 21:32:12,152 [INFO] JxBrowserEngine:152 - Initiate JxBrowser Engine with user profile folder
2024-04-09 21:32:12,943 [INFO] WebApp:161 - Instantiating new browser for Auth
2024-04-09 21:32:13,553 [INFO] WebApp:780 - Register for checkConnection events
2024-04-09 21:32:13,554 [INFO] WebApp:414 - Apply proxy settings
2024-04-09 21:32:13,554 [INFO] WebApp:499 - Chromium requires no authentication
2024-04-09 21:32:13,561 [INFO] WebApp:442 - Direct internet connection detected
2024-04-09 21:32:13,697 [INFO] WebApp:192 - Starting web application
2024-04-09 21:32:13,697 [INFO] WebApp:544 - Web application path used C:\ST\STM32CubeIDE_1.14.1\STM32CubeIDE\plugins\com.st.stm32cube.common.mx_6.10.0.202311202037\db\plugins\mcufinder\reactClient1\index.html
2024-04-09 21:32:14,539 [WARN] PackLoader:240 - Cannot read IP mode file for STMicroelectronics.X-CUBE-SMBUS.2.1.0
2024-04-09 21:32:14,546 [WARN] PackLoader:240 - Cannot read IP mode file for STMicroelectronics.X-CUBE-TOUCHGFX.4.23.1
2024-04-09 21:32:14,549 [WARN] PackLoader:240 - Cannot read IP mode file for STMicroelectronics.X-CUBE-TOUCHGFX.4.23.0
2024-04-09 21:32:14,553 [WARN] PackLoader:240 - Cannot read IP mode file for STMicroelectronics.X-CUBE-TOUCHGFX.4.23.2
2024-04-09 21:32:14,580 [WARN] PackLoader:240 - Cannot read IP mode file for STMicroelectronics.X-CUBE-AZRTOS-F7.1.1.0
2024-04-09 21:32:14,595 [WARN] PackLoader:240 - Cannot read IP mode file for STMicroelectronics.FP-SNS-MOTENV1.4.3.2
2024-04-09 21:32:14,607 [WARN] PackLoader:240 - Cannot read IP mode file for STMicroelectronics.FP-SNS-FLIGHT1.5.0.2
2024-04-09 21:32:14,618 [WARN] PackLoader:240 - Cannot read IP mode file for STMicroelectronics.X-CUBE-DISPLAY.3.0.0
2024-04-09 21:32:14,662 [WARN] PackLoader:240 - Cannot read IP mode file for STMicroelectronics.X-CUBE-BLE1.7.0.0
2024-04-09 21:32:14,672 [WARN] PackLoader:240 - Cannot read IP mode file for emotas.I-CUBE-CANOPEN.1.3.0
2024-04-09 21:32:14,683 [WARN] PackLoader:240 - Cannot read IP mode file for STMicroelectronics.X-CUBE-BLEMGR.3.1.0
2024-04-09 21:32:14,690 [WARN] PackLoader:240 - Cannot read IP mode file for STMicroelectronics.FP-SNS-SMARTAG2.1.2.0
2024-04-09 21:32:14,700 [INFO] LogOutputStream:77 - [STDOUT_REDIRECT] 1 : Invalid condition id : UX_CORESTACK_Condition cause : null
2024-04-09 21:32:14,701 [INFO] LogOutputStream:77 - [STDOUT_REDIRECT] 1 : Invalid condition id : UX_CORESTACK_Condition cause : null
2024-04-09 21:32:14,702 [INFO] LogOutputStream:77 - [STDOUT_REDIRECT] 1 : Invalid condition id : UX_CORESTACK_Condition cause : null
2024-04-09 21:32:14,704 [INFO] LogOutputStream:77 - [STDOUT_REDIRECT] 1 : Invalid condition id : UX_CORESTACK_Condition cause : null
2024-04-09 21:32:14,704 [INFO] LogOutputStream:77 - [STDOUT_REDIRECT] 1 : Invalid condition id : UX_CORESTACK_Condition cause : null
2024-04-09 21:32:14,708 [WARN] PackLoader:240 - Cannot read IP mode file for STMicroelectronics.X-CUBE-AZRTOS-WL.2.0.0
2024-04-09 21:32:14,712 [WARN] PackLoader:240 - Cannot read IP mode file for STMicroelectronics.FP-SNS-MOTENV1.5.0.0
2024-04-09 21:32:14,722 [WARN] PackLoader:240 - Cannot read IP mode file for WES.I-CUBE-Cesium.1.3.0
2024-04-09 21:32:14,726 [WARN] PackLoader:240 - Cannot read IP mode file for STMicroelectronics.X-CUBE-BLE2.3.3.0
2024-04-09 21:32:14,735 [WARN] PackLoader:240 - Cannot read IP mode file for STMicroelectronics.X-CUBE-ALGOBUILD.1.3.0
2024-04-09 21:32:14,751 [WARN] PackLoader:240 - Cannot read IP mode file for STMicroelectronics.X-CUBE-AZRTOS-G0.1.1.0
2024-04-09 21:32:14,760 [WARN] PackLoader:240 - Cannot read IP mode file for STMicroelectronics.X-CUBE-SAFEA1.1.2.2
2024-04-09 21:32:14,769 [WARN] PackLoader:240 - Cannot read IP mode file for STMicroelectronics.X-CUBE-NFC4.3.0.0
2024-04-09 21:32:14,776 [WARN] PackLoader:240 - Cannot read IP mode file for STMicroelectronics.FP-ATR-SIGFOX1.3.2.0
2024-04-09 21:32:14,783 [WARN] PackLoader:240 - Cannot read IP mode file for STMicroelectronics.X-CUBE-EEPRMA1.5.1.0
2024-04-09 21:32:14,961 [WARN] PackLoader:240 - Cannot read IP mode file for SEGGER.I-CUBE-embOS.1.3.1
2024-04-09 21:32:15,001 [WARN] PackLoader:240 - Cannot read IP mode file for STMicroelectronics.X-CUBE-GNSS1.6.0.0
2024-04-09 21:32:15,020 [WARN] PackLoader:240 - Cannot read IP mode file for STMicroelectronics.X-CUBE-AZRTOS-F4.1.1.0
2024-04-09 21:32:15,028 [WARN] PackLoader:240 - Cannot read IP mode file for wolfSSL.I-CUBE-wolfSSL.5.6.6
2024-04-09 21:32:15,044 [WARN] PackLoader:240 - Cannot read IP mode file for STMicroelectronics.X-CUBE-AZRTOS-L5.2.0.0
2024-04-09 21:32:15,053 [WARN] PackLoader:240 - Cannot read IP mode file for STMicroelectronics.X-CUBE-NFC6.3.1.0
2024-04-09 21:32:15,061 [WARN] PackLoader:240 - Cannot read IP mode file for ITTIA_DB.I-CUBE-ITTIADB.8.8.0
2024-04-09 21:32:15,068 [WARN] PackLoader:240 - Cannot read IP mode file for STMicroelectronics.X-CUBE-NFC7.1.0.1
2024-04-09 21:32:15,075 [WARN] PackLoader:240 - Cannot read IP mode file for STMicroelectronics.X-CUBE-NFC6.3.0.0
2024-04-09 21:32:15,081 [WARN] PackLoader:240 - Cannot read IP mode file for STMicroelectronics.X-CUBE-AI.8.1.0
2024-04-09 21:32:15,097 [WARN] ConditionMgr:438 - getConditionDescription Invalid condition id : LAN8742 Phy interface Condition cause : null
2024-04-09 21:32:15,099 [WARN] PackLoader:240 - Cannot read IP mode file for STMicroelectronics.X-CUBE-AZRTOS-L4.2.0.0
2024-04-09 21:32:15,101 [WARN] ConditionMgr:1039 - genDependencies : Invalid condition id : LAN8742 Phy interface Condition cause : null
2024-04-09 21:32:15,101 [WARN] ConditionMgr:1039 - genDependencies : Invalid condition id : LAN8742 Phy interface Condition cause : null
2024-04-09 21:32:15,102 [WARN] ConditionMgr:1039 - genDependencies : Invalid condition id : LAN8742 Phy interface Condition cause : null
2024-04-09 21:32:15,109 [WARN] PackLoader:240 - Cannot read IP mode file for STMicroelectronics.X-CUBE-SFXS2LP1.4.0.0
2024-04-09 21:32:15,121 [WARN] ConditionMgr:438 - getConditionDescription Invalid condition id : UX DEVICE CLASS RTOS Condition cause : null
2024-04-09 21:32:15,122 [WARN] ConditionMgr:438 - getConditionDescription Invalid condition id : UX DEVICE CLASS RTOS Condition cause : null
2024-04-09 21:32:15,123 [WARN] PackLoader:240 - Cannot read IP mode file for STMicroelectronics.X-CUBE-AZRTOS-WB.2.0.0
2024-04-09 21:32:15,124 [WARN] ConditionMgr:1039 - genDependencies : Invalid condition id : UX DEVICE CLASS RTOS Condition cause : null
2024-04-09 21:32:15,125 [WARN] ConditionMgr:1039 - genDependencies : Invalid condition id : UX DEVICE CLASS RTOS Condition cause : null
2024-04-09 21:32:15,125 [WARN] ConditionMgr:1039 - genDependencies : Invalid condition id : UX DEVICE CLASS RTOS Condition cause : null
2024-04-09 21:32:15,125 [WARN] ConditionMgr:1039 - genDependencies : Invalid condition id : UX DEVICE CLASS RTOS Condition cause : null
2024-04-09 21:32:15,125 [WARN] ConditionMgr:1039 - genDependencies : Invalid condition id : UX DEVICE CLASS RTOS Condition cause : null
2024-04-09 21:32:15,135 [WARN] PackLoader:240 - Cannot read IP mode file for STMicroelectronics.X-CUBE-SUBG2.5.0.0
2024-04-09 21:32:15,148 [WARN] PackLoader:240 - Cannot read IP mode file for STMicroelectronics.X-CUBE-AZRTOS-G4.2.0.0
2024-04-09 21:32:15,163 [WARN] PackLoader:240 - Cannot read IP mode file for Infineon.AIROC-Wi-Fi-Bluetooth-STM32.1.5.1
2024-04-09 21:32:15,171 [WARN] PackLoader:240 - Cannot read IP mode file for STMicroelectronics.FP-SNS-MOTENVWB1.1.3.1
2024-04-09 21:32:15,177 [WARN] PackLoader:240 - Cannot read IP mode file for STMicroelectronics.X-CUBE-ISPU.2.0.0
2024-04-09 21:32:15,218 [WARN] PackLoader:240 - Cannot read IP mode file for STMicroelectronics.X-CUBE-MEMS1.10.0.0
2024-04-09 21:32:15,362 [WARN] PackLoader:240 - Cannot read IP mode file for STMicroelectronics.X-CUBE-FREERTOS.1.1.0
2024-04-09 21:32:15,372 [WARN] PackLoader:240 - Cannot read IP mode file for portGmbH.I-Cube-SoM-uGOAL.1.1.0
2024-04-09 21:32:15,379 [WARN] PackLoader:240 - Cannot read IP mode file for STMicroelectronics.X-CUBE-ALS.1.0.1
2024-04-09 21:32:15,386 [WARN] PackLoader:240 - Cannot read IP mode file for STMicroelectronics.FP-ATR-ASTRA1.2.0.0
2024-04-09 21:32:15,404 [WARN] PackLoader:240 - Cannot read IP mode file for STMicroelectronics.X-CUBE-TOF1.3.4.1
2024-04-09 21:32:15,436 [WARN] PackLoader:240 - Cannot read IP mode file for STMicroelectronics.X-CUBE-AZRTOS-H7.3.2.0
2024-04-09 21:32:15,439 [INFO] ThirdParty:978 - Integrity check success = true
2024-04-09 21:32:15,439 [INFO] IntegrityCheckThread:100 - exiting critical section [integrity check]
2024-04-09 21:32:15,439 [INFO] IntegrityCheckThread:103 - End integrity checks thread
2024-04-09 21:32:34,361 [ERROR] LogOutputStream:75 - [STDERR_REDIRECT] SLF4J: Failed to load class "org.slf4j.impl.StaticLoggerBinder".
2024-04-09 21:32:34,362 [ERROR] LogOutputStream:75 - [STDERR_REDIRECT] SLF4J: Defaulting to no-operation (NOP) logger implementation
2024-04-09 21:32:34,363 [ERROR] LogOutputStream:75 - [STDERR_REDIRECT] SLF4J: See http://www.slf4j.org/codes.html#StaticLoggerBinder for further details.
