2024-04-02 18:51:22,363 [INFO] Activator:176 - 


2024-04-02 18:51:22,368 [INFO] Activator:177 - !SESSION log4j initialized
2024-04-02 18:51:27,852 [INFO] LogOutputStream:77 - [STDOUT_REDIRECT] 
2024-04-02 18:51:31,300 [INFO] ApplicationProperties:184 - Using Application install path: C:\ST\STM32CubeIDE_1.14.1\STM32CubeIDE\plugins\com.st.stm32cube.common.mx_6.10.0.202311202037
2024-04-02 18:51:31,315 [INFO] DbMcusXml:78 - Set database path to: C:\ST\STM32CubeIDE_1.14.1\STM32CubeIDE\plugins\com.st.stm32cube.common.mx_6.10.0.202311202037\\db\/mcu/
2024-04-02 18:51:31,315 [INFO] ApiDb:274 - Set plugin database path to: C:\ST\STM32CubeIDE_1.14.1\STM32CubeIDE\plugins\com.st.stm32cube.common.mx_6.10.0.202311202037\\db\/plugins/boardmanager/
2024-04-02 18:51:31,315 [WARN] ApiDb:259 - Overriding images path with different value:  => C:\ST\STM32CubeIDE_1.14.1\STM32CubeIDE\plugins\com.st.stm32cube.common.mx_6.10.0.202311202037\\db\/plugins/mcufinder/images/
2024-04-02 18:51:31,331 [INFO] ApiDb:250 - Set database path to: C:\Users\myhg1\.stmcufinder\plugins\mcufinder//mcu/
2024-04-02 18:51:31,331 [INFO] DbMcusAds:125 - Set database path to: C:\Users\myhg1\.stmcufinder\plugins\mcufinder//mcu/
2024-04-02 18:51:31,331 [INFO] CrossReferenceDbSqlite:203 - Set database path to: C:\Users\myhg1\.stmcufinder\plugins\mcufinder//mcu/cs/
2024-04-02 18:51:31,426 [INFO] RulesReader:64 - Compatibility file has been processed (297 Rules)
2024-04-02 18:51:31,505 [INFO] DbMcusXml:78 - Set database path to: C:\ST\STM32CubeIDE_1.14.1\STM32CubeIDE\plugins\com.st.stm32cube.common.mx_6.10.0.202311202037\\db\/mcu/
2024-04-02 18:51:31,505 [INFO] ApiDb:274 - Set plugin database path to: C:\ST\STM32CubeIDE_1.14.1\STM32CubeIDE\plugins\com.st.stm32cube.common.mx_6.10.0.202311202037\\db\/plugins/boardmanager/
2024-04-02 18:51:31,505 [INFO] ApiDb:261 - Set plugin images path to: C:\ST\STM32CubeIDE_1.14.1\STM32CubeIDE\plugins\com.st.stm32cube.common.mx_6.10.0.202311202037\\db\/plugins/mcufinder/images/
2024-04-02 18:51:31,505 [WARN] DbFile:41 - Overriding database path with different value: C:\Users\myhg1\.stmcufinder\plugins\mcufinder/ => C:\Users\myhg1\.stmcufinder\plugins\mcufinder
2024-04-02 18:51:31,505 [INFO] ApiDb:250 - Set database path to: C:\Users\myhg1\.stmcufinder\plugins\mcufinder//mcu/
2024-04-02 18:51:31,505 [WARN] DbFile:41 - Overriding database path with different value: C:\Users\myhg1\.stmcufinder\plugins\mcufinder/ => C:\Users\myhg1\.stmcufinder\plugins\mcufinder
2024-04-02 18:51:31,505 [INFO] DbMcusAds:125 - Set database path to: C:\Users\myhg1\.stmcufinder\plugins\mcufinder//mcu/
2024-04-02 18:51:31,505 [WARN] DbFile:41 - Overriding database path with different value: C:\Users\myhg1\.stmcufinder\plugins\mcufinder/ => C:\Users\myhg1\.stmcufinder\plugins\mcufinder
2024-04-02 18:51:31,505 [WARN] DbFile:41 - Overriding database path with different value: C:\Users\myhg1\.stmcufinder\plugins\mcufinder/ => C:\Users\myhg1\.stmcufinder\plugins\mcufinder
2024-04-02 18:51:31,505 [INFO] CrossReferenceDbSqlite:203 - Set database path to: C:\Users\myhg1\.stmcufinder\plugins\mcufinder//mcu/cs/
2024-04-02 18:51:31,584 [INFO] MainPanel:264 - HeapMemory: 268435456
2024-04-02 18:51:31,651 [INFO] DbMcusXml:78 - Set database path to: C:\ST\STM32CubeIDE_1.14.1\STM32CubeIDE\plugins\com.st.stm32cube.common.mx_6.10.0.202311202037\\db\/mcu/
2024-04-02 18:51:31,651 [INFO] ApiDb:274 - Set plugin database path to: C:\ST\STM32CubeIDE_1.14.1\STM32CubeIDE\plugins\com.st.stm32cube.common.mx_6.10.0.202311202037\\db\/plugins/boardmanager/
2024-04-02 18:51:31,651 [INFO] ApiDb:261 - Set plugin images path to: C:\ST\STM32CubeIDE_1.14.1\STM32CubeIDE\plugins\com.st.stm32cube.common.mx_6.10.0.202311202037\\db\/plugins/mcufinder/images/
2024-04-02 18:51:31,651 [WARN] DbFile:41 - Overriding database path with different value: C:\Users\myhg1\.stmcufinder\plugins\mcufinder/ => C:\Users\myhg1\.stmcufinder\plugins\mcufinder
2024-04-02 18:51:31,651 [INFO] ApiDb:250 - Set database path to: C:\Users\myhg1\.stmcufinder\plugins\mcufinder//mcu/
2024-04-02 18:51:31,651 [WARN] DbFile:41 - Overriding database path with different value: C:\Users\myhg1\.stmcufinder\plugins\mcufinder/ => C:\Users\myhg1\.stmcufinder\plugins\mcufinder
2024-04-02 18:51:31,651 [INFO] DbMcusAds:125 - Set database path to: C:\Users\myhg1\.stmcufinder\plugins\mcufinder//mcu/
2024-04-02 18:51:31,651 [WARN] DbFile:41 - Overriding database path with different value: C:\Users\myhg1\.stmcufinder\plugins\mcufinder/ => C:\Users\myhg1\.stmcufinder\plugins\mcufinder
2024-04-02 18:51:31,651 [WARN] DbFile:41 - Overriding database path with different value: C:\Users\myhg1\.stmcufinder\plugins\mcufinder/ => C:\Users\myhg1\.stmcufinder\plugins\mcufinder
2024-04-02 18:51:31,651 [INFO] CrossReferenceDbSqlite:203 - Set database path to: C:\Users\myhg1\.stmcufinder\plugins\mcufinder//mcu/cs/
2024-04-02 18:51:31,667 [INFO] ApplicationProperties:184 - Using Application install path: C:\ST\STM32CubeIDE_1.14.1\STM32CubeIDE\plugins\com.st.stm32cube.common.mx_6.10.0.202311202037
2024-04-02 18:51:31,667 [INFO] PluginManage:196 - Search for loadable plugins [exclusion list=, ]
2024-04-02 18:51:31,667 [INFO] PluginManage:310 - Check plugin analytics
2024-04-02 18:51:31,827 [INFO] AnalyticsPlugin:253 - Accepted Software Licenses: 
2024-04-02 18:51:31,827 [INFO] AnalyticsPlugin:255 - Accepted CMSIS Pack Licenses: 
2024-04-02 18:51:31,827 [INFO] AnalyticsPlugin:257 - Accepted Firmware Licenses: FW.F4.1.28.0
2024-04-02 18:51:31,827 [INFO] PluginManage:359 - Loaded plugin analytics (category:tool,tabindex:-1)
2024-04-02 18:51:31,827 [INFO] PluginManage:310 - Check plugin cadmodel
2024-04-02 18:51:31,874 [INFO] CADModel:105 - Init CAD model plugin
2024-04-02 18:51:31,874 [INFO] PluginManage:359 - Loaded plugin cadmodel (category:power,tabindex:5)
2024-04-02 18:51:31,874 [INFO] PluginManage:310 - Check plugin clock
2024-04-02 18:51:31,909 [INFO] PluginManage:359 - Loaded plugin clock (category:base,tabindex:2)
2024-04-02 18:51:31,909 [INFO] PluginManage:310 - Check plugin ddr
2024-04-02 18:51:31,909 [INFO] PluginManage:359 - Loaded plugin ddr (category:tool,tabindex:6)
2024-04-02 18:51:31,909 [INFO] PluginManage:310 - Check plugin filemanager
2024-04-02 18:51:32,031 [INFO] PluginManage:359 - Loaded plugin filemanager (category:base,tabindex:10)
2024-04-02 18:51:32,031 [INFO] PluginManage:310 - Check plugin ipmanager
2024-04-02 18:51:32,052 [INFO] PluginManage:359 - Loaded plugin ipmanager (category:base,tabindex:5)
2024-04-02 18:51:32,052 [INFO] PluginManage:310 - Check plugin lpbam
2024-04-02 18:51:32,068 [INFO] PluginManage:359 - Loaded plugin lpbam (category:base,tabindex:0)
2024-04-02 18:51:32,068 [INFO] PluginManage:310 - Check plugin memorymap
2024-04-02 18:51:32,088 [INFO] PluginManage:359 - Loaded plugin memorymap (category:base,tabindex:4)
2024-04-02 18:51:32,088 [INFO] PluginManage:310 - Check plugin pinoutandconfiguration
2024-04-02 18:51:32,116 [INFO] PluginManage:359 - Loaded plugin pinoutandconfiguration (category:base,tabindex:1)
2024-04-02 18:51:32,116 [INFO] PluginManage:310 - Check plugin pinoutconfig
2024-04-02 18:51:32,235 [WARN] SupportedApi:132 - Cannot load RTOS API schema: s4s-elt-must-match.1: The content of 'definitions' must match (annotation?, (simpleType | complexType)?, (unique | key | keyref)*)). A problem was found starting at: attribute.
2024-04-02 18:51:32,340 [INFO] PluginManage:359 - Loaded plugin pinoutconfig (category:base,tabindex:0)
2024-04-02 18:51:32,340 [INFO] PluginManage:310 - Check plugin power
2024-04-02 18:51:32,400 [INFO] PluginManage:359 - Loaded plugin power (category:power,tabindex:4)
2024-04-02 18:51:32,400 [INFO] PluginManage:310 - Check plugin projectmanager
2024-04-02 18:51:32,416 [INFO] PluginManage:359 - Loaded plugin projectmanager (category:projectmanager,tabindex:3)
2024-04-02 18:51:32,416 [INFO] PluginManage:310 - Check plugin thirdparty
2024-04-02 18:51:32,678 [INFO] PluginManage:359 - Loaded plugin thirdparty (category:base,tabindex:-1)
2024-04-02 18:51:32,681 [INFO] PluginManage:310 - Check plugin tools
2024-04-02 18:51:32,681 [WARN] IntegrityCheckThread:84 - waiting for thirdparty lock release [integrity check]
2024-04-02 18:51:32,681 [INFO] IntegrityCheckThread:86 - entering critical section [integrity check]
2024-04-02 18:51:32,681 [INFO] ThirdPartyUpdaterWithRetryManager:70 - Updater plugin not ready yet. [1/15]
2024-04-02 18:51:32,686 [INFO] PluginManage:359 - Loaded plugin tools (category:base,tabindex:7)
2024-04-02 18:51:32,686 [INFO] PluginManage:310 - Check plugin tutovideos
2024-04-02 18:51:32,903 [INFO] PluginManage:359 - Loaded plugin tutovideos (category:base,tabindex:-1)
2024-04-02 18:51:32,903 [INFO] PluginManage:310 - Check plugin updater
2024-04-02 18:51:32,917 [INFO] PluginManage:359 - Loaded plugin updater (category:base,tabindex:12)
2024-04-02 18:51:32,917 [INFO] PluginManage:310 - Check plugin userauth
2024-04-02 18:51:32,923 [INFO] UserAuth:114 - Init User Auth plugin
2024-04-02 18:51:32,923 [INFO] PluginManage:359 - Loaded plugin userauth (category:base,tabindex:14)
2024-04-02 18:51:32,923 [INFO] PluginManage:283 - PluginManage : Loaded plugins [17]
2024-04-02 18:51:33,144 [INFO] PinOutPanel:1499 - setPackage(No Configuration,No Configuration)
2024-04-02 18:51:33,222 [INFO] CADModel:165 - CPN selected for project level
2024-04-02 18:51:33,222 [INFO] CADModel:114 - Register for checkConnection events
2024-04-02 18:51:33,250 [INFO] IPUIPlugin:80 - create IPUIPlugin
2024-04-02 18:51:33,253 [INFO] PluginManager:220 - loadIPPluginJar : add adc
2024-04-02 18:51:33,263 [INFO] IPUIPlugin:80 - create IPUIPlugin
2024-04-02 18:51:33,263 [INFO] PluginManager:220 - loadIPPluginJar : add aes
2024-04-02 18:51:33,273 [INFO] IPUIPlugin:80 - create IPUIPlugin
2024-04-02 18:51:33,279 [INFO] PluginManager:220 - loadIPPluginJar : add can
2024-04-02 18:51:33,284 [INFO] IPUIPlugin:80 - create IPUIPlugin
2024-04-02 18:51:33,284 [INFO] PluginManager:220 - loadIPPluginJar : add comp
2024-04-02 18:51:33,298 [INFO] IPUIPlugin:80 - create IPUIPlugin
2024-04-02 18:51:33,298 [INFO] PluginManager:220 - loadIPPluginJar : add cryp
2024-04-02 18:51:33,307 [INFO] IPUIPlugin:80 - create IPUIPlugin
2024-04-02 18:51:33,307 [INFO] PluginManager:220 - loadIPPluginJar : add dfsdm
2024-04-02 18:51:33,324 [INFO] IPUIPlugin:80 - create IPUIPlugin
2024-04-02 18:51:33,324 [INFO] PluginManager:220 - loadIPPluginJar : add dma
2024-04-02 18:51:33,336 [INFO] IPUIPlugin:80 - create IPUIPlugin
2024-04-02 18:51:33,336 [INFO] PluginManager:220 - loadIPPluginJar : add dma3
2024-04-02 18:51:33,336 [INFO] IPUIPlugin:80 - create IPUIPlugin
2024-04-02 18:51:33,336 [INFO] PluginManager:220 - loadIPPluginJar : add fatfs
2024-04-02 18:51:33,351 [INFO] IPUIPlugin:80 - create IPUIPlugin
2024-04-02 18:51:33,351 [INFO] PluginManager:220 - loadIPPluginJar : add fmc
2024-04-02 18:51:33,389 [INFO] IPUIPlugin:80 - create IPUIPlugin
2024-04-02 18:51:33,389 [INFO] PluginManager:220 - loadIPPluginJar : add freertos
2024-04-02 18:51:33,389 [INFO] IPUIPlugin:80 - create IPUIPlugin
2024-04-02 18:51:33,389 [INFO] PluginManager:220 - loadIPPluginJar : add genericplugin
2024-04-02 18:51:33,398 [INFO] IPUIPlugin:80 - create IPUIPlugin
2024-04-02 18:51:33,398 [INFO] PluginManager:220 - loadIPPluginJar : add gfxmmu
2024-04-02 18:51:33,414 [INFO] IPUIPlugin:80 - create IPUIPlugin
2024-04-02 18:51:33,414 [INFO] PluginManager:220 - loadIPPluginJar : add gic
2024-04-02 18:51:33,438 [INFO] IPUIPlugin:80 - create IPUIPlugin
2024-04-02 18:51:33,438 [INFO] PluginManager:220 - loadIPPluginJar : add gpio
2024-04-02 18:51:33,454 [INFO] IPUIPlugin:80 - create IPUIPlugin
2024-04-02 18:51:33,454 [INFO] PluginManager:220 - loadIPPluginJar : add gtzc
2024-04-02 18:51:33,465 [INFO] IPUIPlugin:80 - create IPUIPlugin
2024-04-02 18:51:33,466 [INFO] PluginManager:220 - loadIPPluginJar : add hash
2024-04-02 18:51:33,479 [INFO] IPUIPlugin:80 - create IPUIPlugin
2024-04-02 18:51:33,479 [INFO] PluginManager:220 - loadIPPluginJar : add i2c
2024-04-02 18:51:33,494 [INFO] IPUIPlugin:80 - create IPUIPlugin
2024-04-02 18:51:33,494 [INFO] PluginManager:220 - loadIPPluginJar : add i2s
2024-04-02 18:51:33,500 [INFO] IPUIPlugin:80 - create IPUIPlugin
2024-04-02 18:51:33,500 [INFO] PluginManager:220 - loadIPPluginJar : add i3c
2024-04-02 18:51:33,517 [INFO] IPUIPlugin:80 - create IPUIPlugin
2024-04-02 18:51:33,517 [INFO] PluginManager:220 - loadIPPluginJar : add ipddr
2024-04-02 18:51:33,541 [INFO] IPUIPlugin:80 - create IPUIPlugin
2024-04-02 18:51:33,541 [INFO] PluginManager:220 - loadIPPluginJar : add linkedlist
2024-04-02 18:51:33,554 [INFO] IPUIPlugin:80 - create IPUIPlugin
2024-04-02 18:51:33,554 [INFO] PluginManager:220 - loadIPPluginJar : add lorawan
2024-04-02 18:51:33,567 [INFO] IPUIPlugin:80 - create IPUIPlugin
2024-04-02 18:51:33,567 [INFO] PluginManager:220 - loadIPPluginJar : add ltdc
2024-04-02 18:51:33,584 [INFO] IPUIPlugin:80 - create IPUIPlugin
2024-04-02 18:51:33,584 [INFO] PluginManager:220 - loadIPPluginJar : add mdma
2024-04-02 18:51:33,598 [INFO] IPUIPlugin:80 - create IPUIPlugin
2024-04-02 18:51:33,598 [INFO] PluginManager:220 - loadIPPluginJar : add nvic
2024-04-02 18:51:33,606 [INFO] IPUIPlugin:80 - create IPUIPlugin
2024-04-02 18:51:33,606 [INFO] PluginManager:220 - loadIPPluginJar : add opamp
2024-04-02 18:51:33,623 [INFO] IPUIPlugin:80 - create IPUIPlugin
2024-04-02 18:51:33,624 [INFO] PluginManager:220 - loadIPPluginJar : add openamp
2024-04-02 18:51:33,635 [INFO] IPUIPlugin:80 - create IPUIPlugin
2024-04-02 18:51:33,635 [INFO] PluginManager:220 - loadIPPluginJar : add pdm2pcm
2024-04-02 18:51:33,650 [INFO] IPUIPlugin:80 - create IPUIPlugin
2024-04-02 18:51:33,654 [INFO] PluginManager:220 - loadIPPluginJar : add plateformsettings
2024-04-02 18:51:33,662 [INFO] IPUIPlugin:80 - create IPUIPlugin
2024-04-02 18:51:33,662 [INFO] PluginManager:220 - loadIPPluginJar : add quadspi
2024-04-02 18:51:33,678 [INFO] IPUIPlugin:80 - create IPUIPlugin
2024-04-02 18:51:33,678 [INFO] PluginManager:220 - loadIPPluginJar : add resmgrutility
2024-04-02 18:51:33,704 [INFO] IPUIPlugin:80 - create IPUIPlugin
2024-04-02 18:51:33,704 [INFO] PluginManager:220 - loadIPPluginJar : add sai
2024-04-02 18:51:33,717 [INFO] IPUIPlugin:80 - create IPUIPlugin
2024-04-02 18:51:33,717 [INFO] PluginManager:220 - loadIPPluginJar : add spi
2024-04-02 18:51:33,742 [INFO] IPUIPlugin:80 - create IPUIPlugin
2024-04-02 18:51:33,742 [INFO] PluginManager:220 - loadIPPluginJar : add stm32_wpan
2024-04-02 18:51:33,752 [INFO] IPUIPlugin:80 - create IPUIPlugin
2024-04-02 18:51:33,752 [INFO] PluginManager:220 - loadIPPluginJar : add tim
2024-04-02 18:51:33,773 [INFO] IPUIPlugin:80 - create IPUIPlugin
2024-04-02 18:51:33,773 [INFO] PluginManager:220 - loadIPPluginJar : add touchsensing
2024-04-02 18:51:33,773 [INFO] IPUIPlugin:80 - create IPUIPlugin
2024-04-02 18:51:33,773 [INFO] PluginManager:220 - loadIPPluginJar : add tracer_emb
2024-04-02 18:51:33,788 [INFO] IPUIPlugin:80 - create IPUIPlugin
2024-04-02 18:51:33,788 [INFO] PluginManager:220 - loadIPPluginJar : add ts
2024-04-02 18:51:33,789 [INFO] IPUIPlugin:80 - create IPUIPlugin
2024-04-02 18:51:33,789 [INFO] PluginManager:220 - loadIPPluginJar : add tsc
2024-04-02 18:51:33,804 [INFO] IPUIPlugin:80 - create IPUIPlugin
2024-04-02 18:51:33,804 [INFO] PluginManager:220 - loadIPPluginJar : add ucpd
2024-04-02 18:51:33,820 [INFO] IPUIPlugin:80 - create IPUIPlugin
2024-04-02 18:51:33,820 [INFO] PluginManager:220 - loadIPPluginJar : add usart
2024-04-02 18:51:33,835 [INFO] IPUIPlugin:80 - create IPUIPlugin
2024-04-02 18:51:33,835 [INFO] PluginManager:220 - loadIPPluginJar : add usbx
2024-04-02 18:51:33,959 [INFO] CADModel:165 - CPN selected for project level
2024-04-02 18:51:33,959 [INFO] CADModel:114 - Register for checkConnection events
2024-04-02 18:51:33,959 [FATAL] Updater:308 - Updater called before beeing initialized
2024-04-02 18:51:33,959 [ERROR] CADModel:125 - Updater not yet initialized, retry later 
2024-04-02 18:51:34,105 [INFO] CADModel:165 - CPN selected for project level
2024-04-02 18:51:34,105 [INFO] CADModel:114 - Register for checkConnection events
2024-04-02 18:51:34,105 [FATAL] Updater:308 - Updater called before beeing initialized
2024-04-02 18:51:34,105 [ERROR] CADModel:125 - Updater not yet initialized, retry later 
2024-04-02 18:51:34,106 [FATAL] Updater:308 - Updater called before beeing initialized
2024-04-02 18:51:34,200 [FATAL] Updater:308 - Updater called before beeing initialized
2024-04-02 18:51:34,207 [INFO] DbMcusAds:53 - JSON generation date=Wed Nov 29 19:52:27 KST 2023 (1701255147349)
2024-04-02 18:51:34,207 [FATAL] Updater:308 - Updater called before beeing initialized
2024-04-02 18:51:34,247 [WARN] DetailPanel:346 - Failed to get advertising image, set to default
2024-04-02 18:51:34,342 [FATAL] Updater:308 - Updater called before beeing initialized
2024-04-02 18:51:34,342 [FATAL] Updater:308 - Updater called before beeing initialized
2024-04-02 18:51:34,342 [FATAL] Updater:308 - Updater called before beeing initialized
2024-04-02 18:51:34,342 [WARN] DetailPanel:346 - Failed to get advertising image, set to default
2024-04-02 18:51:34,342 [FATAL] Updater:308 - Updater called before beeing initialized
2024-04-02 18:51:34,390 [ERROR] Updater:1120 - MainUpdater not yet initialized. External WinMGr cannot be set.
2024-04-02 18:51:34,406 [INFO] Updater:1056 - Updater Version found : 6.10.0
2024-04-02 18:51:34,421 [INFO] ApplicationProperties:184 - Using Application install path: C:\ST\STM32CubeIDE_1.14.1\STM32CubeIDE\plugins\com.st.stm32cube.common.mx_6.10.0.202311202037
2024-04-02 18:51:35,685 [INFO] ThirdPartyUpdaterWithRetryManager:70 - Updater plugin not ready yet. [2/15]
2024-04-02 18:51:36,032 [ERROR] LogOutputStream:75 - [STDERR_REDIRECT] Apr 02, 2024 6:51:36 PM java.util.prefs.WindowsPreferences <init>
2024-04-02 18:51:36,032 [ERROR] LogOutputStream:75 - [STDERR_REDIRECT] WARNING: Could not open/create prefs root node Software\JavaSoft\Prefs at root 0xffffffff80000002. Windows RegCreateKeyEx(...) returned error code 5.
2024-04-02 18:51:36,047 [ERROR] LogOutputStream:75 - [STDERR_REDIRECT] 
2024-04-02 18:51:36,475 [INFO] MainUpdater:2873 - connection check result : 10
2024-04-02 18:51:36,475 [INFO] MainUpdater:290 - Updater Check For Update Now.
2024-04-02 18:51:36,475 [INFO] MicroXplorer:498 - Change Database Version : DB.6.0.100
2024-04-02 18:51:36,475 [INFO] McuFinderGlobals:63 - Set McuFinder mode to 2 (CubeIDE integrated)
2024-04-02 18:51:36,650 [INFO] CheckServerUpdateThread:120 - End of CheckServer Thread
2024-04-02 18:51:36,763 [INFO] UserAuth:404 - Internet connection configuration mode: 1
2024-04-02 18:51:36,795 [INFO] JxBrowserEngine:152 - Initiate JxBrowser Engine with user profile folder
2024-04-02 18:51:38,986 [WARN] PackLoader:240 - Cannot read IP mode file for STMicroelectronics.X-CUBE-SMBUS.2.1.0
2024-04-02 18:51:38,998 [WARN] PackLoader:240 - Cannot read IP mode file for STMicroelectronics.X-CUBE-TOUCHGFX.4.23.1
2024-04-02 18:51:39,000 [WARN] PackLoader:240 - Cannot read IP mode file for STMicroelectronics.X-CUBE-TOUCHGFX.4.23.0
2024-04-02 18:51:39,025 [WARN] PackLoader:240 - Cannot read IP mode file for STMicroelectronics.X-CUBE-AZRTOS-F7.1.1.0
2024-04-02 18:51:39,041 [WARN] PackLoader:240 - Cannot read IP mode file for STMicroelectronics.FP-SNS-MOTENV1.4.3.2
2024-04-02 18:51:39,056 [WARN] PackLoader:240 - Cannot read IP mode file for STMicroelectronics.FP-SNS-FLIGHT1.5.0.2
2024-04-02 18:51:39,075 [WARN] PackLoader:240 - Cannot read IP mode file for STMicroelectronics.X-CUBE-DISPLAY.3.0.0
2024-04-02 18:51:39,104 [WARN] PackLoader:240 - Cannot read IP mode file for STMicroelectronics.X-CUBE-BLE1.7.0.0
2024-04-02 18:51:39,110 [WARN] PackLoader:240 - Cannot read IP mode file for emotas.I-CUBE-CANOPEN.1.3.0
2024-04-02 18:51:39,125 [WARN] PackLoader:240 - Cannot read IP mode file for STMicroelectronics.X-CUBE-BLEMGR.3.1.0
2024-04-02 18:51:39,146 [WARN] PackLoader:240 - Cannot read IP mode file for STMicroelectronics.FP-SNS-SMARTAG2.1.2.0
2024-04-02 18:51:39,153 [INFO] LogOutputStream:77 - [STDOUT_REDIRECT] 1 : Invalid condition id : UX_CORESTACK_Condition cause : null
2024-04-02 18:51:39,169 [INFO] LogOutputStream:77 - [STDOUT_REDIRECT] 1 : Invalid condition id : UX_CORESTACK_Condition cause : null
2024-04-02 18:51:39,169 [INFO] LogOutputStream:77 - [STDOUT_REDIRECT] 1 : Invalid condition id : UX_CORESTACK_Condition cause : null
2024-04-02 18:51:39,169 [INFO] LogOutputStream:77 - [STDOUT_REDIRECT] 1 : Invalid condition id : UX_CORESTACK_Condition cause : null
2024-04-02 18:51:39,169 [INFO] LogOutputStream:77 - [STDOUT_REDIRECT] 1 : Invalid condition id : UX_CORESTACK_Condition cause : null
2024-04-02 18:51:39,169 [WARN] PackLoader:240 - Cannot read IP mode file for STMicroelectronics.X-CUBE-AZRTOS-WL.2.0.0
2024-04-02 18:51:39,169 [WARN] PackLoader:240 - Cannot read IP mode file for STMicroelectronics.FP-SNS-MOTENV1.5.0.0
2024-04-02 18:51:39,198 [WARN] PackLoader:240 - Cannot read IP mode file for WES.I-CUBE-Cesium.1.3.0
2024-04-02 18:51:39,218 [WARN] PackLoader:240 - Cannot read IP mode file for STMicroelectronics.X-CUBE-BLE2.3.3.0
2024-04-02 18:51:39,233 [WARN] PackLoader:240 - Cannot read IP mode file for STMicroelectronics.X-CUBE-ALGOBUILD.1.3.0
2024-04-02 18:51:39,265 [WARN] PackLoader:240 - Cannot read IP mode file for STMicroelectronics.X-CUBE-AZRTOS-G0.1.1.0
2024-04-02 18:51:39,298 [WARN] PackLoader:240 - Cannot read IP mode file for STMicroelectronics.X-CUBE-SAFEA1.1.2.2
2024-04-02 18:51:39,308 [WARN] PackLoader:240 - Cannot read IP mode file for STMicroelectronics.X-CUBE-NFC4.3.0.0
2024-04-02 18:51:39,320 [WARN] PackLoader:240 - Cannot read IP mode file for STMicroelectronics.FP-ATR-SIGFOX1.3.2.0
2024-04-02 18:51:39,336 [WARN] PackLoader:240 - Cannot read IP mode file for STMicroelectronics.X-CUBE-EEPRMA1.5.1.0
2024-04-02 18:51:39,351 [INFO] WebApp:161 - Instantiating new browser for Auth
2024-04-02 18:51:39,374 [WARN] PackLoader:240 - Cannot read IP mode file for SEGGER.I-CUBE-embOS.1.3.1
2024-04-02 18:51:39,415 [WARN] PackLoader:240 - Cannot read IP mode file for STMicroelectronics.X-CUBE-GNSS1.6.0.0
2024-04-02 18:51:39,431 [WARN] PackLoader:240 - Cannot read IP mode file for STMicroelectronics.X-CUBE-AZRTOS-F4.1.1.0
2024-04-02 18:51:39,442 [WARN] PackLoader:240 - Cannot read IP mode file for wolfSSL.I-CUBE-wolfSSL.5.6.6
2024-04-02 18:51:39,469 [WARN] PackLoader:240 - Cannot read IP mode file for STMicroelectronics.X-CUBE-AZRTOS-L5.2.0.0
2024-04-02 18:51:39,492 [WARN] PackLoader:240 - Cannot read IP mode file for STMicroelectronics.X-CUBE-NFC6.3.1.0
2024-04-02 18:51:39,503 [WARN] PackLoader:240 - Cannot read IP mode file for ITTIA_DB.I-CUBE-ITTIADB.8.8.0
2024-04-02 18:51:39,590 [WARN] PackLoader:240 - Cannot read IP mode file for STMicroelectronics.X-CUBE-NFC7.1.0.1
2024-04-02 18:51:39,609 [WARN] PackLoader:240 - Cannot read IP mode file for STMicroelectronics.X-CUBE-NFC6.3.0.0
2024-04-02 18:51:39,676 [WARN] PackLoader:240 - Cannot read IP mode file for STMicroelectronics.X-CUBE-AI.8.1.0
2024-04-02 18:51:39,708 [WARN] ConditionMgr:438 - getConditionDescription Invalid condition id : LAN8742 Phy interface Condition cause : null
2024-04-02 18:51:39,709 [WARN] PackLoader:240 - Cannot read IP mode file for STMicroelectronics.X-CUBE-AZRTOS-L4.2.0.0
2024-04-02 18:51:39,711 [WARN] ConditionMgr:1039 - genDependencies : Invalid condition id : LAN8742 Phy interface Condition cause : null
2024-04-02 18:51:39,711 [WARN] ConditionMgr:1039 - genDependencies : Invalid condition id : LAN8742 Phy interface Condition cause : null
2024-04-02 18:51:39,712 [WARN] ConditionMgr:1039 - genDependencies : Invalid condition id : LAN8742 Phy interface Condition cause : null
2024-04-02 18:51:39,780 [WARN] PackLoader:240 - Cannot read IP mode file for STMicroelectronics.X-CUBE-SFXS2LP1.4.0.0
2024-04-02 18:51:39,797 [WARN] ConditionMgr:438 - getConditionDescription Invalid condition id : UX DEVICE CLASS RTOS Condition cause : null
2024-04-02 18:51:39,797 [WARN] ConditionMgr:438 - getConditionDescription Invalid condition id : UX DEVICE CLASS RTOS Condition cause : null
2024-04-02 18:51:39,799 [WARN] PackLoader:240 - Cannot read IP mode file for STMicroelectronics.X-CUBE-AZRTOS-WB.2.0.0
2024-04-02 18:51:39,799 [WARN] ConditionMgr:1039 - genDependencies : Invalid condition id : UX DEVICE CLASS RTOS Condition cause : null
2024-04-02 18:51:39,799 [WARN] ConditionMgr:1039 - genDependencies : Invalid condition id : UX DEVICE CLASS RTOS Condition cause : null
2024-04-02 18:51:39,800 [WARN] ConditionMgr:1039 - genDependencies : Invalid condition id : UX DEVICE CLASS RTOS Condition cause : null
2024-04-02 18:51:39,800 [WARN] ConditionMgr:1039 - genDependencies : Invalid condition id : UX DEVICE CLASS RTOS Condition cause : null
2024-04-02 18:51:39,800 [WARN] ConditionMgr:1039 - genDependencies : Invalid condition id : UX DEVICE CLASS RTOS Condition cause : null
2024-04-02 18:51:39,814 [WARN] PackLoader:240 - Cannot read IP mode file for STMicroelectronics.X-CUBE-SUBG2.5.0.0
2024-04-02 18:51:39,834 [WARN] PackLoader:240 - Cannot read IP mode file for STMicroelectronics.X-CUBE-AZRTOS-G4.2.0.0
2024-04-02 18:51:39,850 [WARN] PackLoader:240 - Cannot read IP mode file for Infineon.AIROC-Wi-Fi-Bluetooth-STM32.1.5.1
2024-04-02 18:51:39,860 [WARN] PackLoader:240 - Cannot read IP mode file for STMicroelectronics.FP-SNS-MOTENVWB1.1.3.1
2024-04-02 18:51:39,871 [WARN] PackLoader:240 - Cannot read IP mode file for STMicroelectronics.X-CUBE-ISPU.2.0.0
2024-04-02 18:51:40,020 [WARN] PackLoader:240 - Cannot read IP mode file for STMicroelectronics.X-CUBE-MEMS1.10.0.0
2024-04-02 18:51:40,285 [WARN] PackLoader:240 - Cannot read IP mode file for STMicroelectronics.X-CUBE-FREERTOS.1.1.0
2024-04-02 18:51:40,314 [WARN] PackLoader:240 - Cannot read IP mode file for portGmbH.I-Cube-SoM-uGOAL.1.1.0
2024-04-02 18:51:40,321 [WARN] PackLoader:240 - Cannot read IP mode file for STMicroelectronics.X-CUBE-ALS.1.0.1
2024-04-02 18:51:40,330 [WARN] PackLoader:240 - Cannot read IP mode file for STMicroelectronics.FP-ATR-ASTRA1.2.0.0
2024-04-02 18:51:40,346 [WARN] PackLoader:240 - Cannot read IP mode file for STMicroelectronics.X-CUBE-TOF1.3.4.1
2024-04-02 18:51:40,377 [WARN] PackLoader:240 - Cannot read IP mode file for STMicroelectronics.X-CUBE-AZRTOS-H7.3.2.0
2024-04-02 18:51:40,381 [INFO] ThirdParty:978 - Integrity check success = true
2024-04-02 18:51:40,381 [INFO] IntegrityCheckThread:100 - exiting critical section [integrity check]
2024-04-02 18:51:40,381 [INFO] IntegrityCheckThread:103 - End integrity checks thread
2024-04-02 18:51:40,701 [INFO] WebApp:780 - Register for checkConnection events
2024-04-02 18:51:40,705 [INFO] WebApp:414 - Apply proxy settings
2024-04-02 18:51:40,706 [INFO] WebApp:499 - Chromium requires no authentication
2024-04-02 18:51:40,722 [INFO] WebApp:442 - Direct internet connection detected
2024-04-02 18:51:41,104 [INFO] WebApp:192 - Starting web application
2024-04-02 18:51:41,105 [INFO] WebApp:544 - Web application path used C:\ST\STM32CubeIDE_1.14.1\STM32CubeIDE\plugins\com.st.stm32cube.common.mx_6.10.0.202311202037\db\plugins\mcufinder\reactClient1\index.html
2024-04-02 18:51:58,187 [ERROR] LogOutputStream:75 - [STDERR_REDIRECT] 
2024-04-02 18:51:58,188 [ERROR] LogOutputStream:75 - [STDERR_REDIRECT] 
