2024-03-31 12:54:06,782 [ERROR] LogOutputStream:75 - [STDERR_REDIRECT] 
2024-03-31 13:07:24,134 [INFO] Activator:176 - 


2024-03-31 13:07:24,137 [INFO] Activator:177 - !SESSION log4j initialized
2024-03-31 13:07:30,207 [INFO] LogOutputStream:77 - [STDOUT_REDIRECT] 
2024-03-31 13:07:34,605 [INFO] ApplicationProperties:184 - Using Application install path: C:\ST\STM32CubeIDE_1.14.1\STM32CubeIDE\plugins\com.st.stm32cube.common.mx_6.10.0.202311202037
2024-03-31 13:07:34,632 [INFO] DbMcusXml:78 - Set database path to: C:\ST\STM32CubeIDE_1.14.1\STM32CubeIDE\plugins\com.st.stm32cube.common.mx_6.10.0.202311202037\\db\/mcu/
2024-03-31 13:07:34,632 [INFO] ApiDb:274 - Set plugin database path to: C:\ST\STM32CubeIDE_1.14.1\STM32CubeIDE\plugins\com.st.stm32cube.common.mx_6.10.0.202311202037\\db\/plugins/boardmanager/
2024-03-31 13:07:34,633 [WARN] ApiDb:259 - Overriding images path with different value:  => C:\ST\STM32CubeIDE_1.14.1\STM32CubeIDE\plugins\com.st.stm32cube.common.mx_6.10.0.202311202037\\db\/plugins/mcufinder/images/
2024-03-31 13:07:34,654 [INFO] ApiDb:250 - Set database path to: C:\Users\myhg1\.stmcufinder\plugins\mcufinder//mcu/
2024-03-31 13:07:34,656 [INFO] DbMcusAds:125 - Set database path to: C:\Users\myhg1\.stmcufinder\plugins\mcufinder//mcu/
2024-03-31 13:07:34,659 [INFO] CrossReferenceDbSqlite:203 - Set database path to: C:\Users\myhg1\.stmcufinder\plugins\mcufinder//mcu/cs/
2024-03-31 13:07:34,804 [INFO] RulesReader:64 - Compatibility file has been processed (297 Rules)
2024-03-31 13:07:34,933 [INFO] DbMcusXml:78 - Set database path to: C:\ST\STM32CubeIDE_1.14.1\STM32CubeIDE\plugins\com.st.stm32cube.common.mx_6.10.0.202311202037\\db\/mcu/
2024-03-31 13:07:34,933 [INFO] ApiDb:274 - Set plugin database path to: C:\ST\STM32CubeIDE_1.14.1\STM32CubeIDE\plugins\com.st.stm32cube.common.mx_6.10.0.202311202037\\db\/plugins/boardmanager/
2024-03-31 13:07:34,933 [INFO] ApiDb:261 - Set plugin images path to: C:\ST\STM32CubeIDE_1.14.1\STM32CubeIDE\plugins\com.st.stm32cube.common.mx_6.10.0.202311202037\\db\/plugins/mcufinder/images/
2024-03-31 13:07:34,934 [WARN] DbFile:41 - Overriding database path with different value: C:\Users\myhg1\.stmcufinder\plugins\mcufinder/ => C:\Users\myhg1\.stmcufinder\plugins\mcufinder
2024-03-31 13:07:34,934 [INFO] ApiDb:250 - Set database path to: C:\Users\myhg1\.stmcufinder\plugins\mcufinder//mcu/
2024-03-31 13:07:34,934 [WARN] DbFile:41 - Overriding database path with different value: C:\Users\myhg1\.stmcufinder\plugins\mcufinder/ => C:\Users\myhg1\.stmcufinder\plugins\mcufinder
2024-03-31 13:07:34,934 [INFO] DbMcusAds:125 - Set database path to: C:\Users\myhg1\.stmcufinder\plugins\mcufinder//mcu/
2024-03-31 13:07:34,934 [WARN] DbFile:41 - Overriding database path with different value: C:\Users\myhg1\.stmcufinder\plugins\mcufinder/ => C:\Users\myhg1\.stmcufinder\plugins\mcufinder
2024-03-31 13:07:34,934 [WARN] DbFile:41 - Overriding database path with different value: C:\Users\myhg1\.stmcufinder\plugins\mcufinder/ => C:\Users\myhg1\.stmcufinder\plugins\mcufinder
2024-03-31 13:07:34,934 [INFO] CrossReferenceDbSqlite:203 - Set database path to: C:\Users\myhg1\.stmcufinder\plugins\mcufinder//mcu/cs/
2024-03-31 13:07:35,022 [INFO] MainPanel:264 - HeapMemory: 268435456
2024-03-31 13:07:35,111 [INFO] DbMcusXml:78 - Set database path to: C:\ST\STM32CubeIDE_1.14.1\STM32CubeIDE\plugins\com.st.stm32cube.common.mx_6.10.0.202311202037\\db\/mcu/
2024-03-31 13:07:35,111 [INFO] ApiDb:274 - Set plugin database path to: C:\ST\STM32CubeIDE_1.14.1\STM32CubeIDE\plugins\com.st.stm32cube.common.mx_6.10.0.202311202037\\db\/plugins/boardmanager/
2024-03-31 13:07:35,111 [INFO] ApiDb:261 - Set plugin images path to: C:\ST\STM32CubeIDE_1.14.1\STM32CubeIDE\plugins\com.st.stm32cube.common.mx_6.10.0.202311202037\\db\/plugins/mcufinder/images/
2024-03-31 13:07:35,111 [WARN] DbFile:41 - Overriding database path with different value: C:\Users\myhg1\.stmcufinder\plugins\mcufinder/ => C:\Users\myhg1\.stmcufinder\plugins\mcufinder
2024-03-31 13:07:35,111 [INFO] ApiDb:250 - Set database path to: C:\Users\myhg1\.stmcufinder\plugins\mcufinder//mcu/
2024-03-31 13:07:35,112 [WARN] DbFile:41 - Overriding database path with different value: C:\Users\myhg1\.stmcufinder\plugins\mcufinder/ => C:\Users\myhg1\.stmcufinder\plugins\mcufinder
2024-03-31 13:07:35,112 [INFO] DbMcusAds:125 - Set database path to: C:\Users\myhg1\.stmcufinder\plugins\mcufinder//mcu/
2024-03-31 13:07:35,112 [WARN] DbFile:41 - Overriding database path with different value: C:\Users\myhg1\.stmcufinder\plugins\mcufinder/ => C:\Users\myhg1\.stmcufinder\plugins\mcufinder
2024-03-31 13:07:35,112 [WARN] DbFile:41 - Overriding database path with different value: C:\Users\myhg1\.stmcufinder\plugins\mcufinder/ => C:\Users\myhg1\.stmcufinder\plugins\mcufinder
2024-03-31 13:07:35,112 [INFO] CrossReferenceDbSqlite:203 - Set database path to: C:\Users\myhg1\.stmcufinder\plugins\mcufinder//mcu/cs/
2024-03-31 13:07:35,130 [INFO] ApplicationProperties:184 - Using Application install path: C:\ST\STM32CubeIDE_1.14.1\STM32CubeIDE\plugins\com.st.stm32cube.common.mx_6.10.0.202311202037
2024-03-31 13:07:35,131 [INFO] PluginManage:196 - Search for loadable plugins [exclusion list=, ]
2024-03-31 13:07:35,133 [INFO] PluginManage:310 - Check plugin analytics
2024-03-31 13:07:35,323 [INFO] AnalyticsPlugin:253 - Accepted Software Licenses: 
2024-03-31 13:07:35,324 [INFO] AnalyticsPlugin:255 - Accepted CMSIS Pack Licenses: 
2024-03-31 13:07:35,324 [INFO] AnalyticsPlugin:257 - Accepted Firmware Licenses: FW.F4.1.28.0
2024-03-31 13:07:35,327 [INFO] PluginManage:359 - Loaded plugin analytics (category:tool,tabindex:-1)
2024-03-31 13:07:35,327 [INFO] PluginManage:310 - Check plugin cadmodel
2024-03-31 13:07:35,372 [INFO] CADModel:105 - Init CAD model plugin
2024-03-31 13:07:35,372 [INFO] PluginManage:359 - Loaded plugin cadmodel (category:power,tabindex:5)
2024-03-31 13:07:35,372 [INFO] PluginManage:310 - Check plugin clock
2024-03-31 13:07:35,405 [INFO] PluginManage:359 - Loaded plugin clock (category:base,tabindex:2)
2024-03-31 13:07:35,405 [INFO] PluginManage:310 - Check plugin ddr
2024-03-31 13:07:35,408 [INFO] PluginManage:359 - Loaded plugin ddr (category:tool,tabindex:6)
2024-03-31 13:07:35,409 [INFO] PluginManage:310 - Check plugin filemanager
2024-03-31 13:07:35,576 [INFO] PluginManage:359 - Loaded plugin filemanager (category:base,tabindex:10)
2024-03-31 13:07:35,576 [INFO] PluginManage:310 - Check plugin ipmanager
2024-03-31 13:07:35,585 [INFO] PluginManage:359 - Loaded plugin ipmanager (category:base,tabindex:5)
2024-03-31 13:07:35,585 [INFO] PluginManage:310 - Check plugin lpbam
2024-03-31 13:07:35,603 [INFO] PluginManage:359 - Loaded plugin lpbam (category:base,tabindex:0)
2024-03-31 13:07:35,604 [INFO] PluginManage:310 - Check plugin memorymap
2024-03-31 13:07:35,633 [INFO] PluginManage:359 - Loaded plugin memorymap (category:base,tabindex:4)
2024-03-31 13:07:35,634 [INFO] PluginManage:310 - Check plugin pinoutandconfiguration
2024-03-31 13:07:35,652 [INFO] PluginManage:359 - Loaded plugin pinoutandconfiguration (category:base,tabindex:1)
2024-03-31 13:07:35,652 [INFO] PluginManage:310 - Check plugin pinoutconfig
2024-03-31 13:07:35,769 [WARN] SupportedApi:132 - Cannot load RTOS API schema: s4s-elt-must-match.1: The content of 'definitions' must match (annotation?, (simpleType | complexType)?, (unique | key | keyref)*)). A problem was found starting at: attribute.
2024-03-31 13:07:35,940 [INFO] PluginManage:359 - Loaded plugin pinoutconfig (category:base,tabindex:0)
2024-03-31 13:07:35,940 [INFO] PluginManage:310 - Check plugin power
2024-03-31 13:07:35,984 [INFO] PluginManage:359 - Loaded plugin power (category:power,tabindex:4)
2024-03-31 13:07:35,984 [INFO] PluginManage:310 - Check plugin projectmanager
2024-03-31 13:07:36,003 [INFO] PluginManage:359 - Loaded plugin projectmanager (category:projectmanager,tabindex:3)
2024-03-31 13:07:36,003 [INFO] PluginManage:310 - Check plugin thirdparty
2024-03-31 13:07:36,261 [INFO] PluginManage:359 - Loaded plugin thirdparty (category:base,tabindex:-1)
2024-03-31 13:07:36,261 [WARN] IntegrityCheckThread:84 - waiting for thirdparty lock release [integrity check]
2024-03-31 13:07:36,261 [INFO] PluginManage:310 - Check plugin tools
2024-03-31 13:07:36,261 [INFO] IntegrityCheckThread:86 - entering critical section [integrity check]
2024-03-31 13:07:36,262 [INFO] ThirdPartyUpdaterWithRetryManager:70 - Updater plugin not ready yet. [1/15]
2024-03-31 13:07:36,273 [INFO] PluginManage:359 - Loaded plugin tools (category:base,tabindex:7)
2024-03-31 13:07:36,273 [INFO] PluginManage:310 - Check plugin tutovideos
2024-03-31 13:07:36,559 [INFO] PluginManage:359 - Loaded plugin tutovideos (category:base,tabindex:-1)
2024-03-31 13:07:36,559 [INFO] PluginManage:310 - Check plugin updater
2024-03-31 13:07:36,573 [INFO] PluginManage:359 - Loaded plugin updater (category:base,tabindex:12)
2024-03-31 13:07:36,574 [INFO] PluginManage:310 - Check plugin userauth
2024-03-31 13:07:36,579 [INFO] UserAuth:114 - Init User Auth plugin
2024-03-31 13:07:36,579 [INFO] PluginManage:359 - Loaded plugin userauth (category:base,tabindex:14)
2024-03-31 13:07:36,579 [INFO] PluginManage:283 - PluginManage : Loaded plugins [17]
2024-03-31 13:07:36,831 [INFO] PinOutPanel:1499 - setPackage(No Configuration,No Configuration)
2024-03-31 13:07:36,945 [INFO] CADModel:165 - CPN selected for project level
2024-03-31 13:07:36,945 [INFO] CADModel:114 - Register for checkConnection events
2024-03-31 13:07:36,982 [INFO] IPUIPlugin:80 - create IPUIPlugin
2024-03-31 13:07:36,982 [INFO] PluginManager:220 - loadIPPluginJar : add adc
2024-03-31 13:07:36,996 [INFO] IPUIPlugin:80 - create IPUIPlugin
2024-03-31 13:07:36,997 [INFO] PluginManager:220 - loadIPPluginJar : add aes
2024-03-31 13:07:37,013 [INFO] IPUIPlugin:80 - create IPUIPlugin
2024-03-31 13:07:37,013 [INFO] PluginManager:220 - loadIPPluginJar : add can
2024-03-31 13:07:37,026 [INFO] IPUIPlugin:80 - create IPUIPlugin
2024-03-31 13:07:37,027 [INFO] PluginManager:220 - loadIPPluginJar : add comp
2024-03-31 13:07:37,040 [INFO] IPUIPlugin:80 - create IPUIPlugin
2024-03-31 13:07:37,040 [INFO] PluginManager:220 - loadIPPluginJar : add cryp
2024-03-31 13:07:37,060 [INFO] IPUIPlugin:80 - create IPUIPlugin
2024-03-31 13:07:37,060 [INFO] PluginManager:220 - loadIPPluginJar : add dfsdm
2024-03-31 13:07:37,083 [INFO] IPUIPlugin:80 - create IPUIPlugin
2024-03-31 13:07:37,083 [INFO] PluginManager:220 - loadIPPluginJar : add dma
2024-03-31 13:07:37,097 [INFO] IPUIPlugin:80 - create IPUIPlugin
2024-03-31 13:07:37,097 [INFO] PluginManager:220 - loadIPPluginJar : add dma3
2024-03-31 13:07:37,105 [INFO] IPUIPlugin:80 - create IPUIPlugin
2024-03-31 13:07:37,105 [INFO] PluginManager:220 - loadIPPluginJar : add fatfs
2024-03-31 13:07:37,122 [INFO] IPUIPlugin:80 - create IPUIPlugin
2024-03-31 13:07:37,122 [INFO] PluginManager:220 - loadIPPluginJar : add fmc
2024-03-31 13:07:37,151 [INFO] IPUIPlugin:80 - create IPUIPlugin
2024-03-31 13:07:37,151 [INFO] PluginManager:220 - loadIPPluginJar : add freertos
2024-03-31 13:07:37,157 [INFO] IPUIPlugin:80 - create IPUIPlugin
2024-03-31 13:07:37,157 [INFO] PluginManager:220 - loadIPPluginJar : add genericplugin
2024-03-31 13:07:37,167 [INFO] IPUIPlugin:80 - create IPUIPlugin
2024-03-31 13:07:37,168 [INFO] PluginManager:220 - loadIPPluginJar : add gfxmmu
2024-03-31 13:07:37,188 [INFO] IPUIPlugin:80 - create IPUIPlugin
2024-03-31 13:07:37,188 [INFO] PluginManager:220 - loadIPPluginJar : add gic
2024-03-31 13:07:37,201 [INFO] IPUIPlugin:80 - create IPUIPlugin
2024-03-31 13:07:37,201 [INFO] PluginManager:220 - loadIPPluginJar : add gpio
2024-03-31 13:07:37,213 [INFO] IPUIPlugin:80 - create IPUIPlugin
2024-03-31 13:07:37,213 [INFO] PluginManager:220 - loadIPPluginJar : add gtzc
2024-03-31 13:07:37,222 [INFO] IPUIPlugin:80 - create IPUIPlugin
2024-03-31 13:07:37,222 [INFO] PluginManager:220 - loadIPPluginJar : add hash
2024-03-31 13:07:37,235 [INFO] IPUIPlugin:80 - create IPUIPlugin
2024-03-31 13:07:37,235 [INFO] PluginManager:220 - loadIPPluginJar : add i2c
2024-03-31 13:07:37,247 [INFO] IPUIPlugin:80 - create IPUIPlugin
2024-03-31 13:07:37,247 [INFO] PluginManager:220 - loadIPPluginJar : add i2s
2024-03-31 13:07:37,260 [INFO] IPUIPlugin:80 - create IPUIPlugin
2024-03-31 13:07:37,261 [INFO] PluginManager:220 - loadIPPluginJar : add i3c
2024-03-31 13:07:37,285 [INFO] IPUIPlugin:80 - create IPUIPlugin
2024-03-31 13:07:37,285 [INFO] PluginManager:220 - loadIPPluginJar : add ipddr
2024-03-31 13:07:37,313 [INFO] IPUIPlugin:80 - create IPUIPlugin
2024-03-31 13:07:37,313 [INFO] PluginManager:220 - loadIPPluginJar : add linkedlist
2024-03-31 13:07:37,325 [INFO] IPUIPlugin:80 - create IPUIPlugin
2024-03-31 13:07:37,325 [INFO] PluginManager:220 - loadIPPluginJar : add lorawan
2024-03-31 13:07:37,336 [INFO] IPUIPlugin:80 - create IPUIPlugin
2024-03-31 13:07:37,336 [INFO] PluginManager:220 - loadIPPluginJar : add ltdc
2024-03-31 13:07:37,357 [INFO] IPUIPlugin:80 - create IPUIPlugin
2024-03-31 13:07:37,357 [INFO] PluginManager:220 - loadIPPluginJar : add mdma
2024-03-31 13:07:37,374 [INFO] IPUIPlugin:80 - create IPUIPlugin
2024-03-31 13:07:37,374 [INFO] PluginManager:220 - loadIPPluginJar : add nvic
2024-03-31 13:07:37,390 [INFO] IPUIPlugin:80 - create IPUIPlugin
2024-03-31 13:07:37,390 [INFO] PluginManager:220 - loadIPPluginJar : add opamp
2024-03-31 13:07:37,403 [INFO] IPUIPlugin:80 - create IPUIPlugin
2024-03-31 13:07:37,403 [INFO] PluginManager:220 - loadIPPluginJar : add openamp
2024-03-31 13:07:37,418 [INFO] IPUIPlugin:80 - create IPUIPlugin
2024-03-31 13:07:37,418 [INFO] PluginManager:220 - loadIPPluginJar : add pdm2pcm
2024-03-31 13:07:37,443 [INFO] IPUIPlugin:80 - create IPUIPlugin
2024-03-31 13:07:37,445 [INFO] PluginManager:220 - loadIPPluginJar : add plateformsettings
2024-03-31 13:07:37,450 [INFO] IPUIPlugin:80 - create IPUIPlugin
2024-03-31 13:07:37,450 [INFO] PluginManager:220 - loadIPPluginJar : add quadspi
2024-03-31 13:07:37,471 [INFO] IPUIPlugin:80 - create IPUIPlugin
2024-03-31 13:07:37,472 [INFO] PluginManager:220 - loadIPPluginJar : add resmgrutility
2024-03-31 13:07:37,490 [INFO] IPUIPlugin:80 - create IPUIPlugin
2024-03-31 13:07:37,490 [INFO] PluginManager:220 - loadIPPluginJar : add sai
2024-03-31 13:07:37,504 [INFO] IPUIPlugin:80 - create IPUIPlugin
2024-03-31 13:07:37,505 [INFO] PluginManager:220 - loadIPPluginJar : add spi
2024-03-31 13:07:37,529 [INFO] IPUIPlugin:80 - create IPUIPlugin
2024-03-31 13:07:37,529 [INFO] PluginManager:220 - loadIPPluginJar : add stm32_wpan
2024-03-31 13:07:37,537 [INFO] IPUIPlugin:80 - create IPUIPlugin
2024-03-31 13:07:37,537 [INFO] PluginManager:220 - loadIPPluginJar : add tim
2024-03-31 13:07:37,559 [INFO] IPUIPlugin:80 - create IPUIPlugin
2024-03-31 13:07:37,559 [INFO] PluginManager:220 - loadIPPluginJar : add touchsensing
2024-03-31 13:07:37,576 [INFO] IPUIPlugin:80 - create IPUIPlugin
2024-03-31 13:07:37,577 [INFO] PluginManager:220 - loadIPPluginJar : add tracer_emb
2024-03-31 13:07:37,586 [INFO] IPUIPlugin:80 - create IPUIPlugin
2024-03-31 13:07:37,586 [INFO] PluginManager:220 - loadIPPluginJar : add ts
2024-03-31 13:07:37,593 [INFO] IPUIPlugin:80 - create IPUIPlugin
2024-03-31 13:07:37,593 [INFO] PluginManager:220 - loadIPPluginJar : add tsc
2024-03-31 13:07:37,601 [INFO] IPUIPlugin:80 - create IPUIPlugin
2024-03-31 13:07:37,601 [INFO] PluginManager:220 - loadIPPluginJar : add ucpd
2024-03-31 13:07:37,617 [INFO] IPUIPlugin:80 - create IPUIPlugin
2024-03-31 13:07:37,617 [INFO] PluginManager:220 - loadIPPluginJar : add usart
2024-03-31 13:07:37,637 [INFO] IPUIPlugin:80 - create IPUIPlugin
2024-03-31 13:07:37,637 [INFO] PluginManager:220 - loadIPPluginJar : add usbx
2024-03-31 13:07:37,773 [INFO] CADModel:165 - CPN selected for project level
2024-03-31 13:07:37,773 [INFO] CADModel:114 - Register for checkConnection events
2024-03-31 13:07:37,773 [FATAL] Updater:308 - Updater called before beeing initialized
2024-03-31 13:07:37,773 [ERROR] CADModel:125 - Updater not yet initialized, retry later 
2024-03-31 13:07:37,927 [INFO] CADModel:165 - CPN selected for project level
2024-03-31 13:07:37,927 [INFO] CADModel:114 - Register for checkConnection events
2024-03-31 13:07:37,927 [FATAL] Updater:308 - Updater called before beeing initialized
2024-03-31 13:07:37,927 [ERROR] CADModel:125 - Updater not yet initialized, retry later 
2024-03-31 13:07:37,931 [FATAL] Updater:308 - Updater called before beeing initialized
2024-03-31 13:07:38,062 [FATAL] Updater:308 - Updater called before beeing initialized
2024-03-31 13:07:38,068 [INFO] DbMcusAds:53 - JSON generation date=Wed Nov 29 19:52:27 KST 2023 (1701255147349)
2024-03-31 13:07:38,068 [FATAL] Updater:308 - Updater called before beeing initialized
2024-03-31 13:07:38,111 [WARN] DetailPanel:346 - Failed to get advertising image, set to default
2024-03-31 13:07:38,223 [FATAL] Updater:308 - Updater called before beeing initialized
2024-03-31 13:07:38,226 [FATAL] Updater:308 - Updater called before beeing initialized
2024-03-31 13:07:38,226 [FATAL] Updater:308 - Updater called before beeing initialized
2024-03-31 13:07:38,226 [WARN] DetailPanel:346 - Failed to get advertising image, set to default
2024-03-31 13:07:38,227 [FATAL] Updater:308 - Updater called before beeing initialized
2024-03-31 13:07:38,319 [ERROR] Updater:1120 - MainUpdater not yet initialized. External WinMGr cannot be set.
2024-03-31 13:07:38,324 [INFO] Updater:1056 - Updater Version found : 6.10.0
2024-03-31 13:07:38,346 [INFO] ApplicationProperties:184 - Using Application install path: C:\ST\STM32CubeIDE_1.14.1\STM32CubeIDE\plugins\com.st.stm32cube.common.mx_6.10.0.202311202037
2024-03-31 13:07:39,263 [INFO] ThirdPartyUpdaterWithRetryManager:70 - Updater plugin not ready yet. [2/15]
2024-03-31 13:07:39,927 [ERROR] LogOutputStream:75 - [STDERR_REDIRECT] Mar 31, 2024 1:07:39 PM java.util.prefs.WindowsPreferences <init>
2024-03-31 13:07:39,929 [ERROR] LogOutputStream:75 - [STDERR_REDIRECT] WARNING: Could not open/create prefs root node Software\JavaSoft\Prefs at root 0xffffffff80000002. Windows RegCreateKeyEx(...) returned error code 5.
2024-03-31 13:07:39,929 [ERROR] LogOutputStream:75 - [STDERR_REDIRECT] 
2024-03-31 13:07:40,518 [INFO] MainUpdater:2873 - connection check result : 10
2024-03-31 13:07:40,519 [INFO] MainUpdater:290 - Updater Check For Update Now.
2024-03-31 13:07:40,519 [INFO] MicroXplorer:498 - Change Database Version : DB.6.0.100
2024-03-31 13:07:40,526 [INFO] McuFinderGlobals:63 - Set McuFinder mode to 2 (CubeIDE integrated)
2024-03-31 13:07:40,698 [INFO] CheckServerUpdateThread:120 - End of CheckServer Thread
2024-03-31 13:07:41,231 [INFO] UserAuth:404 - Internet connection configuration mode: 1
2024-03-31 13:07:41,249 [INFO] JxBrowserEngine:152 - Initiate JxBrowser Engine with user profile folder
2024-03-31 13:07:42,668 [WARN] PackLoader:240 - Cannot read IP mode file for STMicroelectronics.X-CUBE-SMBUS.2.1.0
2024-03-31 13:07:42,678 [WARN] PackLoader:240 - Cannot read IP mode file for STMicroelectronics.X-CUBE-TOUCHGFX.4.23.1
2024-03-31 13:07:42,683 [WARN] PackLoader:240 - Cannot read IP mode file for STMicroelectronics.X-CUBE-TOUCHGFX.4.23.0
2024-03-31 13:07:42,717 [WARN] PackLoader:240 - Cannot read IP mode file for STMicroelectronics.X-CUBE-AZRTOS-F7.1.1.0
2024-03-31 13:07:42,735 [WARN] PackLoader:240 - Cannot read IP mode file for STMicroelectronics.FP-SNS-MOTENV1.4.3.2
2024-03-31 13:07:42,749 [WARN] PackLoader:240 - Cannot read IP mode file for STMicroelectronics.FP-SNS-FLIGHT1.5.0.2
2024-03-31 13:07:42,768 [WARN] PackLoader:240 - Cannot read IP mode file for STMicroelectronics.X-CUBE-DISPLAY.3.0.0
2024-03-31 13:07:42,801 [WARN] PackLoader:240 - Cannot read IP mode file for STMicroelectronics.X-CUBE-BLE1.7.0.0
2024-03-31 13:07:42,816 [WARN] PackLoader:240 - Cannot read IP mode file for emotas.I-CUBE-CANOPEN.1.3.0
2024-03-31 13:07:42,885 [WARN] PackLoader:240 - Cannot read IP mode file for STMicroelectronics.X-CUBE-BLEMGR.3.1.0
2024-03-31 13:07:42,903 [WARN] PackLoader:240 - Cannot read IP mode file for STMicroelectronics.FP-SNS-SMARTAG2.1.2.0
2024-03-31 13:07:42,924 [INFO] LogOutputStream:77 - [STDOUT_REDIRECT] 1 : Invalid condition id : UX_CORESTACK_Condition cause : null
2024-03-31 13:07:42,925 [INFO] LogOutputStream:77 - [STDOUT_REDIRECT] 1 : Invalid condition id : UX_CORESTACK_Condition cause : null
2024-03-31 13:07:42,927 [INFO] LogOutputStream:77 - [STDOUT_REDIRECT] 1 : Invalid condition id : UX_CORESTACK_Condition cause : null
2024-03-31 13:07:42,930 [INFO] LogOutputStream:77 - [STDOUT_REDIRECT] 1 : Invalid condition id : UX_CORESTACK_Condition cause : null
2024-03-31 13:07:42,931 [INFO] LogOutputStream:77 - [STDOUT_REDIRECT] 1 : Invalid condition id : UX_CORESTACK_Condition cause : null
2024-03-31 13:07:42,936 [WARN] PackLoader:240 - Cannot read IP mode file for STMicroelectronics.X-CUBE-AZRTOS-WL.2.0.0
2024-03-31 13:07:42,948 [WARN] PackLoader:240 - Cannot read IP mode file for STMicroelectronics.FP-SNS-MOTENV1.5.0.0
2024-03-31 13:07:42,963 [WARN] PackLoader:240 - Cannot read IP mode file for WES.I-CUBE-Cesium.1.3.0
2024-03-31 13:07:42,977 [WARN] PackLoader:240 - Cannot read IP mode file for STMicroelectronics.X-CUBE-BLE2.3.3.0
2024-03-31 13:07:43,001 [WARN] PackLoader:240 - Cannot read IP mode file for STMicroelectronics.X-CUBE-ALGOBUILD.1.3.0
2024-03-31 13:07:43,022 [WARN] PackLoader:240 - Cannot read IP mode file for STMicroelectronics.X-CUBE-AZRTOS-G0.1.1.0
2024-03-31 13:07:43,044 [WARN] PackLoader:240 - Cannot read IP mode file for STMicroelectronics.X-CUBE-SAFEA1.1.2.2
2024-03-31 13:07:43,064 [WARN] PackLoader:240 - Cannot read IP mode file for STMicroelectronics.X-CUBE-NFC4.3.0.0
2024-03-31 13:07:43,078 [WARN] PackLoader:240 - Cannot read IP mode file for STMicroelectronics.FP-ATR-SIGFOX1.3.2.0
2024-03-31 13:07:43,197 [WARN] PackLoader:240 - Cannot read IP mode file for STMicroelectronics.X-CUBE-EEPRMA1.5.1.0
2024-03-31 13:07:43,235 [WARN] PackLoader:240 - Cannot read IP mode file for SEGGER.I-CUBE-embOS.1.3.1
2024-03-31 13:07:43,267 [WARN] PackLoader:240 - Cannot read IP mode file for STMicroelectronics.X-CUBE-GNSS1.6.0.0
2024-03-31 13:07:43,284 [WARN] PackLoader:240 - Cannot read IP mode file for STMicroelectronics.X-CUBE-AZRTOS-F4.1.1.0
2024-03-31 13:07:43,284 [INFO] WebApp:161 - Instantiating new browser for Auth
2024-03-31 13:07:43,295 [WARN] PackLoader:240 - Cannot read IP mode file for wolfSSL.I-CUBE-wolfSSL.5.6.6
2024-03-31 13:07:43,320 [WARN] PackLoader:240 - Cannot read IP mode file for STMicroelectronics.X-CUBE-AZRTOS-L5.2.0.0
2024-03-31 13:07:43,342 [WARN] PackLoader:240 - Cannot read IP mode file for STMicroelectronics.X-CUBE-NFC6.3.1.0
2024-03-31 13:07:43,354 [WARN] PackLoader:240 - Cannot read IP mode file for ITTIA_DB.I-CUBE-ITTIADB.8.8.0
2024-03-31 13:07:43,365 [WARN] PackLoader:240 - Cannot read IP mode file for STMicroelectronics.X-CUBE-NFC7.1.0.1
2024-03-31 13:07:43,383 [WARN] PackLoader:240 - Cannot read IP mode file for STMicroelectronics.X-CUBE-NFC6.3.0.0
2024-03-31 13:07:43,399 [WARN] PackLoader:240 - Cannot read IP mode file for STMicroelectronics.X-CUBE-AI.8.1.0
2024-03-31 13:07:43,420 [WARN] ConditionMgr:438 - getConditionDescription Invalid condition id : LAN8742 Phy interface Condition cause : null
2024-03-31 13:07:43,421 [WARN] PackLoader:240 - Cannot read IP mode file for STMicroelectronics.X-CUBE-AZRTOS-L4.2.0.0
2024-03-31 13:07:43,422 [WARN] ConditionMgr:1039 - genDependencies : Invalid condition id : LAN8742 Phy interface Condition cause : null
2024-03-31 13:07:43,422 [WARN] ConditionMgr:1039 - genDependencies : Invalid condition id : LAN8742 Phy interface Condition cause : null
2024-03-31 13:07:43,423 [WARN] ConditionMgr:1039 - genDependencies : Invalid condition id : LAN8742 Phy interface Condition cause : null
2024-03-31 13:07:43,442 [WARN] PackLoader:240 - Cannot read IP mode file for STMicroelectronics.X-CUBE-SFXS2LP1.4.0.0
2024-03-31 13:07:43,465 [WARN] ConditionMgr:438 - getConditionDescription Invalid condition id : UX DEVICE CLASS RTOS Condition cause : null
2024-03-31 13:07:43,491 [WARN] ConditionMgr:438 - getConditionDescription Invalid condition id : UX DEVICE CLASS RTOS Condition cause : null
2024-03-31 13:07:43,494 [WARN] PackLoader:240 - Cannot read IP mode file for STMicroelectronics.X-CUBE-AZRTOS-WB.2.0.0
2024-03-31 13:07:43,494 [WARN] ConditionMgr:1039 - genDependencies : Invalid condition id : UX DEVICE CLASS RTOS Condition cause : null
2024-03-31 13:07:43,495 [WARN] ConditionMgr:1039 - genDependencies : Invalid condition id : UX DEVICE CLASS RTOS Condition cause : null
2024-03-31 13:07:43,495 [WARN] ConditionMgr:1039 - genDependencies : Invalid condition id : UX DEVICE CLASS RTOS Condition cause : null
2024-03-31 13:07:43,496 [WARN] ConditionMgr:1039 - genDependencies : Invalid condition id : UX DEVICE CLASS RTOS Condition cause : null
2024-03-31 13:07:43,496 [WARN] ConditionMgr:1039 - genDependencies : Invalid condition id : UX DEVICE CLASS RTOS Condition cause : null
2024-03-31 13:07:43,541 [WARN] PackLoader:240 - Cannot read IP mode file for STMicroelectronics.X-CUBE-SUBG2.5.0.0
2024-03-31 13:07:43,568 [WARN] PackLoader:240 - Cannot read IP mode file for STMicroelectronics.X-CUBE-AZRTOS-G4.2.0.0
2024-03-31 13:07:43,586 [WARN] PackLoader:240 - Cannot read IP mode file for Infineon.AIROC-Wi-Fi-Bluetooth-STM32.1.5.1
2024-03-31 13:07:43,597 [WARN] PackLoader:240 - Cannot read IP mode file for STMicroelectronics.FP-SNS-MOTENVWB1.1.3.1
2024-03-31 13:07:43,610 [WARN] PackLoader:240 - Cannot read IP mode file for STMicroelectronics.X-CUBE-ISPU.2.0.0
2024-03-31 13:07:43,714 [WARN] PackLoader:240 - Cannot read IP mode file for STMicroelectronics.X-CUBE-MEMS1.10.0.0
2024-03-31 13:07:43,865 [WARN] PackLoader:240 - Cannot read IP mode file for STMicroelectronics.X-CUBE-FREERTOS.1.1.0
2024-03-31 13:07:43,877 [WARN] PackLoader:240 - Cannot read IP mode file for portGmbH.I-Cube-SoM-uGOAL.1.1.0
2024-03-31 13:07:43,887 [WARN] PackLoader:240 - Cannot read IP mode file for STMicroelectronics.X-CUBE-ALS.1.0.1
2024-03-31 13:07:43,894 [WARN] PackLoader:240 - Cannot read IP mode file for STMicroelectronics.FP-ATR-ASTRA1.2.0.0
2024-03-31 13:07:43,911 [WARN] PackLoader:240 - Cannot read IP mode file for STMicroelectronics.X-CUBE-TOF1.3.4.1
2024-03-31 13:07:43,956 [WARN] PackLoader:240 - Cannot read IP mode file for STMicroelectronics.X-CUBE-AZRTOS-H7.3.2.0
2024-03-31 13:07:43,963 [INFO] ThirdParty:978 - Integrity check success = true
2024-03-31 13:07:43,963 [INFO] IntegrityCheckThread:100 - exiting critical section [integrity check]
2024-03-31 13:07:43,964 [INFO] IntegrityCheckThread:103 - End integrity checks thread
2024-03-31 13:07:44,569 [INFO] WebApp:780 - Register for checkConnection events
2024-03-31 13:07:44,569 [INFO] WebApp:414 - Apply proxy settings
2024-03-31 13:07:44,570 [INFO] WebApp:499 - Chromium requires no authentication
2024-03-31 13:07:44,583 [INFO] WebApp:442 - Direct internet connection detected
2024-03-31 13:07:44,898 [INFO] WebApp:192 - Starting web application
2024-03-31 13:07:44,898 [INFO] WebApp:544 - Web application path used C:\ST\STM32CubeIDE_1.14.1\STM32CubeIDE\plugins\com.st.stm32cube.common.mx_6.10.0.202311202037\db\plugins\mcufinder\reactClient1\index.html
2024-03-31 13:08:06,336 [ERROR] LogOutputStream:75 - [STDERR_REDIRECT] SLF4J: Failed to load class "org.slf4j.impl.StaticLoggerBinder".
2024-03-31 13:08:06,342 [ERROR] LogOutputStream:75 - [STDERR_REDIRECT] SLF4J: Defaulting to no-operation (NOP) logger implementation
2024-03-31 13:08:06,345 [ERROR] LogOutputStream:75 - [STDERR_REDIRECT] SLF4J: See http://www.slf4j.org/codes.html#StaticLoggerBinder for further details.
2024-03-31 13:08:47,192 [INFO] McuFinderGlobals:63 - Set McuFinder mode to 2 (CubeIDE integrated)
2024-03-31 13:08:47,226 [INFO] MainUpdater:2873 - connection check result : 10
2024-03-31 13:08:47,229 [INFO] MainUpdater:2873 - connection check result : 10
2024-03-31 13:08:47,412 [INFO] MicroXplorer:468 - Change Database Path : 
2024-03-31 13:08:47,412 [INFO] MicroXplorer:498 - Change Database Version : DB.6.0.100
2024-03-31 13:08:47,420 [WARN] ThirdParty:871 - waiting for thirdparty lock release [close project]
2024-03-31 13:08:47,420 [INFO] ThirdParty:873 - entering critical section [close project]
2024-03-31 13:08:47,426 [INFO] ThirdParty:883 - exiting critical section [close project]
2024-03-31 13:08:47,435 [INFO] PinOutPanel:1499 - setPackage(No Configuration,No Configuration)
2024-03-31 13:08:47,443 [INFO] UtilMem:75 - Begin LoadConfig() Used Memory: 361357680 Bytes (581959680)
2024-03-31 13:08:47,447 [INFO] MicroXplorer:468 - Change Database Path : 
2024-03-31 13:08:47,447 [INFO] MicroXplorer:498 - Change Database Version : DB.6.0.100
2024-03-31 13:08:47,447 [INFO] OpenFileManager:312 - Change cursor
2024-03-31 13:08:47,510 [INFO] Mcu:2016 - Initializing MCU STM32F405RGTx STM32F405RGTx STM32F405RGT6
2024-03-31 13:08:50,285 [INFO] Context:659 - Trying to add GPIOservice into a context  which must be forbidden
2024-03-31 13:08:51,133 [INFO] RtosManager:555 - Registered RTOS mode: class=CMSIS, group=RTOS, mode=CMSIS_V1, owner=FREERTOS
2024-03-31 13:08:51,134 [INFO] RtosManager:555 - Registered RTOS mode: class=CMSIS, group=RTOS2, mode=CMSIS_V2, owner=FREERTOS
2024-03-31 13:08:51,134 [INFO] RtosManager:555 - Registered RTOS mode: class=RTOS, group=Core, mode=CMSIS_V1, owner=FREERTOS
2024-03-31 13:08:51,134 [INFO] RtosManager:555 - Registered RTOS mode: class=RTOS, group=Core, mode=CMSIS_V2, owner=FREERTOS
2024-03-31 13:08:51,134 [WARN] ModelIntegratedComponent:184 - Missing modes for component STMicroelectronics:FreeRTOS:0.0.1:STMicroelectronics:RTOS:FreeRTOS:Core:::10.2.0:
2024-03-31 13:08:51,151 [WARN] ModelIntegratedComponent:63 - No mode defined for component null
2024-03-31 13:08:51,151 [WARN] ModelIntegratedComponent:63 - No mode defined for component null
2024-03-31 13:08:51,151 [WARN] ModelIntegratedComponent:63 - No mode defined for component null
2024-03-31 13:08:51,151 [WARN] ModelIntegratedComponent:63 - No mode defined for component null
2024-03-31 13:08:51,151 [WARN] ModelIntegratedComponent:63 - No mode defined for component null
2024-03-31 13:08:51,151 [WARN] ModelIntegratedComponent:63 - No mode defined for component null
2024-03-31 13:08:51,151 [WARN] ModelIntegratedComponent:63 - No mode defined for component null
2024-03-31 13:08:51,151 [WARN] ModelIntegratedComponent:63 - No mode defined for component null
2024-03-31 13:08:51,151 [WARN] ModelIntegratedComponent:63 - No mode defined for component null
2024-03-31 13:08:51,151 [WARN] ModelIntegratedComponent:63 - No mode defined for component null
2024-03-31 13:08:51,151 [WARN] ModelIntegratedComponent:63 - No mode defined for component null
2024-03-31 13:08:51,151 [WARN] ModelIntegratedComponent:63 - No mode defined for component null
2024-03-31 13:08:51,151 [WARN] ModelIntegratedComponent:63 - No mode defined for component null
2024-03-31 13:08:51,151 [WARN] ModelIntegratedComponent:63 - No mode defined for component null
2024-03-31 13:08:51,151 [WARN] ModelIntegratedComponent:63 - No mode defined for component null
2024-03-31 13:08:51,151 [WARN] ModelIntegratedComponent:63 - No mode defined for component null
2024-03-31 13:08:51,151 [WARN] ModelIntegratedComponent:63 - No mode defined for component null
2024-03-31 13:08:51,151 [WARN] ModelIntegratedComponent:63 - No mode defined for component null
2024-03-31 13:08:51,151 [WARN] ModelIntegratedComponent:63 - No mode defined for component null
2024-03-31 13:08:51,151 [WARN] ModelIntegratedComponent:63 - No mode defined for component null
2024-03-31 13:08:51,151 [WARN] ModelIntegratedComponent:63 - No mode defined for component null
2024-03-31 13:08:51,151 [WARN] ModelIntegratedComponent:63 - No mode defined for component null
2024-03-31 13:08:51,151 [WARN] ModelIntegratedComponent:63 - No mode defined for component null
2024-03-31 13:08:51,152 [WARN] ModelIntegratedComponent:63 - No mode defined for component null
2024-03-31 13:08:51,152 [WARN] ModelIntegratedComponent:63 - No mode defined for component null
2024-03-31 13:08:51,152 [WARN] ModelIntegratedComponent:63 - No mode defined for component null
2024-03-31 13:08:51,152 [WARN] ModelIntegratedComponent:63 - No mode defined for component null
2024-03-31 13:08:51,152 [WARN] ModelIntegratedComponent:63 - No mode defined for component null
2024-03-31 13:08:51,152 [WARN] ModelIntegratedComponent:63 - No mode defined for component null
2024-03-31 13:08:51,152 [WARN] ModelIntegratedComponent:63 - No mode defined for component null
2024-03-31 13:08:51,152 [WARN] ModelIntegratedComponent:63 - No mode defined for component null
2024-03-31 13:08:51,152 [WARN] ModelIntegratedComponent:63 - No mode defined for component null
2024-03-31 13:08:51,152 [WARN] ModelIntegratedComponent:63 - No mode defined for component null
2024-03-31 13:08:51,262 [INFO] ThirdPartyModel:298 - Start build external matchings
2024-03-31 13:08:51,500 [INFO] ThirdPartyModel:316 - End build external matchings
2024-03-31 13:08:51,515 [INFO] ImportTextPane:194 - (OptionalMessage_ERROR) IP (RCC) : Parameter (48MHZClocksFreq_Value) has invalid value (84000000)
2024-03-31 13:08:51,517 [INFO] ImportTextPane:194 - (OptionalMessage_ERROR) IP (RCC) : Parameter (RTCHSEDivFreq_Value) has invalid value (4000000)
2024-03-31 13:08:51,857 [INFO] UtilMem:75 - End LoadConfig() Used Memory: 362828208 Bytes (766509056)
2024-03-31 13:08:52,487 [INFO] ApiDb:581 - Connected to CubeFinder SQLite database (C:\Users\myhg1\.stmcufinder\plugins\mcufinder\mcu\cube-finder-db.db)
2024-03-31 13:08:52,607 [INFO] ApiDb:668 - CubeFinder database Data Model version=2.1
2024-03-31 13:08:52,607 [INFO] ApiDb:669 - CubeFinder database Configuration version=3.0.39
2024-03-31 13:08:52,609 [INFO] ApiDb:670 - CubeFinder database generation date=2024-03-02 (1709305525)
2024-03-31 13:08:52,609 [INFO] ApiDb:671 - CubeFinder database FW Pack versions=[FP-ATR-ASTRA1_V2.0.0, FP-SNS-FLIGHT1_V5.0.1, FP-SNS-FLIGHT1_V5.0.2, FP-SNS-MOTENV1_V4.3.1, FP-SNS-MOTENV1_V4.3.2, FP-SNS-MOTENVWB1_V1.3.1, FP-SNS-SMARTAG2_V1.2.0, STM32Cube_FW_C0_V1.1.0, STM32Cube_FW_F4_V1.28.0, STM32Cube_FW_F7_V1.17.0, STM32Cube_FW_G0_V1.6.2, STM32Cube_FW_G4_V1.5.2, STM32Cube_FW_H5_V0.5.1, STM32Cube_FW_H5_V1.1.1, STM32Cube_FW_H5_V1.2.0, STM32Cube_FW_H5_V1.2.0RC4, STM32Cube_FW_H7RS_V1.0.0, STM32Cube_FW_H7RS_V1.0.0RC4, STM32Cube_FW_H7_V1.11.0, STM32Cube_FW_L0_V1.12.2, STM32Cube_FW_L5_V1.5.1, STM32Cube_FW_U0_V1.0.0, STM32Cube_FW_U0_V1.0.0RC1, STM32Cube_FW_U5_V1.3.0RC4, STM32Cube_FW_U5_V1.5.0, STM32Cube_FW_U5_V1.5.0RC1, STM32Cube_FW_WBA_V1.0.0RC1, STM32Cube_FW_WBA_V1.2.0, STM32Cube_FW_WBA_V1.2.0RC2, STM32Cube_FW_WBA_V1.3.0, STM32Cube_FW_WBA_V1.3.0RC1, STM32Cube_FW_WB_V1.15.0RC1, STM32Cube_FW_WB_V1.16.0, STM32Cube_FW_WB_V1.16.0RC2, STM32Cube_FW_WB_V1.18.0, STM32Cube_FW_WB_V1.19.0, STM32Cube_FW_WL_V1.3.0, X-CUBE-ALGOBUILD_V1.3.0, X-CUBE-ALS_V1.0.1, X-CUBE-AZRTOS-F4_V1.1.0, X-CUBE-AZRTOS-F7_V1.1.0, X-CUBE-AZRTOS-G0_V1.1.0, X-CUBE-AZRTOS-G4_V2.0.0, X-CUBE-AZRTOS-H7_V3.2.0, X-CUBE-AZRTOS-L4_V1.0.0, X-CUBE-AZRTOS-L4_V2.0.0, X-CUBE-AZRTOS-L5_V1.1.0, X-CUBE-AZRTOS-WB_V2.0.0, X-CUBE-AZRTOS-WL_V2.0.0, X-CUBE-BLE1_V7.0.0, X-CUBE-BLE2_V3.3.0, X-CUBE-BLEMGR_V3.1.0, X-CUBE-EEPRMA1_V4.1.0, X-CUBE-EEPRMA1_V5.1.0, X-CUBE-FREERTOS_V1.1.0, X-CUBE-GNSS1_V6.0.0, X-CUBE-MEMS1_V10.0.0, X-CUBE-MEMS1_V9.1.0, X-CUBE-MEMS1_V9.4.0, X-CUBE-MEMS1_V9.6.0, X-CUBE-NFC4_V3.0.0, X-CUBE-NFC7_V1.0.1, X-CUBE-SFXS2LP1_V4.0.0, X-CUBE-SUBG2_V5.0.0, X-CUBE-TOF1_V3.4.0]
2024-03-31 13:08:55,551 [INFO] ApiDb:240 - Found 371 in-development CPN: [B-G473E-ZEST1S, B-WB1M-WPAN1, B-WL5M-SUBG1, NUCLEO-C031C6, NUCLEO-H503RB, NUCLEO-H563ZI, NUCLEO-U545RE-Q, NUCLEO-U5A5ZJ-Q, NUCLEO-WBA52CG, NUCLEO-WBA55CG, STEVAL-MKBOXPRO, STEVAL-PROTEUS1, STEVAL-STWINBX1, STM320518-EVAL, STM32C0116-DK, STM32C011D6Y3TR, STM32C011D6Y6TR, STM32C011F4P3, STM32C011F4P6, STM32C011F4U3, STM32C011F4U6TR, STM32C011F6P3, STM32C011F6P6, STM32C011F6U3, STM32C011F6U6TR, STM32C011J4M3, STM32C011J4M6, STM32C011J6M3, STM32C011J6M6, STM32C0316-DK, STM32C031C4T3, STM32C031C4T6, STM32C031C4U3, STM32C031C4U6, STM32C031C6T3, STM32C031C6T6, STM32C031C6U3, STM32C031C6U6, STM32C031F4P3, STM32C031F4P6, STM32C031F6P3, STM32C031F6P6, STM32C031G4U3, STM32C031G4U6, STM32C031G6U3, STM32C031G6U6, STM32C031K4T3, STM32C031K4T6, STM32C031K4U3, STM32C031K4U6, STM32C031K6T3, STM32C031K6T6, STM32C031K6U3, STM32C031K6U6, STM32G071K8TXN, STM32G071K8UXN, STM32G081GBU6N, STM32G081KBT6N, STM32G081KBUXN, STM32G0B1CCT6N, STM32G0B1KCT6, STM32G0B1NEY6TR, STM32G0B1RCT6N, STM32G0C1CCT6, STM32G0C1CCT6N, STM32G0C1CCU6N, STM32G0C1CET6N, STM32G0C1CEU6N, STM32G0C1KCT6, STM32G0C1NEY6TR, STM32G0C1RCI6N, STM32G0C1RCT6N, STM32G0C1REI6N, STM32G0C1RET6N, STM32G0C1VCI6, STM32G0C1VEI6, STM32G471CCT6, STM32G471CCU6, STM32G471CET3, STM32G471CET6, STM32G471CEU3, STM32G471CEU6, STM32G471MCT6, STM32G471MET3, STM32G471MET6, STM32G471MEY6TR, STM32G471QCT6, STM32G471QET3, STM32G471RCT6, STM32G471RET3, STM32G471RET6, STM32G471VCH6, STM32G471VCI6, STM32G471VCT6, STM32G471VEH3, STM32G471VEH6, STM32G471VEI3, STM32G471VEI6, STM32G471VET3, STM32G471VET6, STM32G474CCT6, STM32H503CBT6, STM32H503CBU6, STM32H503EBY6TR, STM32H503KBU6, STM32H503RBT6, STM32H562AGI6, STM32H562AII6, STM32H562IGK6, STM32H562IGT6, STM32H562IIK6, STM32H562IIT6, STM32H562RGT6, STM32H562RGV6, STM32H562RIT6, STM32H562RIV6, STM32H562VGT6, STM32H562VIT6, STM32H562ZGT6, STM32H562ZIT6, STM32H563AGI6, STM32H563AII3Q, STM32H563AII6, STM32H563IGK6, STM32H563IGT6, STM32H563IIK3Q, STM32H563IIK6, STM32H563IIT3Q, STM32H563IIT6, STM32H563MIY3QTR, STM32H563RGT6, STM32H563RGV6, STM32H563RIT6, STM32H563RIV6, STM32H563VGT6, STM32H563VIT3Q, STM32H563VIT6, STM32H563ZGT6, STM32H563ZIT3Q, STM32H563ZIT6, STM32H573AII3Q, STM32H573AII6, STM32H573I-DK, STM32H573IIK3Q, STM32H573IIK6, STM32H573IIT3Q, STM32H573IIT6, STM32H573MIY3QTR, STM32H573RIT6, STM32H573RIV6, STM32H573VIT3Q, STM32H573VIT6, STM32H573ZIT3Q, STM32H573ZIT6, STM32L4R5QGI6STR, STM32MP131AAE3, STM32MP131AAF3, STM32MP131AAG3, STM32MP131CAE3, STM32MP131CAF3, STM32MP131CAG3, STM32MP131DAE7, STM32MP131DAF7, STM32MP131DAG7, STM32MP131FAE7, STM32MP131FAF7, STM32MP131FAG7, STM32MP133AAE3, STM32MP133AAF3, STM32MP133AAG3, STM32MP133CAE3, STM32MP133CAF3, STM32MP133CAG3, STM32MP133DAE7, STM32MP133DAF7, STM32MP133DAG7, STM32MP133FAE7, STM32MP133FAF7, STM32MP133FAG7, STM32MP135AAE3, STM32MP135AAF3, STM32MP135AAG3, STM32MP135CAE3, STM32MP135CAF3, STM32MP135CAG3, STM32MP135DAE7, STM32MP135DAF7, STM32MP135DAG7, STM32MP135F-DK, STM32MP135FAE7, STM32MP135FAF7, STM32MP135FAF7T, STM32MP135FAF7U, STM32MP135FAG7, STM32U535CBT6, STM32U535CBT6Q, STM32U535CBU6, STM32U535CBU6Q, STM32U535CCT6, STM32U535CCT6Q, STM32U535CCU6, STM32U535CCU6Q, STM32U535CET6, STM32U535CET6Q, STM32U535CEU6, STM32U535CEU6Q, STM32U535JEY6QTR, STM32U535NCY6QTR, STM32U535NEY6QTR, STM32U535RBI6, STM32U535RBI6Q, STM32U535RBT6, STM32U535RBT6Q, STM32U535RCI6, STM32U535RCI6Q, STM32U535RCT6, STM32U535RCT6Q, STM32U535REI6, STM32U535REI6Q, STM32U535RET6, STM32U535RET6Q, STM32U535VCI6, STM32U535VCI6Q, STM32U535VCT6, STM32U535VCT6Q, STM32U535VEI6, STM32U535VEI6Q, STM32U535VET6, STM32U535VET6Q, STM32U545CET6, STM32U545CET6Q, STM32U545CEU6, STM32U545CEU6Q, STM32U545JEY6QTR, STM32U545NEY6QTR, STM32U545REI6, STM32U545REI6Q, STM32U545RET6, STM32U545RET6Q, STM32U545VEI6, STM32U545VEI6Q, STM32U545VET6, STM32U545VET6Q, STM32U595AIH6, STM32U595AIH6Q, STM32U595AJH6, STM32U595AJH6Q, STM32U595QII6, STM32U595QII6Q, STM32U595QJI6, STM32U595QJI6Q, STM32U595RIT6, STM32U595RIT6Q, STM32U595RJT6, STM32U595RJT6Q, STM32U595VIT6, STM32U595VIT6Q, STM32U595VJT6, STM32U595VJT6Q, STM32U595ZIT6, STM32U595ZIT6Q, STM32U595ZIY6QTR, STM32U595ZJT6, STM32U595ZJT6Q, STM32U595ZJY6QTR, STM32U599BJY6QTR, STM32U599NIH6Q, STM32U599NJH6Q, STM32U599VIT6Q, STM32U599VJT6, STM32U599VJT6Q, STM32U599ZIT6Q, STM32U599ZIY6QTR, STM32U599ZJT6Q, STM32U599ZJY6QTR, STM32U5A5AJH6, STM32U5A5AJH6Q, STM32U5A5QJI6, STM32U5A5QJI6Q, STM32U5A5RJT6, STM32U5A5RJT6Q, STM32U5A5VJT6, STM32U5A5VJT6Q, STM32U5A5ZJT6, STM32U5A5ZJT6Q, STM32U5A5ZJY6QTR, STM32U5A9BJY6QTR, STM32U5A9J-DK, STM32U5A9NJH6Q, STM32U5A9VJT6Q, STM32U5A9ZJT6Q, STM32U5A9ZJY6QTR, STM32U5F7VIT6, STM32U5F7VIT6Q, STM32U5F7VJT6, STM32U5F7VJT6Q, STM32U5F9BJY6QTR, STM32U5F9NJH6Q, STM32U5F9VIT6Q, STM32U5F9VJT6Q, STM32U5F9ZIJ6QTR, STM32U5F9ZIT6Q, STM32U5F9ZJJ6QTR, STM32U5F9ZJT6Q, STM32U5G7VJT6, STM32U5G7VJT6Q, STM32U5G9BJY6QTR, STM32U5G9J-DK1, STM32U5G9J-DK2, STM32U5G9NJH6Q, STM32U5G9VJT6Q, STM32U5G9ZJJ6QTR, STM32U5G9ZJT6Q, STM32WB1MMCH6, STM32WBA50KEU6, STM32WBA50KEU6TR, STM32WBA50KGU6, STM32WBA50KGU6TR, STM32WBA52CEU6, STM32WBA52CEU6TR, STM32WBA52CEU7, STM32WBA52CEU7TR, STM32WBA52CGU6, STM32WBA52CGU6TR, STM32WBA52CGU6U, STM32WBA52CGU7, STM32WBA52CGU7TR, STM32WBA52KEU6, STM32WBA52KEU6TR, STM32WBA52KGU6, STM32WBA52KGU6TR, STM32WBA54CEU6, STM32WBA54CEU6TR, STM32WBA54CEU7, STM32WBA54CEU7TR, STM32WBA54CGU6, STM32WBA54CGU6TR, STM32WBA54CGU7, STM32WBA54CGU7TR, STM32WBA54KEU6, STM32WBA54KEU6TR, STM32WBA54KEU7, STM32WBA54KEU7TR, STM32WBA54KGU6, STM32WBA54KGU6TR, STM32WBA54KGU7, STM32WBA54KGU7TR, STM32WBA55CEU6, STM32WBA55CEU6TR, STM32WBA55CEU7, STM32WBA55CEU7TR, STM32WBA55CGU6, STM32WBA55CGU6TR, STM32WBA55CGU6U, STM32WBA55CGU7, STM32WBA55CGU7TR, STM32WBA55G-DK1, STM32WBA55HEF6, STM32WBA55HEF7, STM32WBA55HGF6, STM32WBA55HGF7, STM32WBA55UEI6, STM32WBA55UEI6TR, STM32WBA55UEI7, STM32WBA55UEI7TR, STM32WBA55UGI6, STM32WBA55UGI6TR, STM32WBA55UGI7, STM32WBA55UGI7TR, STM32WL5MOCH6, STM32WL5MOCH6TR]
2024-03-31 13:08:55,557 [INFO] DbMcus:218 - Found 3986 MCUs, 3986 are supported
2024-03-31 13:08:55,560 [INFO] ApiDb:423 - Load user favorites file C:\Users\myhg1/.stm32cubeide/favorites.mcus.txt: 1 item(s)
2024-03-31 13:08:55,562 [INFO] ApiDb:427 - User favorites MCUs=[STM32F405RGT6]
2024-03-31 13:08:55,562 [INFO] DbMcus:224 - Set 1 / 1 favorites MCUs
2024-03-31 13:08:56,038 [INFO] MicroXplorer:468 - Change Database Path : 
2024-03-31 13:08:56,038 [INFO] MicroXplorer:498 - Change Database Version : DB.6.0.100
2024-03-31 13:08:56,040 [WARN] ThirdParty:833 - waiting for thirdparty lock release [change project]
2024-03-31 13:08:56,040 [INFO] ThirdParty:835 - entering critical section [change project]
2024-03-31 13:08:56,040 [INFO] ThirdParty:1030 - CMSIS Pack Vendor :STMicroelectronics USBPD 4.1
2024-03-31 13:08:56,040 [INFO] ThirdParty:1030 - CMSIS Pack Vendor :STMicroelectronics X-CUBE-GNSS1 6.0.0
2024-03-31 13:08:56,040 [INFO] ThirdParty:1030 - CMSIS Pack Vendor :STMicroelectronics USB_HOST 2.0.0
2024-03-31 13:08:56,040 [INFO] ThirdParty:1030 - CMSIS Pack Vendor :STMicroelectronics X-CUBE-AZRTOS-F4 1.1.0
2024-03-31 13:08:56,040 [INFO] ThirdParty:1030 - CMSIS Pack Vendor :STMicroelectronics LIBJPEG 8.0.0
2024-03-31 13:08:56,040 [INFO] ThirdParty:1030 - CMSIS Pack Vendor :STMicroelectronics X-CUBE-SMBUS 2.1.0
2024-03-31 13:08:56,040 [INFO] ThirdParty:1030 - CMSIS Pack Vendor :STMicroelectronics USB_DEVICE 3.0.0
2024-03-31 13:08:56,040 [INFO] ThirdParty:1030 - CMSIS Pack Vendor :STMicroelectronics X-CUBE-AZRTOS-WB 2.0.0
2024-03-31 13:08:56,040 [INFO] ThirdParty:1030 - CMSIS Pack Vendor :wolfSSL I-CUBE-wolfSSL 5.6.6
2024-03-31 13:08:56,040 [INFO] ThirdParty:1030 - CMSIS Pack Vendor :STMicroelectronics X-CUBE-TOUCHGFX 4.23.1
2024-03-31 13:08:56,040 [INFO] ThirdParty:1030 - CMSIS Pack Vendor :STMicroelectronics X-CUBE-TOUCHGFX 4.23.0
2024-03-31 13:08:56,040 [INFO] ThirdParty:1030 - CMSIS Pack Vendor :STMicroelectronics X-CUBE-AZRTOS-F7 1.1.0
2024-03-31 13:08:56,040 [INFO] ThirdParty:1030 - CMSIS Pack Vendor :STMicroelectronics X-CUBE-AZRTOS-L5 2.0.0
2024-03-31 13:08:56,040 [INFO] ThirdParty:1030 - CMSIS Pack Vendor :STMicroelectronics USB_DEVICE 2.0.0
2024-03-31 13:08:56,040 [INFO] ThirdParty:1030 - CMSIS Pack Vendor :STMicroelectronics X-CUBE-NFC6 3.1.0
2024-03-31 13:08:56,040 [INFO] ThirdParty:1030 - CMSIS Pack Vendor :ITTIA_DB I-CUBE-ITTIADB 8.8.0
2024-03-31 13:08:56,040 [INFO] ThirdParty:1030 - CMSIS Pack Vendor :STMicroelectronics FP-SNS-MOTENV1 4.3.2
2024-03-31 13:08:56,040 [INFO] ThirdParty:1030 - CMSIS Pack Vendor :STMicroelectronics X-CUBE-ALGOBUILD 1.3.0
2024-03-31 13:08:56,040 [INFO] ThirdParty:1030 - CMSIS Pack Vendor :STMicroelectronics FreeRTOS 0.0.1
2024-03-31 13:08:56,041 [INFO] ThirdParty:1030 - CMSIS Pack Vendor :STMicroelectronics X-CUBE-AZRTOS-G0 1.1.0
2024-03-31 13:08:56,041 [INFO] ThirdParty:1030 - CMSIS Pack Vendor :STMicroelectronics X-CUBE-SAFEA1 1.2.2
2024-03-31 13:08:56,041 [INFO] ThirdParty:1030 - CMSIS Pack Vendor :STMicroelectronics X-CUBE-NFC4 3.0.0
2024-03-31 13:08:56,041 [INFO] ThirdParty:1030 - CMSIS Pack Vendor :STMicroelectronics X-CUBE-SUBG2 5.0.0
2024-03-31 13:08:56,041 [INFO] ThirdParty:1030 - CMSIS Pack Vendor :STMicroelectronics STM32_WPAN 1.0.0
2024-03-31 13:08:56,041 [INFO] ThirdParty:1030 - CMSIS Pack Vendor :STMicroelectronics lwIP 2.0.3
2024-03-31 13:08:56,041 [INFO] ThirdParty:1030 - CMSIS Pack Vendor :STMicroelectronics FP-SNS-FLIGHT1 5.0.2
2024-03-31 13:08:56,041 [INFO] ThirdParty:1030 - CMSIS Pack Vendor :STMicroelectronics USB_HOST 1.0.0
2024-03-31 13:08:56,041 [INFO] ThirdParty:1030 - CMSIS Pack Vendor :STMicroelectronics X-CUBE-AZRTOS-G4 2.0.0
2024-03-31 13:08:56,041 [INFO] ThirdParty:1030 - CMSIS Pack Vendor :STMicroelectronics PDM2PCM 3.1.0
2024-03-31 13:08:56,041 [INFO] ThirdParty:1030 - CMSIS Pack Vendor :Infineon AIROC-Wi-Fi-Bluetooth-STM32 1.5.1
2024-03-31 13:08:56,041 [INFO] ThirdParty:1030 - CMSIS Pack Vendor :STMicroelectronics PDM2PCM 3.3.0
2024-03-31 13:08:56,041 [INFO] ThirdParty:1030 - CMSIS Pack Vendor :STMicroelectronics X-CUBE-DISPLAY 3.0.0
2024-03-31 13:08:56,041 [INFO] ThirdParty:1030 - CMSIS Pack Vendor :STMicroelectronics FP-SNS-MOTENVWB1 1.3.1
2024-03-31 13:08:56,041 [INFO] ThirdParty:1030 - CMSIS Pack Vendor :STMicroelectronics X-CUBE-BLE1 7.0.0
2024-03-31 13:08:56,041 [INFO] ThirdParty:1030 - CMSIS Pack Vendor :STMicroelectronics FP-ATR-SIGFOX1 3.2.0
2024-03-31 13:08:56,041 [INFO] ThirdParty:1030 - CMSIS Pack Vendor :STMicroelectronics X-CUBE-ISPU 2.0.0
2024-03-31 13:08:56,041 [INFO] ThirdParty:1030 - CMSIS Pack Vendor :STMicroelectronics X-CUBE-EEPRMA1 5.1.0
2024-03-31 13:08:56,041 [INFO] ThirdParty:1030 - CMSIS Pack Vendor :STMicroelectronics HAL Drivers 0.0.0
2024-03-31 13:08:56,042 [INFO] ThirdParty:1030 - CMSIS Pack Vendor :STMicroelectronics MBEDTLS 2.16.2
2024-03-31 13:08:56,042 [INFO] ThirdParty:1030 - CMSIS Pack Vendor :emotas I-CUBE-CANOPEN 1.3.0
2024-03-31 13:08:56,042 [INFO] ThirdParty:1030 - CMSIS Pack Vendor :STMicroelectronics X-CUBE-MEMS1 10.0.0
2024-03-31 13:08:56,042 [INFO] ThirdParty:1030 - CMSIS Pack Vendor :STMicroelectronics X-CUBE-FREERTOS 1.1.0
2024-03-31 13:08:56,042 [INFO] ThirdParty:1030 - CMSIS Pack Vendor :STMicroelectronics X-CUBE-NFC7 1.0.1
2024-03-31 13:08:56,042 [INFO] ThirdParty:1030 - CMSIS Pack Vendor :STMicroelectronics MBEDTLS 2.14.1
2024-03-31 13:08:56,042 [INFO] ThirdParty:1030 - CMSIS Pack Vendor :STMicroelectronics X-CUBE-NFC6 3.0.0
2024-03-31 13:08:56,042 [INFO] ThirdParty:1030 - CMSIS Pack Vendor :portGmbH I-Cube-SoM-uGOAL 1.1.0
2024-03-31 13:08:56,042 [INFO] ThirdParty:1030 - CMSIS Pack Vendor :STMicroelectronics X-CUBE-ALS 1.0.1
2024-03-31 13:08:56,042 [INFO] ThirdParty:1030 - CMSIS Pack Vendor :STMicroelectronics X-CUBE-BLEMGR 3.1.0
2024-03-31 13:08:56,042 [INFO] ThirdParty:1030 - CMSIS Pack Vendor :STMicroelectronics ThreadX 1.0.0
2024-03-31 13:08:56,042 [INFO] ThirdParty:1030 - CMSIS Pack Vendor :STMicroelectronics FP-SNS-SMARTAG2 1.2.0
2024-03-31 13:08:56,042 [INFO] ThirdParty:1030 - CMSIS Pack Vendor :STMicroelectronics X-CUBE-AZRTOS-WL 2.0.0
2024-03-31 13:08:56,042 [INFO] ThirdParty:1030 - CMSIS Pack Vendor :SEGGER I-CUBE-embOS 1.3.1
2024-03-31 13:08:56,042 [INFO] ThirdParty:1030 - CMSIS Pack Vendor :STMicroelectronics FP-SNS-MOTENV1 5.0.0
2024-03-31 13:08:56,042 [INFO] ThirdParty:1030 - CMSIS Pack Vendor :STMicroelectronics USB_DEVICE 1.0.0
2024-03-31 13:08:56,042 [INFO] ThirdParty:1030 - CMSIS Pack Vendor :STMicroelectronics X-CUBE-AI 8.1.0
2024-03-31 13:08:56,042 [INFO] ThirdParty:1030 - CMSIS Pack Vendor :STMicroelectronics X-CUBE-AZRTOS-L4 2.0.0
2024-03-31 13:08:56,042 [INFO] ThirdParty:1030 - CMSIS Pack Vendor :STMicroelectronics ThreadX 0.0.2
2024-03-31 13:08:56,042 [INFO] ThirdParty:1030 - CMSIS Pack Vendor :WES I-CUBE-Cesium 1.3.0
2024-03-31 13:08:56,042 [INFO] ThirdParty:1030 - CMSIS Pack Vendor :STMicroelectronics FP-ATR-ASTRA1 2.0.0
2024-03-31 13:08:56,042 [INFO] ThirdParty:1030 - CMSIS Pack Vendor :STMicroelectronics lwIP 2.1.2
2024-03-31 13:08:56,042 [INFO] ThirdParty:1030 - CMSIS Pack Vendor :STMicroelectronics X-CUBE-SFXS2LP1 4.0.0
2024-03-31 13:08:56,042 [INFO] ThirdParty:1030 - CMSIS Pack Vendor :STMicroelectronics X-CUBE-BLE2 3.3.0
2024-03-31 13:08:56,042 [INFO] ThirdParty:1030 - CMSIS Pack Vendor :STMicroelectronics X-CUBE-TOF1 3.4.1
2024-03-31 13:08:56,042 [INFO] ThirdParty:1030 - CMSIS Pack Vendor :STMicroelectronics X-CUBE-AZRTOS-H7 3.2.0
2024-03-31 13:08:56,042 [INFO] ThirdParty:1030 - CMSIS Pack Vendor :STMicroelectronics PDM2PCM 3.2.0
2024-03-31 13:08:56,042 [INFO] ThirdParty:841 - exiting critical section [change project]
2024-03-31 13:08:56,685 [INFO] PinOutPanel:1499 - setPackage(No Configuration,No Configuration)
2024-03-31 13:08:56,687 [INFO] PinOutPanel:1499 - setPackage(STM32F405RGTx,LQFP64)
2024-03-31 13:08:58,520 [INFO] UtilMem:75 - Before build in PCC Used Memory: 602363912 Bytes (766509056)
2024-03-31 13:08:59,911 [INFO] UtilMem:75 - After build in PCC Used Memory: 486356048 Bytes (766509056)
2024-03-31 13:08:59,975 [INFO] IPUIPlugin:80 - create IPUIPlugin
2024-03-31 13:08:59,975 [INFO] IPUIPlugin:80 - create IPUIPlugin
2024-03-31 13:08:59,975 [INFO] IPUIPlugin:80 - create IPUIPlugin
2024-03-31 13:08:59,977 [INFO] IPUIPlugin:80 - create IPUIPlugin
2024-03-31 13:08:59,978 [INFO] IPUIPlugin:80 - create IPUIPlugin
2024-03-31 13:08:59,980 [INFO] IPUIPlugin:80 - create IPUIPlugin
2024-03-31 13:08:59,981 [INFO] IPUIPlugin:80 - create IPUIPlugin
2024-03-31 13:08:59,983 [INFO] IPUIPlugin:80 - create IPUIPlugin
2024-03-31 13:08:59,993 [INFO] IPUIPlugin:80 - create IPUIPlugin
2024-03-31 13:08:59,995 [INFO] IPUIPlugin:80 - create IPUIPlugin
2024-03-31 13:08:59,997 [INFO] IPUIPlugin:80 - create IPUIPlugin
2024-03-31 13:08:59,997 [INFO] IPUIPlugin:80 - create IPUIPlugin
2024-03-31 13:08:59,998 [INFO] IPUIPlugin:80 - create IPUIPlugin
2024-03-31 13:08:59,998 [INFO] IPUIPlugin:80 - create IPUIPlugin
2024-03-31 13:08:59,998 [INFO] IPUIPlugin:80 - create IPUIPlugin
2024-03-31 13:08:59,998 [INFO] IPUIPlugin:80 - create IPUIPlugin
2024-03-31 13:08:59,998 [INFO] IPUIPlugin:80 - create IPUIPlugin
2024-03-31 13:08:59,998 [INFO] IPUIPlugin:80 - create IPUIPlugin
2024-03-31 13:08:59,999 [INFO] IPUIPlugin:80 - create IPUIPlugin
2024-03-31 13:09:00,000 [INFO] IPUIPlugin:80 - create IPUIPlugin
2024-03-31 13:09:00,000 [INFO] IPUIPlugin:80 - create IPUIPlugin
2024-03-31 13:09:00,000 [INFO] IPUIPlugin:80 - create IPUIPlugin
2024-03-31 13:09:00,001 [INFO] IPUIPlugin:80 - create IPUIPlugin
2024-03-31 13:09:00,001 [INFO] IPUIPlugin:80 - create IPUIPlugin
2024-03-31 13:09:00,001 [INFO] IPUIPlugin:80 - create IPUIPlugin
2024-03-31 13:09:00,005 [INFO] IPUIPlugin:80 - create IPUIPlugin
2024-03-31 13:09:00,006 [INFO] IPUIPlugin:80 - create IPUIPlugin
2024-03-31 13:09:00,006 [INFO] IPUIPlugin:80 - create IPUIPlugin
2024-03-31 13:09:00,006 [INFO] IPUIPlugin:80 - create IPUIPlugin
2024-03-31 13:09:00,010 [INFO] IPUIPlugin:80 - create IPUIPlugin
2024-03-31 13:09:00,011 [INFO] IPUIPlugin:80 - create IPUIPlugin
2024-03-31 13:09:00,011 [INFO] IPUIPlugin:80 - create IPUIPlugin
2024-03-31 13:09:00,012 [INFO] IPUIPlugin:80 - create IPUIPlugin
2024-03-31 13:09:00,012 [INFO] IPUIPlugin:80 - create IPUIPlugin
2024-03-31 13:09:00,012 [INFO] IPUIPlugin:80 - create IPUIPlugin
2024-03-31 13:09:00,012 [INFO] IPUIPlugin:80 - create IPUIPlugin
2024-03-31 13:09:00,013 [INFO] IPUIPlugin:80 - create IPUIPlugin
2024-03-31 13:09:00,013 [INFO] IPUIPlugin:80 - create IPUIPlugin
2024-03-31 13:09:00,013 [INFO] IPUIPlugin:80 - create IPUIPlugin
2024-03-31 13:09:00,014 [INFO] IPUIPlugin:80 - create IPUIPlugin
2024-03-31 13:09:00,014 [INFO] IPUIPlugin:80 - create IPUIPlugin
2024-03-31 13:09:00,014 [INFO] IPUIPlugin:80 - create IPUIPlugin
2024-03-31 13:09:00,014 [INFO] IPUIPlugin:80 - create IPUIPlugin
2024-03-31 13:09:00,022 [INFO] IPUIPlugin:80 - create IPUIPlugin
2024-03-31 13:09:00,023 [INFO] IPUIPlugin:80 - create IPUIPlugin
2024-03-31 13:09:00,023 [INFO] IPUIPlugin:80 - create IPUIPlugin
2024-03-31 13:09:00,024 [INFO] IPUIPlugin:80 - create IPUIPlugin
2024-03-31 13:09:00,024 [INFO] IPUIPlugin:80 - create IPUIPlugin
2024-03-31 13:09:00,025 [INFO] IPUIPlugin:80 - create IPUIPlugin
2024-03-31 13:09:00,027 [INFO] IPUIPlugin:80 - create IPUIPlugin
2024-03-31 13:09:00,028 [INFO] IPUIPlugin:80 - create IPUIPlugin
2024-03-31 13:09:00,029 [INFO] IPUIPlugin:80 - create IPUIPlugin
2024-03-31 13:09:00,029 [INFO] IPUIPlugin:80 - create IPUIPlugin
2024-03-31 13:09:00,030 [INFO] IPUIPlugin:80 - create IPUIPlugin
2024-03-31 13:09:00,190 [INFO] ApiDbMcu:508 - Load IP Config File for PDM2PCM
2024-03-31 13:09:00,684 [INFO] CADModel:165 - CPN selected for project levelSTM32F405RGT6
2024-03-31 13:09:00,684 [INFO] CADModel:114 - Register for checkConnection events
2024-03-31 13:09:00,729 [INFO] OpenFileManager:343 - Restore cursor
2024-03-31 13:09:54,835 [INFO] NvicIntPanel:101 - NVIC parent = com.st.microxplorer.plugins.ip.nvic.MultiNvicIntPanel[,0,0,0x0,invalid,layout=javax.swing.BoxLayout,alignmentX=0.0,alignmentY=0.0,border=,flags=9,maximumSize=,minimumSize=,preferredSize=]
2024-03-31 13:10:06,795 [INFO] NvicIntPanel:101 - NVIC parent = com.st.microxplorer.plugins.ip.nvic.MultiNvicIntPanel[,0,0,0x0,invalid,layout=javax.swing.BoxLayout,alignmentX=0.0,alignmentY=0.0,border=,flags=9,maximumSize=,minimumSize=,preferredSize=]
2024-03-31 13:10:20,026 [INFO] NvicIntPanel:101 - NVIC parent = com.st.microxplorer.plugins.ip.nvic.MultiNvicIntPanel[,0,0,0x0,invalid,layout=javax.swing.BoxLayout,alignmentX=0.0,alignmentY=0.0,border=,flags=9,maximumSize=,minimumSize=,preferredSize=]
2024-03-31 13:10:45,829 [INFO] UtilMem:75 - End SaveConfig() Used Memory: 653719096 Bytes (1073741824)
2024-03-31 13:10:46,201 [INFO] UtilMem:75 - End SaveConfig() Used Memory: 754552968 Bytes (1073741824)
2024-03-31 13:10:46,940 [INFO] BlockDiagram:2759 - set Specific Code input for plugin: SPI
2024-03-31 13:10:46,940 [INFO] BlockDiagram:2759 - set Specific Code input for plugin: SPI
2024-03-31 13:10:46,940 [INFO] BlockDiagram:2759 - set Specific Code input for plugin: SPI
2024-03-31 13:10:46,940 [INFO] BlockDiagram:2759 - set Specific Code input for plugin: TIM1_8
2024-03-31 13:10:46,941 [INFO] BlockDiagram:2759 - set Specific Code input for plugin: SYS
2024-03-31 13:10:46,941 [INFO] BlockDiagram:2759 - set Specific Code input for plugin: RCC
2024-03-31 13:10:46,941 [INFO] BlockDiagram:2759 - set Specific Code input for plugin: NVIC
2024-03-31 13:10:46,941 [INFO] BlockDiagram:2759 - set Specific Code input for plugin: USART
2024-03-31 13:10:46,941 [INFO] BlockDiagram:2759 - set Specific Code input for plugin: UART
2024-03-31 13:10:46,941 [INFO] BlockDiagram:2759 - set Specific Code input for plugin: GPIO
2024-03-31 13:10:46,947 [INFO] CodeGenerator:807 - code generatio: config db path: C:\ST\STM32CubeIDE_1.14.1\STM32CubeIDE\plugins\com.st.stm32cube.common.mx_6.10.0.202311202037\\db\
2024-03-31 13:10:47,530 [INFO] CodeEngine:255 - oldGeneratedFile, C:\Users\myhg1\STM32CubeIDE\Drone_project\Drone_3-2_M8N_Setting_Message\MXTmpFiles\license.tmp_save
2024-03-31 13:10:48,091 [INFO] CodeEngine:279 - Generated code: C:\Users\myhg1\STM32CubeIDE\Drone_project\Drone_3-2_M8N_Setting_Message\MXTmpFiles\license.tmp
2024-03-31 13:10:48,470 [INFO] CodeEngine:255 - oldGeneratedFile, C:\Users\myhg1\STM32CubeIDE\Drone_project\Drone_3-2_M8N_Setting_Message\Core\Src\gpio.c_save
2024-03-31 13:10:48,623 [INFO] CodeEngine:279 - Generated code: C:\Users\myhg1\STM32CubeIDE\Drone_project\Drone_3-2_M8N_Setting_Message\Core\Src\gpio.c
2024-03-31 13:10:48,637 [INFO] CodeEngine:255 - oldGeneratedFile, C:\Users\myhg1\STM32CubeIDE\Drone_project\Drone_3-2_M8N_Setting_Message\Core\Inc\gpio.h_save
2024-03-31 13:10:48,730 [INFO] CodeEngine:279 - Generated code: C:\Users\myhg1\STM32CubeIDE\Drone_project\Drone_3-2_M8N_Setting_Message\Core\Inc\gpio.h
2024-03-31 13:10:49,527 [INFO] CodeEngine:255 - oldGeneratedFile, C:\Users\myhg1\STM32CubeIDE\Drone_project\Drone_3-2_M8N_Setting_Message\Core\Src\spi.c_save
2024-03-31 13:10:49,786 [INFO] CodeEngine:279 - Generated code: C:\Users\myhg1\STM32CubeIDE\Drone_project\Drone_3-2_M8N_Setting_Message\Core\Src\spi.c
2024-03-31 13:10:49,809 [INFO] CodeEngine:255 - oldGeneratedFile, C:\Users\myhg1\STM32CubeIDE\Drone_project\Drone_3-2_M8N_Setting_Message\Core\Inc\spi.h_save
2024-03-31 13:10:49,953 [INFO] CodeEngine:279 - Generated code: C:\Users\myhg1\STM32CubeIDE\Drone_project\Drone_3-2_M8N_Setting_Message\Core\Inc\spi.h
2024-03-31 13:10:49,999 [INFO] CodeEngine:255 - oldGeneratedFile, C:\Users\myhg1\STM32CubeIDE\Drone_project\Drone_3-2_M8N_Setting_Message\Core\Src\tim.c_save
2024-03-31 13:10:50,233 [INFO] CodeEngine:279 - Generated code: C:\Users\myhg1\STM32CubeIDE\Drone_project\Drone_3-2_M8N_Setting_Message\Core\Src\tim.c
2024-03-31 13:10:50,248 [INFO] CodeEngine:255 - oldGeneratedFile, C:\Users\myhg1\STM32CubeIDE\Drone_project\Drone_3-2_M8N_Setting_Message\Core\Inc\tim.h_save
2024-03-31 13:10:50,337 [INFO] CodeEngine:279 - Generated code: C:\Users\myhg1\STM32CubeIDE\Drone_project\Drone_3-2_M8N_Setting_Message\Core\Inc\tim.h
2024-03-31 13:10:50,364 [INFO] CodeEngine:255 - oldGeneratedFile, C:\Users\myhg1\STM32CubeIDE\Drone_project\Drone_3-2_M8N_Setting_Message\Core\Src\usart.c_save
2024-03-31 13:10:50,485 [INFO] CodeEngine:279 - Generated code: C:\Users\myhg1\STM32CubeIDE\Drone_project\Drone_3-2_M8N_Setting_Message\Core\Src\usart.c
2024-03-31 13:10:50,501 [INFO] CodeEngine:255 - oldGeneratedFile, C:\Users\myhg1\STM32CubeIDE\Drone_project\Drone_3-2_M8N_Setting_Message\Core\Inc\usart.h_save
2024-03-31 13:10:50,579 [INFO] CodeEngine:279 - Generated code: C:\Users\myhg1\STM32CubeIDE\Drone_project\Drone_3-2_M8N_Setting_Message\Core\Inc\usart.h
2024-03-31 13:10:50,609 [INFO] CodeEngine:255 - oldGeneratedFile, C:\Users\myhg1\STM32CubeIDE\Drone_project\Drone_3-2_M8N_Setting_Message\Core\Src\stm32f4xx_it.c_save
2024-03-31 13:10:50,711 [INFO] CodeEngine:279 - Generated code: C:\Users\myhg1\STM32CubeIDE\Drone_project\Drone_3-2_M8N_Setting_Message\Core\Src\stm32f4xx_it.c
2024-03-31 13:10:50,728 [INFO] CodeEngine:255 - oldGeneratedFile, C:\Users\myhg1\STM32CubeIDE\Drone_project\Drone_3-2_M8N_Setting_Message\Core\Inc\stm32f4xx_it.h_save
2024-03-31 13:10:50,823 [INFO] CodeEngine:279 - Generated code: C:\Users\myhg1\STM32CubeIDE\Drone_project\Drone_3-2_M8N_Setting_Message\Core\Inc\stm32f4xx_it.h
2024-03-31 13:10:50,852 [INFO] CodeEngine:255 - oldGeneratedFile, C:\Users\myhg1\STM32CubeIDE\Drone_project\Drone_3-2_M8N_Setting_Message\Core\Src\stm32f4xx_hal_msp.c_save
2024-03-31 13:10:50,948 [INFO] CodeEngine:279 - Generated code: C:\Users\myhg1\STM32CubeIDE\Drone_project\Drone_3-2_M8N_Setting_Message\Core\Src\stm32f4xx_hal_msp.c
2024-03-31 13:10:50,959 [INFO] CodeEngine:255 - oldGeneratedFile, C:\Users\myhg1\STM32CubeIDE\Drone_project\Drone_3-2_M8N_Setting_Message\MXTmpFiles\system.tmp_save
2024-03-31 13:10:51,028 [INFO] CodeEngine:279 - Generated code: C:\Users\myhg1\STM32CubeIDE\Drone_project\Drone_3-2_M8N_Setting_Message\MXTmpFiles\system.tmp
2024-03-31 13:10:51,048 [INFO] CodeEngine:255 - oldGeneratedFile, C:\Users\myhg1\STM32CubeIDE\Drone_project\Drone_3-2_M8N_Setting_Message\Core\Inc\stm32_assert.h_save
2024-03-31 13:10:51,110 [INFO] CodeEngine:279 - Generated code: C:\Users\myhg1\STM32CubeIDE\Drone_project\Drone_3-2_M8N_Setting_Message\Core\Inc\stm32_assert.h
2024-03-31 13:10:51,130 [INFO] CodeEngine:311 - oldGeneratedFile, C:\Users\myhg1\STM32CubeIDE\Drone_project\Drone_3-2_M8N_Setting_Message\Core\Inc\stm32f4xx_hal_conf.h_save
2024-03-31 13:10:51,203 [INFO] CodeEngine:335 - Generated code: C:\Users\myhg1\STM32CubeIDE\Drone_project\Drone_3-2_M8N_Setting_Message\Core\Inc\stm32f4xx_hal_conf.h
2024-03-31 13:10:51,267 [INFO] CodeEngine:255 - oldGeneratedFile, C:\Users\myhg1\STM32CubeIDE\Drone_project\Drone_3-2_M8N_Setting_Message\Core\Inc\main.h_save
2024-03-31 13:10:51,351 [INFO] CodeEngine:279 - Generated code: C:\Users\myhg1\STM32CubeIDE\Drone_project\Drone_3-2_M8N_Setting_Message\Core\Inc\main.h
2024-03-31 13:10:51,396 [INFO] CodeEngine:255 - oldGeneratedFile, C:\Users\myhg1\STM32CubeIDE\Drone_project\Drone_3-2_M8N_Setting_Message\Core\Src\main.c_save
2024-03-31 13:10:51,530 [INFO] CodeEngine:279 - Generated code: C:\Users\myhg1\STM32CubeIDE\Drone_project\Drone_3-2_M8N_Setting_Message\Core\Src\main.c
2024-03-31 13:10:52,669 [INFO] ProjectBuilder:3076 - Time for Copy HAL[1] : 618mS.
2024-03-31 13:10:52,682 [INFO] ProjectBuilder:4485 - Project Generator version: 4.2.0-B44
2024-03-31 13:10:53,766 [INFO] ConfigFileManager:1495 - The Die is : DIE413
2024-03-31 13:10:53,884 [INFO] ApiDbMcu:508 - Load IP Config File for FATFS
2024-03-31 13:10:53,900 [INFO] ApiDbMcu:508 - Load IP Config File for FREERTOS
2024-03-31 13:10:53,907 [INFO] ApiDbMcu:508 - Load IP Config File for LIBJPEG
2024-03-31 13:10:53,940 [INFO] ApiDbMcu:508 - Load IP Config File for MBEDTLS
2024-03-31 13:10:53,954 [INFO] ApiDbMcu:508 - Load IP Config File for USB_DEVICE
2024-03-31 13:10:53,969 [INFO] ApiDbMcu:508 - Load IP Config File for USB_HOST
2024-03-31 13:10:55,749 [INFO] LogOutputStream:77 - [STDOUT_REDIRECT] 
2024-03-31 13:10:57,579 [INFO] ProjectBuilder:4747 - Time for Generating toolchain IDE Files: 4897mS.
2024-03-31 13:10:57,582 [INFO] ProjectBuilder:2947 - Time for Copy CMSIS : 2mS.
2024-03-31 13:10:57,591 [INFO] ProjectBuilder:2947 - Time for Copy CMSIS : 0mS.
2024-03-31 13:25:53,618 [INFO] UtilMem:75 - End SaveConfig() Used Memory: 686610416 Bytes (1073741824)
2024-03-31 13:25:53,927 [INFO] BlockDiagram:2759 - set Specific Code input for plugin: SPI
2024-03-31 13:25:53,927 [INFO] BlockDiagram:2759 - set Specific Code input for plugin: SPI
2024-03-31 13:25:53,927 [INFO] BlockDiagram:2759 - set Specific Code input for plugin: SPI
2024-03-31 13:25:53,927 [INFO] BlockDiagram:2759 - set Specific Code input for plugin: TIM1_8
2024-03-31 13:25:53,927 [INFO] BlockDiagram:2759 - set Specific Code input for plugin: SYS
2024-03-31 13:25:53,927 [INFO] BlockDiagram:2759 - set Specific Code input for plugin: RCC
2024-03-31 13:25:53,927 [INFO] BlockDiagram:2759 - set Specific Code input for plugin: NVIC
2024-03-31 13:25:53,928 [INFO] BlockDiagram:2759 - set Specific Code input for plugin: USART
2024-03-31 13:25:53,928 [INFO] BlockDiagram:2759 - set Specific Code input for plugin: UART
2024-03-31 13:25:53,928 [INFO] BlockDiagram:2759 - set Specific Code input for plugin: GPIO
2024-03-31 13:25:53,931 [INFO] CodeGenerator:807 - code generatio: config db path: C:\ST\STM32CubeIDE_1.14.1\STM32CubeIDE\plugins\com.st.stm32cube.common.mx_6.10.0.202311202037\\db\
2024-03-31 13:25:54,520 [INFO] CodeEngine:255 - oldGeneratedFile, C:\Users\myhg1\STM32CubeIDE\Drone_project\Drone_3-2_M8N_Setting_Message\MXTmpFiles\license.tmp_save
2024-03-31 13:25:54,767 [INFO] CodeEngine:279 - Generated code: C:\Users\myhg1\STM32CubeIDE\Drone_project\Drone_3-2_M8N_Setting_Message\MXTmpFiles\license.tmp
2024-03-31 13:25:54,955 [INFO] CodeEngine:255 - oldGeneratedFile, C:\Users\myhg1\STM32CubeIDE\Drone_project\Drone_3-2_M8N_Setting_Message\Core\Src\gpio.c_save
2024-03-31 13:25:55,313 [INFO] CodeEngine:279 - Generated code: C:\Users\myhg1\STM32CubeIDE\Drone_project\Drone_3-2_M8N_Setting_Message\Core\Src\gpio.c
2024-03-31 13:25:55,340 [INFO] CodeEngine:255 - oldGeneratedFile, C:\Users\myhg1\STM32CubeIDE\Drone_project\Drone_3-2_M8N_Setting_Message\Core\Inc\gpio.h_save
2024-03-31 13:25:55,614 [INFO] CodeEngine:279 - Generated code: C:\Users\myhg1\STM32CubeIDE\Drone_project\Drone_3-2_M8N_Setting_Message\Core\Inc\gpio.h
2024-03-31 13:25:56,525 [INFO] CodeEngine:255 - oldGeneratedFile, C:\Users\myhg1\STM32CubeIDE\Drone_project\Drone_3-2_M8N_Setting_Message\Core\Src\spi.c_save
2024-03-31 13:25:56,649 [INFO] CodeEngine:279 - Generated code: C:\Users\myhg1\STM32CubeIDE\Drone_project\Drone_3-2_M8N_Setting_Message\Core\Src\spi.c
2024-03-31 13:25:56,664 [INFO] CodeEngine:255 - oldGeneratedFile, C:\Users\myhg1\STM32CubeIDE\Drone_project\Drone_3-2_M8N_Setting_Message\Core\Inc\spi.h_save
2024-03-31 13:25:56,745 [INFO] CodeEngine:279 - Generated code: C:\Users\myhg1\STM32CubeIDE\Drone_project\Drone_3-2_M8N_Setting_Message\Core\Inc\spi.h
2024-03-31 13:25:56,783 [INFO] CodeEngine:255 - oldGeneratedFile, C:\Users\myhg1\STM32CubeIDE\Drone_project\Drone_3-2_M8N_Setting_Message\Core\Src\tim.c_save
2024-03-31 13:25:57,272 [INFO] CodeEngine:279 - Generated code: C:\Users\myhg1\STM32CubeIDE\Drone_project\Drone_3-2_M8N_Setting_Message\Core\Src\tim.c
2024-03-31 13:25:57,286 [INFO] CodeEngine:255 - oldGeneratedFile, C:\Users\myhg1\STM32CubeIDE\Drone_project\Drone_3-2_M8N_Setting_Message\Core\Inc\tim.h_save
2024-03-31 13:25:57,346 [INFO] CodeEngine:279 - Generated code: C:\Users\myhg1\STM32CubeIDE\Drone_project\Drone_3-2_M8N_Setting_Message\Core\Inc\tim.h
2024-03-31 13:25:57,364 [INFO] CodeEngine:255 - oldGeneratedFile, C:\Users\myhg1\STM32CubeIDE\Drone_project\Drone_3-2_M8N_Setting_Message\Core\Src\usart.c_save
2024-03-31 13:25:57,458 [INFO] CodeEngine:279 - Generated code: C:\Users\myhg1\STM32CubeIDE\Drone_project\Drone_3-2_M8N_Setting_Message\Core\Src\usart.c
2024-03-31 13:25:57,470 [INFO] CodeEngine:255 - oldGeneratedFile, C:\Users\myhg1\STM32CubeIDE\Drone_project\Drone_3-2_M8N_Setting_Message\Core\Inc\usart.h_save
2024-03-31 13:25:57,535 [INFO] CodeEngine:279 - Generated code: C:\Users\myhg1\STM32CubeIDE\Drone_project\Drone_3-2_M8N_Setting_Message\Core\Inc\usart.h
2024-03-31 13:25:57,562 [INFO] CodeEngine:255 - oldGeneratedFile, C:\Users\myhg1\STM32CubeIDE\Drone_project\Drone_3-2_M8N_Setting_Message\Core\Src\stm32f4xx_it.c_save
2024-03-31 13:25:57,753 [INFO] CodeEngine:279 - Generated code: C:\Users\myhg1\STM32CubeIDE\Drone_project\Drone_3-2_M8N_Setting_Message\Core\Src\stm32f4xx_it.c
2024-03-31 13:25:57,772 [INFO] CodeEngine:255 - oldGeneratedFile, C:\Users\myhg1\STM32CubeIDE\Drone_project\Drone_3-2_M8N_Setting_Message\Core\Inc\stm32f4xx_it.h_save
2024-03-31 13:25:57,854 [INFO] CodeEngine:279 - Generated code: C:\Users\myhg1\STM32CubeIDE\Drone_project\Drone_3-2_M8N_Setting_Message\Core\Inc\stm32f4xx_it.h
2024-03-31 13:25:57,880 [INFO] CodeEngine:255 - oldGeneratedFile, C:\Users\myhg1\STM32CubeIDE\Drone_project\Drone_3-2_M8N_Setting_Message\Core\Src\stm32f4xx_hal_msp.c_save
2024-03-31 13:25:58,006 [INFO] CodeEngine:279 - Generated code: C:\Users\myhg1\STM32CubeIDE\Drone_project\Drone_3-2_M8N_Setting_Message\Core\Src\stm32f4xx_hal_msp.c
2024-03-31 13:25:58,016 [INFO] CodeEngine:255 - oldGeneratedFile, C:\Users\myhg1\STM32CubeIDE\Drone_project\Drone_3-2_M8N_Setting_Message\MXTmpFiles\system.tmp_save
2024-03-31 13:25:58,082 [INFO] CodeEngine:279 - Generated code: C:\Users\myhg1\STM32CubeIDE\Drone_project\Drone_3-2_M8N_Setting_Message\MXTmpFiles\system.tmp
2024-03-31 13:25:58,096 [INFO] CodeEngine:255 - oldGeneratedFile, C:\Users\myhg1\STM32CubeIDE\Drone_project\Drone_3-2_M8N_Setting_Message\Core\Inc\stm32_assert.h_save
2024-03-31 13:25:58,160 [INFO] CodeEngine:279 - Generated code: C:\Users\myhg1\STM32CubeIDE\Drone_project\Drone_3-2_M8N_Setting_Message\Core\Inc\stm32_assert.h
2024-03-31 13:25:58,185 [INFO] CodeEngine:311 - oldGeneratedFile, C:\Users\myhg1\STM32CubeIDE\Drone_project\Drone_3-2_M8N_Setting_Message\Core\Inc\stm32f4xx_hal_conf.h_save
2024-03-31 13:25:58,255 [INFO] CodeEngine:335 - Generated code: C:\Users\myhg1\STM32CubeIDE\Drone_project\Drone_3-2_M8N_Setting_Message\Core\Inc\stm32f4xx_hal_conf.h
2024-03-31 13:25:58,297 [INFO] CodeEngine:255 - oldGeneratedFile, C:\Users\myhg1\STM32CubeIDE\Drone_project\Drone_3-2_M8N_Setting_Message\Core\Inc\main.h_save
2024-03-31 13:25:58,379 [INFO] CodeEngine:279 - Generated code: C:\Users\myhg1\STM32CubeIDE\Drone_project\Drone_3-2_M8N_Setting_Message\Core\Inc\main.h
2024-03-31 13:25:58,429 [INFO] CodeEngine:255 - oldGeneratedFile, C:\Users\myhg1\STM32CubeIDE\Drone_project\Drone_3-2_M8N_Setting_Message\Core\Src\main.c_save
2024-03-31 13:25:58,535 [INFO] CodeEngine:279 - Generated code: C:\Users\myhg1\STM32CubeIDE\Drone_project\Drone_3-2_M8N_Setting_Message\Core\Src\main.c
2024-03-31 13:25:59,792 [INFO] ProjectBuilder:3076 - Time for Copy HAL[1] : 815mS.
2024-03-31 13:25:59,808 [INFO] ProjectBuilder:4485 - Project Generator version: 4.2.0-B44
2024-03-31 13:26:00,338 [INFO] ConfigFileManager:1495 - The Die is : DIE413
2024-03-31 13:26:03,221 [INFO] ProjectBuilder:4747 - Time for Generating toolchain IDE Files: 3413mS.
2024-03-31 13:26:03,224 [INFO] ProjectBuilder:2947 - Time for Copy CMSIS : 2mS.
2024-03-31 13:26:03,234 [INFO] ProjectBuilder:2947 - Time for Copy CMSIS : 0mS.
