2024-04-07 13:57:09,992 [ERROR] LogOutputStream:75 - [STDERR_REDIRECT] 
2024-04-07 13:58:52,233 [INFO] Activator:176 - 


2024-04-07 13:58:52,236 [INFO] Activator:177 - !SESSION log4j initialized
2024-04-07 13:58:59,022 [INFO] LogOutputStream:77 - [STDOUT_REDIRECT] 
2024-04-07 13:59:02,295 [INFO] ApplicationProperties:184 - Using Application install path: C:\ST\STM32CubeIDE_1.14.1\STM32CubeIDE\plugins\com.st.stm32cube.common.mx_6.10.0.202311202037
2024-04-07 13:59:02,316 [INFO] DbMcusXml:78 - Set database path to: C:\ST\STM32CubeIDE_1.14.1\STM32CubeIDE\plugins\com.st.stm32cube.common.mx_6.10.0.202311202037\\db\/mcu/
2024-04-07 13:59:02,316 [INFO] ApiDb:274 - Set plugin database path to: C:\ST\STM32CubeIDE_1.14.1\STM32CubeIDE\plugins\com.st.stm32cube.common.mx_6.10.0.202311202037\\db\/plugins/boardmanager/
2024-04-07 13:59:02,316 [WARN] ApiDb:259 - Overriding images path with different value:  => C:\ST\STM32CubeIDE_1.14.1\STM32CubeIDE\plugins\com.st.stm32cube.common.mx_6.10.0.202311202037\\db\/plugins/mcufinder/images/
2024-04-07 13:59:02,328 [INFO] ApiDb:250 - Set database path to: C:\Users\myhg1\.stmcufinder\plugins\mcufinder//mcu/
2024-04-07 13:59:02,329 [INFO] DbMcusAds:125 - Set database path to: C:\Users\myhg1\.stmcufinder\plugins\mcufinder//mcu/
2024-04-07 13:59:02,331 [INFO] CrossReferenceDbSqlite:203 - Set database path to: C:\Users\myhg1\.stmcufinder\plugins\mcufinder//mcu/cs/
2024-04-07 13:59:02,438 [INFO] RulesReader:64 - Compatibility file has been processed (297 Rules)
2024-04-07 13:59:02,542 [INFO] DbMcusXml:78 - Set database path to: C:\ST\STM32CubeIDE_1.14.1\STM32CubeIDE\plugins\com.st.stm32cube.common.mx_6.10.0.202311202037\\db\/mcu/
2024-04-07 13:59:02,542 [INFO] ApiDb:274 - Set plugin database path to: C:\ST\STM32CubeIDE_1.14.1\STM32CubeIDE\plugins\com.st.stm32cube.common.mx_6.10.0.202311202037\\db\/plugins/boardmanager/
2024-04-07 13:59:02,542 [INFO] ApiDb:261 - Set plugin images path to: C:\ST\STM32CubeIDE_1.14.1\STM32CubeIDE\plugins\com.st.stm32cube.common.mx_6.10.0.202311202037\\db\/plugins/mcufinder/images/
2024-04-07 13:59:02,544 [WARN] DbFile:41 - Overriding database path with different value: C:\Users\myhg1\.stmcufinder\plugins\mcufinder/ => C:\Users\myhg1\.stmcufinder\plugins\mcufinder
2024-04-07 13:59:02,544 [INFO] ApiDb:250 - Set database path to: C:\Users\myhg1\.stmcufinder\plugins\mcufinder//mcu/
2024-04-07 13:59:02,544 [WARN] DbFile:41 - Overriding database path with different value: C:\Users\myhg1\.stmcufinder\plugins\mcufinder/ => C:\Users\myhg1\.stmcufinder\plugins\mcufinder
2024-04-07 13:59:02,544 [INFO] DbMcusAds:125 - Set database path to: C:\Users\myhg1\.stmcufinder\plugins\mcufinder//mcu/
2024-04-07 13:59:02,544 [WARN] DbFile:41 - Overriding database path with different value: C:\Users\myhg1\.stmcufinder\plugins\mcufinder/ => C:\Users\myhg1\.stmcufinder\plugins\mcufinder
2024-04-07 13:59:02,544 [WARN] DbFile:41 - Overriding database path with different value: C:\Users\myhg1\.stmcufinder\plugins\mcufinder/ => C:\Users\myhg1\.stmcufinder\plugins\mcufinder
2024-04-07 13:59:02,544 [INFO] CrossReferenceDbSqlite:203 - Set database path to: C:\Users\myhg1\.stmcufinder\plugins\mcufinder//mcu/cs/
2024-04-07 13:59:02,647 [INFO] MainPanel:264 - HeapMemory: 268435456
2024-04-07 13:59:02,743 [INFO] DbMcusXml:78 - Set database path to: C:\ST\STM32CubeIDE_1.14.1\STM32CubeIDE\plugins\com.st.stm32cube.common.mx_6.10.0.202311202037\\db\/mcu/
2024-04-07 13:59:02,743 [INFO] ApiDb:274 - Set plugin database path to: C:\ST\STM32CubeIDE_1.14.1\STM32CubeIDE\plugins\com.st.stm32cube.common.mx_6.10.0.202311202037\\db\/plugins/boardmanager/
2024-04-07 13:59:02,743 [INFO] ApiDb:261 - Set plugin images path to: C:\ST\STM32CubeIDE_1.14.1\STM32CubeIDE\plugins\com.st.stm32cube.common.mx_6.10.0.202311202037\\db\/plugins/mcufinder/images/
2024-04-07 13:59:02,744 [WARN] DbFile:41 - Overriding database path with different value: C:\Users\myhg1\.stmcufinder\plugins\mcufinder/ => C:\Users\myhg1\.stmcufinder\plugins\mcufinder
2024-04-07 13:59:02,744 [INFO] ApiDb:250 - Set database path to: C:\Users\myhg1\.stmcufinder\plugins\mcufinder//mcu/
2024-04-07 13:59:02,745 [WARN] DbFile:41 - Overriding database path with different value: C:\Users\myhg1\.stmcufinder\plugins\mcufinder/ => C:\Users\myhg1\.stmcufinder\plugins\mcufinder
2024-04-07 13:59:02,745 [INFO] DbMcusAds:125 - Set database path to: C:\Users\myhg1\.stmcufinder\plugins\mcufinder//mcu/
2024-04-07 13:59:02,745 [WARN] DbFile:41 - Overriding database path with different value: C:\Users\myhg1\.stmcufinder\plugins\mcufinder/ => C:\Users\myhg1\.stmcufinder\plugins\mcufinder
2024-04-07 13:59:02,745 [WARN] DbFile:41 - Overriding database path with different value: C:\Users\myhg1\.stmcufinder\plugins\mcufinder/ => C:\Users\myhg1\.stmcufinder\plugins\mcufinder
2024-04-07 13:59:02,745 [INFO] CrossReferenceDbSqlite:203 - Set database path to: C:\Users\myhg1\.stmcufinder\plugins\mcufinder//mcu/cs/
2024-04-07 13:59:02,765 [INFO] ApplicationProperties:184 - Using Application install path: C:\ST\STM32CubeIDE_1.14.1\STM32CubeIDE\plugins\com.st.stm32cube.common.mx_6.10.0.202311202037
2024-04-07 13:59:02,769 [INFO] PluginManage:196 - Search for loadable plugins [exclusion list=, ]
2024-04-07 13:59:02,771 [INFO] PluginManage:310 - Check plugin analytics
2024-04-07 13:59:02,995 [INFO] AnalyticsPlugin:253 - Accepted Software Licenses: 
2024-04-07 13:59:02,996 [INFO] AnalyticsPlugin:255 - Accepted CMSIS Pack Licenses: 
2024-04-07 13:59:02,996 [INFO] AnalyticsPlugin:257 - Accepted Firmware Licenses: FW.F4.1.28.0
2024-04-07 13:59:03,002 [INFO] PluginManage:359 - Loaded plugin analytics (category:tool,tabindex:-1)
2024-04-07 13:59:03,002 [INFO] PluginManage:310 - Check plugin cadmodel
2024-04-07 13:59:03,047 [INFO] CADModel:105 - Init CAD model plugin
2024-04-07 13:59:03,047 [INFO] PluginManage:359 - Loaded plugin cadmodel (category:power,tabindex:5)
2024-04-07 13:59:03,047 [INFO] PluginManage:310 - Check plugin clock
2024-04-07 13:59:03,082 [INFO] PluginManage:359 - Loaded plugin clock (category:base,tabindex:2)
2024-04-07 13:59:03,083 [INFO] PluginManage:310 - Check plugin ddr
2024-04-07 13:59:03,086 [INFO] PluginManage:359 - Loaded plugin ddr (category:tool,tabindex:6)
2024-04-07 13:59:03,086 [INFO] PluginManage:310 - Check plugin filemanager
2024-04-07 13:59:03,277 [INFO] PluginManage:359 - Loaded plugin filemanager (category:base,tabindex:10)
2024-04-07 13:59:03,277 [INFO] PluginManage:310 - Check plugin ipmanager
2024-04-07 13:59:03,284 [INFO] PluginManage:359 - Loaded plugin ipmanager (category:base,tabindex:5)
2024-04-07 13:59:03,284 [INFO] PluginManage:310 - Check plugin lpbam
2024-04-07 13:59:03,304 [INFO] PluginManage:359 - Loaded plugin lpbam (category:base,tabindex:0)
2024-04-07 13:59:03,304 [INFO] PluginManage:310 - Check plugin memorymap
2024-04-07 13:59:03,333 [INFO] PluginManage:359 - Loaded plugin memorymap (category:base,tabindex:4)
2024-04-07 13:59:03,333 [INFO] PluginManage:310 - Check plugin pinoutandconfiguration
2024-04-07 13:59:03,354 [INFO] PluginManage:359 - Loaded plugin pinoutandconfiguration (category:base,tabindex:1)
2024-04-07 13:59:03,354 [INFO] PluginManage:310 - Check plugin pinoutconfig
2024-04-07 13:59:03,468 [WARN] SupportedApi:132 - Cannot load RTOS API schema: s4s-elt-must-match.1: The content of 'definitions' must match (annotation?, (simpleType | complexType)?, (unique | key | keyref)*)). A problem was found starting at: attribute.
2024-04-07 13:59:03,622 [INFO] PluginManage:359 - Loaded plugin pinoutconfig (category:base,tabindex:0)
2024-04-07 13:59:03,622 [INFO] PluginManage:310 - Check plugin power
2024-04-07 13:59:03,666 [INFO] PluginManage:359 - Loaded plugin power (category:power,tabindex:4)
2024-04-07 13:59:03,667 [INFO] PluginManage:310 - Check plugin projectmanager
2024-04-07 13:59:03,684 [INFO] PluginManage:359 - Loaded plugin projectmanager (category:projectmanager,tabindex:3)
2024-04-07 13:59:03,684 [INFO] PluginManage:310 - Check plugin thirdparty
2024-04-07 13:59:03,935 [INFO] PluginManage:359 - Loaded plugin thirdparty (category:base,tabindex:-1)
2024-04-07 13:59:03,935 [WARN] IntegrityCheckThread:84 - waiting for thirdparty lock release [integrity check]
2024-04-07 13:59:03,936 [INFO] PluginManage:310 - Check plugin tools
2024-04-07 13:59:03,936 [INFO] IntegrityCheckThread:86 - entering critical section [integrity check]
2024-04-07 13:59:03,936 [INFO] ThirdPartyUpdaterWithRetryManager:70 - Updater plugin not ready yet. [1/15]
2024-04-07 13:59:03,947 [INFO] PluginManage:359 - Loaded plugin tools (category:base,tabindex:7)
2024-04-07 13:59:03,947 [INFO] PluginManage:310 - Check plugin tutovideos
2024-04-07 13:59:04,176 [INFO] PluginManage:359 - Loaded plugin tutovideos (category:base,tabindex:-1)
2024-04-07 13:59:04,176 [INFO] PluginManage:310 - Check plugin updater
2024-04-07 13:59:04,189 [INFO] PluginManage:359 - Loaded plugin updater (category:base,tabindex:12)
2024-04-07 13:59:04,190 [INFO] PluginManage:310 - Check plugin userauth
2024-04-07 13:59:04,197 [INFO] UserAuth:114 - Init User Auth plugin
2024-04-07 13:59:04,197 [INFO] PluginManage:359 - Loaded plugin userauth (category:base,tabindex:14)
2024-04-07 13:59:04,197 [INFO] PluginManage:283 - PluginManage : Loaded plugins [17]
2024-04-07 13:59:04,430 [INFO] PinOutPanel:1499 - setPackage(No Configuration,No Configuration)
2024-04-07 13:59:04,514 [INFO] CADModel:165 - CPN selected for project level
2024-04-07 13:59:04,514 [INFO] CADModel:114 - Register for checkConnection events
2024-04-07 13:59:04,548 [INFO] IPUIPlugin:80 - create IPUIPlugin
2024-04-07 13:59:04,548 [INFO] PluginManager:220 - loadIPPluginJar : add adc
2024-04-07 13:59:04,561 [INFO] IPUIPlugin:80 - create IPUIPlugin
2024-04-07 13:59:04,561 [INFO] PluginManager:220 - loadIPPluginJar : add aes
2024-04-07 13:59:04,578 [INFO] IPUIPlugin:80 - create IPUIPlugin
2024-04-07 13:59:04,578 [INFO] PluginManager:220 - loadIPPluginJar : add can
2024-04-07 13:59:04,585 [INFO] IPUIPlugin:80 - create IPUIPlugin
2024-04-07 13:59:04,585 [INFO] PluginManager:220 - loadIPPluginJar : add comp
2024-04-07 13:59:04,598 [INFO] IPUIPlugin:80 - create IPUIPlugin
2024-04-07 13:59:04,598 [INFO] PluginManager:220 - loadIPPluginJar : add cryp
2024-04-07 13:59:04,608 [INFO] IPUIPlugin:80 - create IPUIPlugin
2024-04-07 13:59:04,608 [INFO] PluginManager:220 - loadIPPluginJar : add dfsdm
2024-04-07 13:59:04,625 [INFO] IPUIPlugin:80 - create IPUIPlugin
2024-04-07 13:59:04,626 [INFO] PluginManager:220 - loadIPPluginJar : add dma
2024-04-07 13:59:04,636 [INFO] IPUIPlugin:80 - create IPUIPlugin
2024-04-07 13:59:04,636 [INFO] PluginManager:220 - loadIPPluginJar : add dma3
2024-04-07 13:59:04,642 [INFO] IPUIPlugin:80 - create IPUIPlugin
2024-04-07 13:59:04,642 [INFO] PluginManager:220 - loadIPPluginJar : add fatfs
2024-04-07 13:59:04,659 [INFO] IPUIPlugin:80 - create IPUIPlugin
2024-04-07 13:59:04,659 [INFO] PluginManager:220 - loadIPPluginJar : add fmc
2024-04-07 13:59:04,688 [INFO] IPUIPlugin:80 - create IPUIPlugin
2024-04-07 13:59:04,688 [INFO] PluginManager:220 - loadIPPluginJar : add freertos
2024-04-07 13:59:04,694 [INFO] IPUIPlugin:80 - create IPUIPlugin
2024-04-07 13:59:04,694 [INFO] PluginManager:220 - loadIPPluginJar : add genericplugin
2024-04-07 13:59:04,705 [INFO] IPUIPlugin:80 - create IPUIPlugin
2024-04-07 13:59:04,706 [INFO] PluginManager:220 - loadIPPluginJar : add gfxmmu
2024-04-07 13:59:04,721 [INFO] IPUIPlugin:80 - create IPUIPlugin
2024-04-07 13:59:04,722 [INFO] PluginManager:220 - loadIPPluginJar : add gic
2024-04-07 13:59:04,738 [INFO] IPUIPlugin:80 - create IPUIPlugin
2024-04-07 13:59:04,739 [INFO] PluginManager:220 - loadIPPluginJar : add gpio
2024-04-07 13:59:04,755 [INFO] IPUIPlugin:80 - create IPUIPlugin
2024-04-07 13:59:04,755 [INFO] PluginManager:220 - loadIPPluginJar : add gtzc
2024-04-07 13:59:04,766 [INFO] IPUIPlugin:80 - create IPUIPlugin
2024-04-07 13:59:04,766 [INFO] PluginManager:220 - loadIPPluginJar : add hash
2024-04-07 13:59:04,781 [INFO] IPUIPlugin:80 - create IPUIPlugin
2024-04-07 13:59:04,781 [INFO] PluginManager:220 - loadIPPluginJar : add i2c
2024-04-07 13:59:04,796 [INFO] IPUIPlugin:80 - create IPUIPlugin
2024-04-07 13:59:04,796 [INFO] PluginManager:220 - loadIPPluginJar : add i2s
2024-04-07 13:59:04,811 [INFO] IPUIPlugin:80 - create IPUIPlugin
2024-04-07 13:59:04,812 [INFO] PluginManager:220 - loadIPPluginJar : add i3c
2024-04-07 13:59:04,832 [INFO] IPUIPlugin:80 - create IPUIPlugin
2024-04-07 13:59:04,832 [INFO] PluginManager:220 - loadIPPluginJar : add ipddr
2024-04-07 13:59:04,855 [INFO] IPUIPlugin:80 - create IPUIPlugin
2024-04-07 13:59:04,856 [INFO] PluginManager:220 - loadIPPluginJar : add linkedlist
2024-04-07 13:59:04,868 [INFO] IPUIPlugin:80 - create IPUIPlugin
2024-04-07 13:59:04,868 [INFO] PluginManager:220 - loadIPPluginJar : add lorawan
2024-04-07 13:59:04,879 [INFO] IPUIPlugin:80 - create IPUIPlugin
2024-04-07 13:59:04,880 [INFO] PluginManager:220 - loadIPPluginJar : add ltdc
2024-04-07 13:59:04,897 [INFO] IPUIPlugin:80 - create IPUIPlugin
2024-04-07 13:59:04,898 [INFO] PluginManager:220 - loadIPPluginJar : add mdma
2024-04-07 13:59:04,914 [INFO] IPUIPlugin:80 - create IPUIPlugin
2024-04-07 13:59:04,914 [INFO] PluginManager:220 - loadIPPluginJar : add nvic
2024-04-07 13:59:04,929 [INFO] IPUIPlugin:80 - create IPUIPlugin
2024-04-07 13:59:04,930 [INFO] PluginManager:220 - loadIPPluginJar : add opamp
2024-04-07 13:59:04,943 [INFO] IPUIPlugin:80 - create IPUIPlugin
2024-04-07 13:59:04,943 [INFO] PluginManager:220 - loadIPPluginJar : add openamp
2024-04-07 13:59:04,956 [INFO] IPUIPlugin:80 - create IPUIPlugin
2024-04-07 13:59:04,957 [INFO] PluginManager:220 - loadIPPluginJar : add pdm2pcm
2024-04-07 13:59:04,974 [INFO] IPUIPlugin:80 - create IPUIPlugin
2024-04-07 13:59:04,977 [INFO] PluginManager:220 - loadIPPluginJar : add plateformsettings
2024-04-07 13:59:04,983 [INFO] IPUIPlugin:80 - create IPUIPlugin
2024-04-07 13:59:04,983 [INFO] PluginManager:220 - loadIPPluginJar : add quadspi
2024-04-07 13:59:05,003 [INFO] IPUIPlugin:80 - create IPUIPlugin
2024-04-07 13:59:05,003 [INFO] PluginManager:220 - loadIPPluginJar : add resmgrutility
2024-04-07 13:59:05,020 [INFO] IPUIPlugin:80 - create IPUIPlugin
2024-04-07 13:59:05,021 [INFO] PluginManager:220 - loadIPPluginJar : add sai
2024-04-07 13:59:05,032 [INFO] IPUIPlugin:80 - create IPUIPlugin
2024-04-07 13:59:05,032 [INFO] PluginManager:220 - loadIPPluginJar : add spi
2024-04-07 13:59:05,056 [INFO] IPUIPlugin:80 - create IPUIPlugin
2024-04-07 13:59:05,056 [INFO] PluginManager:220 - loadIPPluginJar : add stm32_wpan
2024-04-07 13:59:05,063 [INFO] IPUIPlugin:80 - create IPUIPlugin
2024-04-07 13:59:05,064 [INFO] PluginManager:220 - loadIPPluginJar : add tim
2024-04-07 13:59:05,081 [INFO] IPUIPlugin:80 - create IPUIPlugin
2024-04-07 13:59:05,081 [INFO] PluginManager:220 - loadIPPluginJar : add touchsensing
2024-04-07 13:59:05,089 [INFO] IPUIPlugin:80 - create IPUIPlugin
2024-04-07 13:59:05,089 [INFO] PluginManager:220 - loadIPPluginJar : add tracer_emb
2024-04-07 13:59:05,095 [INFO] IPUIPlugin:80 - create IPUIPlugin
2024-04-07 13:59:05,095 [INFO] PluginManager:220 - loadIPPluginJar : add ts
2024-04-07 13:59:05,100 [INFO] IPUIPlugin:80 - create IPUIPlugin
2024-04-07 13:59:05,100 [INFO] PluginManager:220 - loadIPPluginJar : add tsc
2024-04-07 13:59:05,105 [INFO] IPUIPlugin:80 - create IPUIPlugin
2024-04-07 13:59:05,105 [INFO] PluginManager:220 - loadIPPluginJar : add ucpd
2024-04-07 13:59:05,120 [INFO] IPUIPlugin:80 - create IPUIPlugin
2024-04-07 13:59:05,120 [INFO] PluginManager:220 - loadIPPluginJar : add usart
2024-04-07 13:59:05,137 [INFO] IPUIPlugin:80 - create IPUIPlugin
2024-04-07 13:59:05,137 [INFO] PluginManager:220 - loadIPPluginJar : add usbx
2024-04-07 13:59:05,262 [INFO] CADModel:165 - CPN selected for project level
2024-04-07 13:59:05,262 [INFO] CADModel:114 - Register for checkConnection events
2024-04-07 13:59:05,262 [FATAL] Updater:308 - Updater called before beeing initialized
2024-04-07 13:59:05,262 [ERROR] CADModel:125 - Updater not yet initialized, retry later 
2024-04-07 13:59:05,398 [INFO] CADModel:165 - CPN selected for project level
2024-04-07 13:59:05,398 [INFO] CADModel:114 - Register for checkConnection events
2024-04-07 13:59:05,398 [FATAL] Updater:308 - Updater called before beeing initialized
2024-04-07 13:59:05,398 [ERROR] CADModel:125 - Updater not yet initialized, retry later 
2024-04-07 13:59:05,401 [FATAL] Updater:308 - Updater called before beeing initialized
2024-04-07 13:59:05,506 [FATAL] Updater:308 - Updater called before beeing initialized
2024-04-07 13:59:05,511 [INFO] DbMcusAds:53 - JSON generation date=Wed Nov 29 19:52:27 KST 2023 (1701255147349)
2024-04-07 13:59:05,511 [FATAL] Updater:308 - Updater called before beeing initialized
2024-04-07 13:59:05,547 [WARN] DetailPanel:346 - Failed to get advertising image, set to default
2024-04-07 13:59:05,631 [FATAL] Updater:308 - Updater called before beeing initialized
2024-04-07 13:59:05,633 [FATAL] Updater:308 - Updater called before beeing initialized
2024-04-07 13:59:05,633 [FATAL] Updater:308 - Updater called before beeing initialized
2024-04-07 13:59:05,633 [WARN] DetailPanel:346 - Failed to get advertising image, set to default
2024-04-07 13:59:05,634 [FATAL] Updater:308 - Updater called before beeing initialized
2024-04-07 13:59:05,691 [ERROR] Updater:1120 - MainUpdater not yet initialized. External WinMGr cannot be set.
2024-04-07 13:59:05,696 [INFO] Updater:1056 - Updater Version found : 6.10.0
2024-04-07 13:59:05,721 [INFO] ApplicationProperties:184 - Using Application install path: C:\ST\STM32CubeIDE_1.14.1\STM32CubeIDE\plugins\com.st.stm32cube.common.mx_6.10.0.202311202037
2024-04-07 13:59:06,937 [INFO] ThirdPartyUpdaterWithRetryManager:70 - Updater plugin not ready yet. [2/15]
2024-04-07 13:59:07,297 [ERROR] LogOutputStream:75 - [STDERR_REDIRECT] Apr 07, 2024 1:59:07 PM java.util.prefs.WindowsPreferences <init>
2024-04-07 13:59:07,298 [ERROR] LogOutputStream:75 - [STDERR_REDIRECT] WARNING: Could not open/create prefs root node Software\JavaSoft\Prefs at root 0xffffffff80000002. Windows RegCreateKeyEx(...) returned error code 5.
2024-04-07 13:59:07,298 [ERROR] LogOutputStream:75 - [STDERR_REDIRECT] 
2024-04-07 13:59:07,751 [INFO] MainUpdater:2873 - connection check result : 10
2024-04-07 13:59:07,752 [INFO] MainUpdater:290 - Updater Check For Update Now.
2024-04-07 13:59:07,752 [INFO] MicroXplorer:498 - Change Database Version : DB.6.0.100
2024-04-07 13:59:07,764 [INFO] McuFinderGlobals:63 - Set McuFinder mode to 2 (CubeIDE integrated)
2024-04-07 13:59:07,944 [INFO] CheckServerUpdateThread:120 - End of CheckServer Thread
2024-04-07 13:59:08,083 [INFO] UserAuth:404 - Internet connection configuration mode: 1
2024-04-07 13:59:08,110 [INFO] JxBrowserEngine:152 - Initiate JxBrowser Engine with user profile folder
2024-04-07 13:59:09,817 [INFO] WebApp:161 - Instantiating new browser for Auth
2024-04-07 13:59:10,295 [WARN] PackLoader:240 - Cannot read IP mode file for STMicroelectronics.X-CUBE-SMBUS.2.1.0
2024-04-07 13:59:10,310 [WARN] PackLoader:240 - Cannot read IP mode file for STMicroelectronics.X-CUBE-TOUCHGFX.4.23.1
2024-04-07 13:59:10,317 [WARN] PackLoader:240 - Cannot read IP mode file for STMicroelectronics.X-CUBE-TOUCHGFX.4.23.0
2024-04-07 13:59:10,325 [WARN] PackLoader:240 - Cannot read IP mode file for STMicroelectronics.X-CUBE-TOUCHGFX.4.23.2
2024-04-07 13:59:10,365 [WARN] PackLoader:240 - Cannot read IP mode file for STMicroelectronics.X-CUBE-AZRTOS-F7.1.1.0
2024-04-07 13:59:10,390 [WARN] PackLoader:240 - Cannot read IP mode file for STMicroelectronics.FP-SNS-MOTENV1.4.3.2
2024-04-07 13:59:10,404 [WARN] PackLoader:240 - Cannot read IP mode file for STMicroelectronics.FP-SNS-FLIGHT1.5.0.2
2024-04-07 13:59:10,421 [WARN] PackLoader:240 - Cannot read IP mode file for STMicroelectronics.X-CUBE-DISPLAY.3.0.0
2024-04-07 13:59:10,452 [WARN] PackLoader:240 - Cannot read IP mode file for STMicroelectronics.X-CUBE-BLE1.7.0.0
2024-04-07 13:59:10,465 [WARN] PackLoader:240 - Cannot read IP mode file for emotas.I-CUBE-CANOPEN.1.3.0
2024-04-07 13:59:10,483 [WARN] PackLoader:240 - Cannot read IP mode file for STMicroelectronics.X-CUBE-BLEMGR.3.1.0
2024-04-07 13:59:10,499 [WARN] PackLoader:240 - Cannot read IP mode file for STMicroelectronics.FP-SNS-SMARTAG2.1.2.0
2024-04-07 13:59:10,521 [INFO] LogOutputStream:77 - [STDOUT_REDIRECT] 1 : Invalid condition id : UX_CORESTACK_Condition cause : null
2024-04-07 13:59:10,523 [INFO] LogOutputStream:77 - [STDOUT_REDIRECT] 1 : Invalid condition id : UX_CORESTACK_Condition cause : null
2024-04-07 13:59:10,525 [INFO] LogOutputStream:77 - [STDOUT_REDIRECT] 1 : Invalid condition id : UX_CORESTACK_Condition cause : null
2024-04-07 13:59:10,527 [INFO] LogOutputStream:77 - [STDOUT_REDIRECT] 1 : Invalid condition id : UX_CORESTACK_Condition cause : null
2024-04-07 13:59:10,528 [INFO] LogOutputStream:77 - [STDOUT_REDIRECT] 1 : Invalid condition id : UX_CORESTACK_Condition cause : null
2024-04-07 13:59:10,531 [WARN] PackLoader:240 - Cannot read IP mode file for STMicroelectronics.X-CUBE-AZRTOS-WL.2.0.0
2024-04-07 13:59:10,546 [WARN] PackLoader:240 - Cannot read IP mode file for STMicroelectronics.FP-SNS-MOTENV1.5.0.0
2024-04-07 13:59:10,564 [WARN] PackLoader:240 - Cannot read IP mode file for WES.I-CUBE-Cesium.1.3.0
2024-04-07 13:59:10,581 [WARN] PackLoader:240 - Cannot read IP mode file for STMicroelectronics.X-CUBE-BLE2.3.3.0
2024-04-07 13:59:10,672 [WARN] PackLoader:240 - Cannot read IP mode file for STMicroelectronics.X-CUBE-ALGOBUILD.1.3.0
2024-04-07 13:59:10,709 [WARN] PackLoader:240 - Cannot read IP mode file for STMicroelectronics.X-CUBE-AZRTOS-G0.1.1.0
2024-04-07 13:59:10,752 [WARN] PackLoader:240 - Cannot read IP mode file for STMicroelectronics.X-CUBE-SAFEA1.1.2.2
2024-04-07 13:59:10,772 [WARN] PackLoader:240 - Cannot read IP mode file for STMicroelectronics.X-CUBE-NFC4.3.0.0
2024-04-07 13:59:10,781 [WARN] PackLoader:240 - Cannot read IP mode file for STMicroelectronics.FP-ATR-SIGFOX1.3.2.0
2024-04-07 13:59:10,891 [WARN] PackLoader:240 - Cannot read IP mode file for STMicroelectronics.X-CUBE-EEPRMA1.5.1.0
2024-04-07 13:59:10,978 [WARN] PackLoader:240 - Cannot read IP mode file for SEGGER.I-CUBE-embOS.1.3.1
2024-04-07 13:59:11,103 [WARN] PackLoader:240 - Cannot read IP mode file for STMicroelectronics.X-CUBE-GNSS1.6.0.0
2024-04-07 13:59:11,131 [WARN] PackLoader:240 - Cannot read IP mode file for STMicroelectronics.X-CUBE-AZRTOS-F4.1.1.0
2024-04-07 13:59:11,144 [WARN] PackLoader:240 - Cannot read IP mode file for wolfSSL.I-CUBE-wolfSSL.5.6.6
2024-04-07 13:59:11,183 [WARN] PackLoader:240 - Cannot read IP mode file for STMicroelectronics.X-CUBE-AZRTOS-L5.2.0.0
2024-04-07 13:59:11,218 [WARN] PackLoader:240 - Cannot read IP mode file for STMicroelectronics.X-CUBE-NFC6.3.1.0
2024-04-07 13:59:11,233 [WARN] PackLoader:240 - Cannot read IP mode file for ITTIA_DB.I-CUBE-ITTIADB.8.8.0
2024-04-07 13:59:11,243 [INFO] WebApp:780 - Register for checkConnection events
2024-04-07 13:59:11,243 [INFO] WebApp:414 - Apply proxy settings
2024-04-07 13:59:11,244 [INFO] WebApp:499 - Chromium requires no authentication
2024-04-07 13:59:11,249 [WARN] PackLoader:240 - Cannot read IP mode file for STMicroelectronics.X-CUBE-NFC7.1.0.1
2024-04-07 13:59:11,270 [INFO] WebApp:442 - Direct internet connection detected
2024-04-07 13:59:11,274 [WARN] PackLoader:240 - Cannot read IP mode file for STMicroelectronics.X-CUBE-NFC6.3.0.0
2024-04-07 13:59:11,287 [WARN] PackLoader:240 - Cannot read IP mode file for STMicroelectronics.X-CUBE-AI.8.1.0
2024-04-07 13:59:11,313 [WARN] ConditionMgr:438 - getConditionDescription Invalid condition id : LAN8742 Phy interface Condition cause : null
2024-04-07 13:59:11,314 [WARN] PackLoader:240 - Cannot read IP mode file for STMicroelectronics.X-CUBE-AZRTOS-L4.2.0.0
2024-04-07 13:59:11,317 [WARN] ConditionMgr:1039 - genDependencies : Invalid condition id : LAN8742 Phy interface Condition cause : null
2024-04-07 13:59:11,317 [WARN] ConditionMgr:1039 - genDependencies : Invalid condition id : LAN8742 Phy interface Condition cause : null
2024-04-07 13:59:11,317 [WARN] ConditionMgr:1039 - genDependencies : Invalid condition id : LAN8742 Phy interface Condition cause : null
2024-04-07 13:59:11,347 [WARN] PackLoader:240 - Cannot read IP mode file for STMicroelectronics.X-CUBE-SFXS2LP1.4.0.0
2024-04-07 13:59:11,366 [WARN] ConditionMgr:438 - getConditionDescription Invalid condition id : UX DEVICE CLASS RTOS Condition cause : null
2024-04-07 13:59:11,366 [WARN] ConditionMgr:438 - getConditionDescription Invalid condition id : UX DEVICE CLASS RTOS Condition cause : null
2024-04-07 13:59:11,368 [WARN] PackLoader:240 - Cannot read IP mode file for STMicroelectronics.X-CUBE-AZRTOS-WB.2.0.0
2024-04-07 13:59:11,368 [WARN] ConditionMgr:1039 - genDependencies : Invalid condition id : UX DEVICE CLASS RTOS Condition cause : null
2024-04-07 13:59:11,368 [WARN] ConditionMgr:1039 - genDependencies : Invalid condition id : UX DEVICE CLASS RTOS Condition cause : null
2024-04-07 13:59:11,369 [WARN] ConditionMgr:1039 - genDependencies : Invalid condition id : UX DEVICE CLASS RTOS Condition cause : null
2024-04-07 13:59:11,369 [WARN] ConditionMgr:1039 - genDependencies : Invalid condition id : UX DEVICE CLASS RTOS Condition cause : null
2024-04-07 13:59:11,369 [WARN] ConditionMgr:1039 - genDependencies : Invalid condition id : UX DEVICE CLASS RTOS Condition cause : null
2024-04-07 13:59:11,384 [WARN] PackLoader:240 - Cannot read IP mode file for STMicroelectronics.X-CUBE-SUBG2.5.0.0
2024-04-07 13:59:11,409 [WARN] PackLoader:240 - Cannot read IP mode file for STMicroelectronics.X-CUBE-AZRTOS-G4.2.0.0
2024-04-07 13:59:11,429 [WARN] PackLoader:240 - Cannot read IP mode file for Infineon.AIROC-Wi-Fi-Bluetooth-STM32.1.5.1
2024-04-07 13:59:11,444 [WARN] PackLoader:240 - Cannot read IP mode file for STMicroelectronics.FP-SNS-MOTENVWB1.1.3.1
2024-04-07 13:59:11,459 [WARN] PackLoader:240 - Cannot read IP mode file for STMicroelectronics.X-CUBE-ISPU.2.0.0
2024-04-07 13:59:11,591 [WARN] PackLoader:240 - Cannot read IP mode file for STMicroelectronics.X-CUBE-MEMS1.10.0.0
2024-04-07 13:59:11,668 [INFO] WebApp:192 - Starting web application
2024-04-07 13:59:11,669 [INFO] WebApp:544 - Web application path used C:\ST\STM32CubeIDE_1.14.1\STM32CubeIDE\plugins\com.st.stm32cube.common.mx_6.10.0.202311202037\db\plugins\mcufinder\reactClient1\index.html
2024-04-07 13:59:11,727 [WARN] PackLoader:240 - Cannot read IP mode file for STMicroelectronics.X-CUBE-FREERTOS.1.1.0
2024-04-07 13:59:11,739 [WARN] PackLoader:240 - Cannot read IP mode file for portGmbH.I-Cube-SoM-uGOAL.1.1.0
2024-04-07 13:59:11,751 [WARN] PackLoader:240 - Cannot read IP mode file for STMicroelectronics.X-CUBE-ALS.1.0.1
2024-04-07 13:59:11,760 [WARN] PackLoader:240 - Cannot read IP mode file for STMicroelectronics.FP-ATR-ASTRA1.2.0.0
2024-04-07 13:59:11,776 [WARN] PackLoader:240 - Cannot read IP mode file for STMicroelectronics.X-CUBE-TOF1.3.4.1
2024-04-07 13:59:11,816 [WARN] PackLoader:240 - Cannot read IP mode file for STMicroelectronics.X-CUBE-AZRTOS-H7.3.2.0
2024-04-07 13:59:11,820 [INFO] ThirdParty:978 - Integrity check success = true
2024-04-07 13:59:11,822 [INFO] IntegrityCheckThread:100 - exiting critical section [integrity check]
2024-04-07 13:59:11,822 [INFO] IntegrityCheckThread:103 - End integrity checks thread
2024-04-07 13:59:32,870 [ERROR] LogOutputStream:75 - [STDERR_REDIRECT] SLF4J: Failed to load class "org.slf4j.impl.StaticLoggerBinder".
2024-04-07 13:59:32,873 [ERROR] LogOutputStream:75 - [STDERR_REDIRECT] SLF4J: Defaulting to no-operation (NOP) logger implementation
2024-04-07 13:59:32,874 [ERROR] LogOutputStream:75 - [STDERR_REDIRECT] SLF4J: See http://www.slf4j.org/codes.html#StaticLoggerBinder for further details.
2024-04-07 14:32:28,000 [ERROR] LogOutputStream:75 - [STDERR_REDIRECT] 
