21:28:30 **** Incremental Build of configuration Debug for project Drone_9-2_SwA&Throttle_Chk ****
make -j16 all 
arm-none-eabi-gcc "../Core/Src/main.c" -mcpu=cortex-m4 -std=gnu11 -g3 -DDEBUG -DUSE_HAL_DRIVER -DSTM32F405xx -DUSE_FULL_LL_DRIVER -c -I../Core/Inc -I../Drivers/STM32F4xx_HAL_Driver/Inc -I../Drivers/STM32F4xx_HAL_Driver/Inc/Legacy -I../Drivers/CMSIS/Device/ST/STM32F4xx/Include -I../Drivers/CMSIS/Include -O0 -ffunction-sections -fdata-sections -Wall -fstack-usage -fcyclomatic-complexity -MMD -MP -MF"Core/Src/main.d" -MT"Core/Src/main.o" --specs=nano.specs -mfpu=fpv4-sp-d16 -mfloat-abi=hard -mthumb -o "Core/Src/main.o"
In file included from ../Core/Src/main.c:34:
../Core/Inc/ICM20602.h:64: warning: "CHIP_SELECT" redefined
   64 | #define CHIP_SELECT(ICM20602)           LL_GPIO_ResetOutputPin(ICM20602_SPI_CS_PORT, ICM20602_SPI_CS_PIN)
      | 
In file included from ../Core/Src/main.c:32:
../Core/Inc/BNO080.h:87: note: this is the location of the previous definition
   87 | #define CHIP_SELECT(BNO080)             LL_GPIO_ResetOutputPin(BNO080_SPI_CS_PORT, BNO080_SPI_CS_PIN)
      | 
../Core/Inc/ICM20602.h:65: warning: "CHIP_DESELECT" redefined
   65 | #define CHIP_DESELECT(ICM20602)         LL_GPIO_SetOutputPin(ICM20602_SPI_CS_PORT, ICM20602_SPI_CS_PIN)
      | 
../Core/Inc/BNO080.h:88: note: this is the location of the previous definition
   88 | #define CHIP_DESELECT(BNO080)   LL_GPIO_SetOutputPin(BNO080_SPI_CS_PORT, BNO080_SPI_CS_PIN)
      | 
In file included from ../Core/Src/main.c:35:
../Core/Inc/LPS22HH.h:65: warning: "CHIP_SELECT" redefined
   65 | #define CHIP_SELECT(LPS22HH)            LL_GPIO_ResetOutputPin(LPS22HH_SPI_CS_PORT, LPS22HH_SPI_CS_PIN)
      | 
../Core/Inc/ICM20602.h:64: note: this is the location of the previous definition
   64 | #define CHIP_SELECT(ICM20602)           LL_GPIO_ResetOutputPin(ICM20602_SPI_CS_PORT, ICM20602_SPI_CS_PIN)
      | 
../Core/Inc/LPS22HH.h:66: warning: "CHIP_DESELECT" redefined
   66 | #define CHIP_DESELECT(LPS22HH)          LL_GPIO_SetOutputPin(LPS22HH_SPI_CS_PORT, LPS22HH_SPI_CS_PIN)
      | 
../Core/Inc/ICM20602.h:65: note: this is the location of the previous definition
   65 | #define CHIP_DESELECT(ICM20602)         LL_GPIO_SetOutputPin(ICM20602_SPI_CS_PORT, ICM20602_SPI_CS_PIN)
      | 
../Core/Inc/LPS22HH.h:79: warning: "WHO_AM_I" redefined
   79 | #define WHO_AM_I                0x0F
      | 
../Core/Inc/ICM20602.h:132: note: this is the location of the previous definition
  132 | #define WHO_AM_I        0x75 //The default value of the register is 0x12.
      | 
../Core/Inc/LPS22HH.h:98: warning: "TEMP_OUT_L" redefined
   98 | #define TEMP_OUT_L              0x2B
      | 
../Core/Inc/ICM20602.h:111: note: this is the location of the previous definition
  111 | #define TEMP_OUT_L      0x42
      | 
../Core/Inc/LPS22HH.h:99: warning: "TEMP_OUT_H" redefined
   99 | #define TEMP_OUT_H              0x2C
      | 
../Core/Inc/ICM20602.h:110: note: this is the location of the previous definition
  110 | #define TEMP_OUT_H      0x41
      | 
../Core/Src/main.c: In function '_write':
../Core/Src/main.c:46:39: warning: pointer targets in passing argument 2 of 'HAL_UART_Transmit_IT' differ in signedness [-Wpointer-sign]
   46 |         HAL_UART_Transmit_IT(&huart6, p, len);
      |                                       ^
      |                                       |
      |                                       char *
In file included from ../Core/Inc/stm32f4xx_hal_conf.h:411,
                 from ../Drivers/STM32F4xx_HAL_Driver/Inc/stm32f4xx_hal.h:29,
                 from ../Core/Inc/main.h:30,
                 from ../Core/Src/main.c:20:
../Drivers/STM32F4xx_HAL_Driver/Inc/stm32f4xx_hal_uart.h:747:82: note: expected 'const uint8_t *' {aka 'const unsigned char *'} but argument is of type 'char *'
  747 | HAL_StatusTypeDef HAL_UART_Transmit_IT(UART_HandleTypeDef *huart, const uint8_t *pData, uint16_t Size);
      |                                                                   ~~~~~~~~~~~~~~~^~~~~
../Core/Src/main.c: In function 'main':
../Core/Src/main.c:189:35: warning: passing argument 2 of 'HAL_ADC_Start_DMA' from incompatible pointer type [-Wincompatible-pointer-types]
  189 |         HAL_ADC_Start_DMA(&hadc1, &adcVal, 1); //Battery ADC
      |                                   ^~~~~~~
      |                                   |
      |                                   short unsigned int *
In file included from ../Core/Inc/stm32f4xx_hal_conf.h:295:
../Drivers/STM32F4xx_HAL_Driver/Inc/stm32f4xx_hal_adc.h:594:72: note: expected 'uint32_t *' {aka 'long unsigned int *'} but argument is of type 'short unsigned int *'
  594 | HAL_StatusTypeDef HAL_ADC_Start_DMA(ADC_HandleTypeDef *hadc, uint32_t *pData, uint32_t Length);
      |                                                              ~~~~~~~~~~^~~~~
../Core/Src/main.c:273:9: warning: implicit declaration of function 'ICM20602_Writebyte' [-Wimplicit-function-declaration]
  273 |         ICM20602_Writebyte(0x13, (gyro_x_offset * -2) >> 8);
      |         ^~~~~~~~~~~~~~~~~~
../Core/Src/main.c:142:54: warning: unused variable 'gyro_z_offset' [-Wunused-variable]
  142 |         short gyro_x_offset = 3, gyro_y_offset = 10, gyro_z_offset = -3;
      |                                                      ^~~~~~~~~~~~~
../Core/Src/main.c:138:23: warning: unused variable 'buf_write' [-Wunused-variable]
  138 |         unsigned char buf_write[16] = { 1, 2, 3, 4, 5, 6, 7, 8, 9, 10, 11, 12, 13,
      |                       ^~~~~~~~~
../Core/Src/main.c:137:23: warning: unused variable 'buf_read' [-Wunused-variable]
  137 |         unsigned char buf_read[16] = { 0 };
      |                       ^~~~~~~~
../Core/Src/main.c:136:15: warning: variable 'quatRadianAccuracy' set but not used [-Wunused-but-set-variable]
  136 |         float quatRadianAccuracy;
      |               ^~~~~~~~~~~~~~~~~~
../Core/Src/main.c: In function 'BNO080_Calibration':
../Core/Src/main.c:918:31: warning: unused variable 'quatK' [-Wunused-variable]
  918 |                         float quatK = BNO080_getQuatK();
      |                               ^~~~~
../Core/Src/main.c:917:31: warning: unused variable 'quatJ' [-Wunused-variable]
  917 |                         float quatJ = BNO080_getQuatJ();
      |                               ^~~~~
arm-none-eabi-gcc -o "Drone_9-2_SwA&Throttle_Chk.elf" @"objects.list"   -mcpu=cortex-m4 -T"C:\Users\kccistc\Desktop\Project\Drone_project\Drone_9-2_SwA&Throttle_Chk\STM32F405RGTX_FLASH.ld" --specs=nosys.specs -Wl,-Map="Drone_9-2_SwA&Throttle_Chk.map" -Wl,--gc-sections -static --specs=nano.specs -mfpu=fpv4-sp-d16 -mfloat-abi=hard -mthumb -u _printf_float -Wl,--start-group -lc -lm -Wl,--end-group
C:/ST/STM32CubeIDE_1.15.0/STM32CubeIDE/plugins/com.st.stm32cube.ide.mcu.externaltools.gnu-tools-for-stm32.12.3.rel1.win32_1.0.100.202403111256/tools/bin/../lib/gcc/arm-none-eabi/12.3.1/../../../../arm-none-eabi/bin/ld.exe: warning: Drone_9-2_SwA&Throttle_Chk.elf has a LOAD segment with RWX permissions
Finished building target: Drone_9-2_SwA&Throttle_Chk.elf
 
arm-none-eabi-size  Drone_9-2_SwA&Throttle_Chk.elf 
arm-none-eabi-objdump -h -S Drone_9-2_SwA&Throttle_Chk.elf  > "Drone_9-2_SwA&Throttle_Chk.list"
c:/st/stm32cubeide_1.15.0/stm32cubeide/plugins/com.st.stm32cube.ide.mcu.externaltools.make.win32_2.1.300.202402091052/tools/bin/sh: Throttle_Chk.elf: not found
make: *** [makefile:69: default.size.stdout] Error 127
make: *** Waiting for unfinished jobs....
c:/st/stm32cubeide_1.15.0/stm32cubeide/plugins/com.st.stm32cube.ide.mcu.externaltools.make.win32_2.1.300.202402091052/tools/bin/sh: Throttle_Chk.elf: not found
make: *** [makefile:74: Drone_9-2_SwA&Throttle_Chk.list] Error 127
"make -j16 all" terminated with exit code 2. Build might be incomplete.

21:28:31 Build Failed. 3 errors, 17 warnings. (took 694ms)

